{"/Users/zane/playground/ai-ready/src/cli/air.mjs": {"path":"/Users/zane/playground/ai-ready/src/cli/air.mjs","statementMap":{"0":{"start":{"line":1,"column":0},"end":{"line":1,"column":null}},"1":{"start":{"line":2,"column":0},"end":{"line":2,"column":null}},"2":{"start":{"line":3,"column":0},"end":{"line":3,"column":null}},"3":{"start":{"line":4,"column":0},"end":{"line":4,"column":null}},"4":{"start":{"line":5,"column":0},"end":{"line":5,"column":null}},"5":{"start":{"line":7,"column":9},"end":{"line":44,"column":1}},"6":{"start":{"line":8,"column":2},"end":{"line":11,"column":null}},"7":{"start":{"line":13,"column":2},"end":{"line":20,"column":null}},"8":{"start":{"line":22,"column":2},"end":{"line":28,"column":null}},"9":{"start":{"line":30,"column":2},"end":{"line":36,"column":null}},"10":{"start":{"line":38,"column":2},"end":{"line":41,"column":null}},"11":{"start":{"line":43,"column":2},"end":{"line":43,"column":null}}},"fnMap":{"0":{"name":"run","decl":{"start":{"line":7,"column":6},"end":{"line":7,"column":9}},"loc":{"start":{"line":7,"column":18},"end":{"line":44,"column":1}}}},"branchMap":{},"s":{"0":0,"1":0,"2":0,"3":0,"4":0,"5":0,"6":0,"7":0,"8":0,"9":0,"10":0,"11":0},"f":{"0":0},"b":{}}
,"/Users/zane/playground/ai-ready/src/lib/commands/data-lib.js": {"path":"/Users/zane/playground/ai-ready/src/lib/commands/data-lib.js","statementMap":{"0":{"start":{"line":1,"column":0},"end":{"line":1,"column":null}},"1":{"start":{"line":20,"column":19},"end":{"line":22,"column":3}},"2":{"start":{"line":21,"column":6},"end":{"line":21,"column":null}},"3":{"start":{"line":23,"column":2},"end":{"line":25,"column":null}},"4":{"start":{"line":24,"column":4},"end":{"line":24,"column":null}},"5":{"start":{"line":28,"column":20},"end":{"line":28,"column":24}},"6":{"start":{"line":29,"column":2},"end":{"line":36,"column":null}},"7":{"start":{"line":30,"column":4},"end":{"line":30,"column":null}},"8":{"start":{"line":30,"column":47},"end":{"line":30,"column":79}},"9":{"start":{"line":31,"column":4},"end":{"line":35,"column":null}},"10":{"start":{"line":32,"column":6},"end":{"line":34,"column":null}},"11":{"start":{"line":38,"column":2},"end":{"line":38,"column":null}}},"fnMap":{"0":{"name":"findProviderAndIntegration","decl":{"start":{"line":14,"column":16},"end":{"line":14,"column":42}},"loc":{"start":{"line":18,"column":2},"end":{"line":39,"column":null}}},"1":{"name":"(anonymous_1)","decl":{"start":{"line":21,"column":4},"end":{"line":21,"column":5}},"loc":{"start":{"line":21,"column":6},"end":{"line":21,"column":null}}},"2":{"name":"(anonymous_2)","decl":{"start":{"line":30,"column":45},"end":{"line":30,"column":46}},"loc":{"start":{"line":30,"column":47},"end":{"line":30,"column":79}}}},"branchMap":{"0":{"loc":{"start":{"line":23,"column":2},"end":{"line":25,"column":null}},"type":"if","locations":[{"start":{"line":23,"column":2},"end":{"line":25,"column":null}},{"start":{},"end":{}}]},"1":{"loc":{"start":{"line":29,"column":2},"end":{"line":36,"column":null}},"type":"if","locations":[{"start":{"line":29,"column":2},"end":{"line":36,"column":null}},{"start":{},"end":{}}]},"2":{"loc":{"start":{"line":31,"column":4},"end":{"line":35,"column":null}},"type":"if","locations":[{"start":{"line":31,"column":4},"end":{"line":35,"column":null}},{"start":{},"end":{}}]}},"s":{"0":3,"1":41,"2":44,"3":41,"4":4,"5":41,"6":41,"7":34,"8":70,"9":31,"10":3,"11":38},"f":{"0":41,"1":44,"2":70},"b":{"0":[4,37],"1":[34,7],"2":[3,28]}}
,"/Users/zane/playground/ai-ready/src/lib/commands/install.js": {"path":"/Users/zane/playground/ai-ready/src/lib/commands/install.js","statementMap":{"0":{"start":{"line":1,"column":0},"end":{"line":1,"column":null}},"1":{"start":{"line":2,"column":0},"end":{"line":2,"column":null}},"2":{"start":{"line":3,"column":0},"end":{"line":3,"column":null}},"3":{"start":{"line":4,"column":0},"end":{"line":4,"column":null}},"4":{"start":{"line":5,"column":0},"end":{"line":5,"column":null}},"5":{"start":{"line":12,"column":0},"end":{"line":12,"column":null}},"6":{"start":{"line":27,"column":32},"end":{"line":27,"column":33}},"7":{"start":{"line":86,"column":0},"end":{"line":84,"column":null}},"8":{"start":{"line":27,"column":60},"end":{"line":82,"column":null}},"9":{"start":{"line":28,"column":2},"end":{"line":32,"column":3}},"10":{"start":{"line":29,"column":4},"end":{"line":31,"column":null}},"11":{"start":{"line":32,"column":3},"end":{"line":32,"column":null}},"12":{"start":{"line":35,"column":4},"end":{"line":36,"column":43}},"13":{"start":{"line":38,"column":4},"end":{"line":38,"column":null}},"14":{"start":{"line":38,"column":4},"end":{"line":42,"column":null}},"15":{"start":{"line":41,"column":6},"end":{"line":41,"column":null}},"16":{"start":{"line":39,"column":10},"end":{"line":39,"column":28}},"17":{"start":{"line":39,"column":19},"end":{"line":39,"column":28}},"18":{"start":{"line":39,"column":19},"end":{"line":48,"column":null}},"19":{"start":{"line":44,"column":10},"end":{"line":44,"column":38}},"20":{"start":{"line":50,"column":4},"end":{"line":51,"column":38}},"21":{"start":{"line":58,"column":10},"end":{"line":58,"column":null}},"22":{"start":{"line":58,"column":72},"end":{"line":60,"column":null}},"23":{"start":{"line":60,"column":35},"end":{"line":60,"column":null}},"24":{"start":{"line":61,"column":6},"end":{"line":61,"column":null}},"25":{"start":{"line":61,"column":51},"end":{"line":61,"column":null}},"26":{"start":{"line":66,"column":4},"end":{"line":66,"column":null}},"27":{"start":{"line":69,"column":10},"end":{"line":76,"column":null}},"28":{"start":{"line":69,"column":50},"end":{"line":76,"column":8}},"29":{"start":{"line":76,"column":8},"end":{"line":76,"column":null}},"30":{"start":{"line":76,"column":8},"end":{"line":78,"column":null}},"31":{"start":{"line":79,"column":4},"end":{"line":79,"column":null}},"32":{"start":{"line":79,"column":42},"end":{"line":79,"column":null}},"33":{"start":{"line":82,"column":4},"end":{"line":82,"column":null}},"34":{"start":{"line":82,"column":67},"end":{"line":82,"column":null}},"35":{"start":{"line":84,"column":1},"end":{"line":84,"column":null}},"36":{"start":{"line":93,"column":25},"end":{"line":93,"column":27}},"37":{"start":{"line":96,"column":2},"end":{"line":115,"column":null}},"38":{"start":{"line":100,"column":4},"end":{"line":100,"column":null}},"39":{"start":{"line":103,"column":4},"end":{"line":108,"column":null}},"40":{"start":{"line":107,"column":6},"end":{"line":107,"column":null}},"41":{"start":{"line":109,"column":4},"end":{"line":114,"column":null}},"42":{"start":{"line":113,"column":6},"end":{"line":113,"column":null}},"43":{"start":{"line":118,"column":2},"end":{"line":120,"column":null}},"44":{"start":{"line":119,"column":9},"end":{"line":119,"column":null}},"45":{"start":{"line":132,"column":26},"end":{"line":132,"column":null}},"46":{"start":{"line":153,"column":0},"end":{"line":151,"column":null}},"47":{"start":{"line":137,"column":13},"end":{"line":149,"column":null}},"48":{"start":{"line":137,"column":13},"end":{"line":139,"column":null}},"49":{"start":{"line":139,"column":45},"end":{"line":139,"column":null}},"50":{"start":{"line":139,"column":45},"end":{"line":140,"column":null}},"51":{"start":{"line":141,"column":4},"end":{"line":141,"column":null}},"52":{"start":{"line":141,"column":43},"end":{"line":141,"column":null}},"53":{"start":{"line":141,"column":43},"end":{"line":143,"column":null}},"54":{"start":{"line":143,"column":45},"end":{"line":143,"column":null}},"55":{"start":{"line":143,"column":45},"end":{"line":148,"column":null}},"56":{"start":{"line":149,"column":4},"end":{"line":149,"column":null}},"57":{"start":{"line":149,"column":50},"end":{"line":149,"column":null}},"58":{"start":{"line":151,"column":1},"end":{"line":151,"column":null}},"59":{"start":{"line":159,"column":33},"end":{"line":159,"column":34}},"60":{"start":{"line":175,"column":0},"end":{"line":173,"column":null}},"61":{"start":{"line":159,"column":62},"end":{"line":172,"column":null}},"62":{"start":{"line":160,"column":8},"end":{"line":160,"column":null}},"63":{"start":{"line":163,"column":8},"end":{"line":166,"column":null}},"64":{"start":{"line":169,"column":8},"end":{"line":169,"column":null}},"65":{"start":{"line":171,"column":2},"end":{"line":171,"column":null}},"66":{"start":{"line":171,"column":2},"end":{"line":172,"column":null}},"67":{"start":{"line":172,"column":79},"end":{"line":172,"column":null}},"68":{"start":{"line":173,"column":1},"end":{"line":173,"column":null}},"69":{"start":{"line":182,"column":40},"end":{"line":182,"column":null}},"70":{"start":{"line":182,"column":40},"end":{"line":212,"column":null}},"71":{"start":{"line":185,"column":9},"end":{"line":210,"column":null}},"72":{"start":{"line":188,"column":8},"end":{"line":188,"column":null}},"73":{"start":{"line":190,"column":2},"end":{"line":190,"column":null}},"74":{"start":{"line":190,"column":2},"end":{"line":191,"column":null}},"75":{"start":{"line":191,"column":33},"end":{"line":191,"column":null}},"76":{"start":{"line":191,"column":33},"end":{"line":196,"column":null}},"77":{"start":{"line":194,"column":8},"end":{"line":194,"column":24}},"78":{"start":{"line":199,"column":8},"end":{"line":201,"column":null}},"79":{"start":{"line":200,"column":6},"end":{"line":200,"column":null}},"80":{"start":{"line":201,"column":3},"end":{"line":203,"column":null}},"81":{"start":{"line":203,"column":13},"end":{"line":203,"column":null}},"82":{"start":{"line":204,"column":4},"end":{"line":208,"column":null}},"83":{"start":{"line":208,"column":6},"end":{"line":208,"column":null}},"84":{"start":{"line":208,"column":6},"end":{"line":210,"column":null}},"85":{"start":{"line":210,"column":52},"end":{"line":210,"column":null}},"86":{"start":{"line":212,"column":1},"end":{"line":212,"column":null}}},"fnMap":{"0":{"name":"cmdInstall","decl":{"start":{"line":27,"column":22},"end":{"line":27,"column":32}},"loc":{"start":{"line":27,"column":32},"end":{"line":27,"column":33}}},"1":{"name":"_cmdInstall","decl":{"start":{"line":86,"column":0},"end":{"line":86,"column":null}},"loc":{"start":{"line":86,"column":0},"end":{"line":84,"column":null}}},"2":{"name":"_callee","decl":{"start":{"line":27,"column":7},"end":{"line":27,"column":22}},"loc":{"start":{"line":27,"column":60},"end":{"line":82,"column":null}}},"3":{"name":"(anonymous_3)","decl":{"start":{"line":27,"column":60},"end":{"line":27,"column":null}},"loc":{"start":{"line":27,"column":60},"end":{"line":82,"column":null}}},"4":{"name":"(anonymous_4)","decl":{"start":{"line":41,"column":6},"end":{"line":41,"column":12}},"loc":{"start":{"line":41,"column":6},"end":{"line":41,"column":null}}},"5":{"name":"(anonymous_5)","decl":{"start":{"line":69,"column":45},"end":{"line":69,"column":46}},"loc":{"start":{"line":69,"column":50},"end":{"line":76,"column":8}}},"6":{"name":"determineTypesToInstall","decl":{"start":{"line":92,"column":9},"end":{"line":92,"column":32}},"loc":{"start":{"line":92,"column":55},"end":{"line":121,"column":null}}},"7":{"name":"(anonymous_7)","decl":{"start":{"line":119,"column":4},"end":{"line":119,"column":5}},"loc":{"start":{"line":119,"column":9},"end":{"line":119,"column":null}}},"8":{"name":"installType","decl":{"start":{"line":132,"column":15},"end":{"line":132,"column":26}},"loc":{"start":{"line":132,"column":26},"end":{"line":132,"column":null}}},"9":{"name":"_installType","decl":{"start":{"line":153,"column":0},"end":{"line":153,"column":null}},"loc":{"start":{"line":153,"column":0},"end":{"line":151,"column":null}}},"10":{"name":"_callee2","decl":{"start":{"line":132,"column":0},"end":{"line":132,"column":15}},"loc":{"start":{"line":137,"column":13},"end":{"line":149,"column":null}}},"11":{"name":"(anonymous_11)","decl":{"start":{"line":137,"column":13},"end":{"line":137,"column":null}},"loc":{"start":{"line":137,"column":13},"end":{"line":149,"column":null}}},"12":{"name":"installClaudeSkill","decl":{"start":{"line":159,"column":15},"end":{"line":159,"column":33}},"loc":{"start":{"line":159,"column":33},"end":{"line":159,"column":34}}},"13":{"name":"_installClaudeSkill","decl":{"start":{"line":175,"column":0},"end":{"line":175,"column":null}},"loc":{"start":{"line":175,"column":0},"end":{"line":173,"column":null}}},"14":{"name":"_callee3","decl":{"start":{"line":159,"column":0},"end":{"line":159,"column":15}},"loc":{"start":{"line":159,"column":62},"end":{"line":172,"column":null}}},"15":{"name":"(anonymous_15)","decl":{"start":{"line":159,"column":62},"end":{"line":159,"column":null}},"loc":{"start":{"line":159,"column":62},"end":{"line":172,"column":null}}},"16":{"name":"installGenericIntegration","decl":{"start":{"line":182,"column":15},"end":{"line":182,"column":40}},"loc":{"start":{"line":182,"column":40},"end":{"line":182,"column":null}}},"17":{"name":"_installGenericIntegration","decl":{"start":{"line":182,"column":40},"end":{"line":182,"column":null}},"loc":{"start":{"line":182,"column":40},"end":{"line":212,"column":null}}},"18":{"name":"_callee4","decl":{"start":{"line":182,"column":0},"end":{"line":182,"column":15}},"loc":{"start":{"line":185,"column":9},"end":{"line":210,"column":null}}},"19":{"name":"(anonymous_19)","decl":{"start":{"line":185,"column":9},"end":{"line":185,"column":null}},"loc":{"start":{"line":185,"column":9},"end":{"line":210,"column":null}}},"20":{"name":"(anonymous_20)","decl":{"start":{"line":200,"column":4},"end":{"line":200,"column":5}},"loc":{"start":{"line":200,"column":6},"end":{"line":200,"column":null}}}},"branchMap":{"0":{"loc":{"start":{"line":27,"column":60},"end":{"line":82,"column":null}},"type":"switch","locations":[{"start":{"line":27,"column":60},"end":{"line":42,"column":null}},{"start":{"line":42,"column":5},"end":{"line":48,"column":null}},{"start":{"line":48,"column":5},"end":{"line":61,"column":null}},{"start":{"line":61,"column":51},"end":{"line":78,"column":null}},{"start":{"line":78,"column":36},"end":{"line":79,"column":null}},{"start":{"line":79,"column":42},"end":{"line":82,"column":null}},{"start":{"line":82,"column":67},"end":{"line":82,"column":null}},{"start":{"line":82,"column":67},"end":{"line":82,"column":null}}]},"1":{"loc":{"start":{"line":28,"column":2},"end":{"line":32,"column":3}},"type":"if","locations":[{"start":{"line":28,"column":2},"end":{"line":32,"column":3}},{"start":{},"end":{}}]},"2":{"loc":{"start":{"line":28,"column":6},"end":{"line":28,"column":62}},"type":"binary-expr","locations":[{"start":{"line":28,"column":6},"end":{"line":28,"column":25}},{"start":{"line":28,"column":29},"end":{"line":28,"column":62}}]},"3":{"loc":{"start":{"line":58,"column":72},"end":{"line":60,"column":null}},"type":"if","locations":[{"start":{"line":58,"column":72},"end":{"line":60,"column":null}},{"start":{},"end":{}}]},"4":{"loc":{"start":{"line":96,"column":2},"end":{"line":115,"column":null}},"type":"if","locations":[{"start":{"line":96,"column":2},"end":{"line":115,"column":null}},{"start":{"line":102,"column":7},"end":{"line":115,"column":null}}]},"5":{"loc":{"start":{"line":97,"column":5},"end":{"line":98,"column":41}},"type":"binary-expr","locations":[{"start":{"line":97,"column":5},"end":{"line":97,"column":19}},{"start":{"line":97,"column":23},"end":{"line":97,"column":39}},{"start":{"line":98,"column":8},"end":{"line":98,"column":21}},{"start":{"line":98,"column":25},"end":{"line":98,"column":41}}]},"6":{"loc":{"start":{"line":103,"column":4},"end":{"line":108,"column":null}},"type":"if","locations":[{"start":{"line":103,"column":4},"end":{"line":108,"column":null}},{"start":{},"end":{}}]},"7":{"loc":{"start":{"line":104,"column":6},"end":{"line":105,"column":67}},"type":"binary-expr","locations":[{"start":{"line":104,"column":6},"end":{"line":104,"column":19}},{"start":{"line":105,"column":9},"end":{"line":105,"column":67}}]},"8":{"loc":{"start":{"line":109,"column":4},"end":{"line":114,"column":null}},"type":"if","locations":[{"start":{"line":109,"column":4},"end":{"line":114,"column":null}},{"start":{},"end":{}}]},"9":{"loc":{"start":{"line":110,"column":6},"end":{"line":111,"column":62}},"type":"binary-expr","locations":[{"start":{"line":110,"column":6},"end":{"line":110,"column":21}},{"start":{"line":111,"column":9},"end":{"line":111,"column":62}}]},"10":{"loc":{"start":{"line":137,"column":13},"end":{"line":149,"column":null}},"type":"switch","locations":[{"start":{"line":137,"column":13},"end":{"line":140,"column":null}},{"start":{"line":140,"column":58},"end":{"line":141,"column":null}},{"start":{"line":141,"column":43},"end":{"line":148,"column":null}},{"start":{"line":148,"column":5},"end":{"line":149,"column":null}},{"start":{"line":149,"column":50},"end":{"line":149,"column":null}},{"start":{"line":149,"column":50},"end":{"line":149,"column":null}}]},"11":{"loc":{"start":{"line":137,"column":13},"end":{"line":139,"column":null}},"type":"if","locations":[{"start":{"line":137,"column":13},"end":{"line":139,"column":null}},{"start":{},"end":{}}]},"12":{"loc":{"start":{"line":141,"column":43},"end":{"line":143,"column":null}},"type":"if","locations":[{"start":{"line":141,"column":43},"end":{"line":143,"column":null}},{"start":{},"end":{}}]},"13":{"loc":{"start":{"line":159,"column":62},"end":{"line":172,"column":null}},"type":"switch","locations":[{"start":{"line":159,"column":62},"end":{"line":172,"column":null}},{"start":{"line":172,"column":79},"end":{"line":172,"column":null}},{"start":{"line":172,"column":79},"end":{"line":172,"column":null}}]},"14":{"loc":{"start":{"line":185,"column":9},"end":{"line":210,"column":null}},"type":"switch","locations":[{"start":{"line":185,"column":9},"end":{"line":191,"column":null}},{"start":{"line":191,"column":33},"end":{"line":196,"column":null}},{"start":{"line":196,"column":3},"end":{"line":210,"column":null}},{"start":{"line":210,"column":52},"end":{"line":210,"column":null}},{"start":{"line":210,"column":52},"end":{"line":210,"column":null}}]},"15":{"loc":{"start":{"line":200,"column":11},"end":{"line":200,"column":73}},"type":"binary-expr","locations":[{"start":{"line":200,"column":11},"end":{"line":200,"column":36}},{"start":{"line":200,"column":40},"end":{"line":200,"column":73}}]},"16":{"loc":{"start":{"line":201,"column":3},"end":{"line":203,"column":null}},"type":"if","locations":[{"start":{"line":201,"column":3},"end":{"line":203,"column":null}},{"start":{},"end":{}}]}},"s":{"0":1,"1":1,"2":1,"3":1,"4":1,"5":1,"6":17,"7":1,"8":156,"9":17,"10":2,"11":17,"12":17,"13":16,"14":16,"15":0,"16":15,"17":15,"18":15,"19":15,"20":15,"21":14,"22":12,"23":18,"24":3,"25":3,"26":9,"27":9,"28":12,"29":9,"30":9,"31":8,"32":28,"33":6,"34":14,"35":1,"36":14,"37":14,"38":10,"39":4,"40":1,"41":4,"42":1,"43":12,"44":13,"45":12,"46":1,"47":69,"48":12,"49":17,"50":7,"51":6,"52":12,"53":5,"54":5,"55":5,"56":5,"57":11,"58":1,"59":7,"60":1,"61":33,"62":7,"63":7,"64":7,"65":7,"66":7,"67":6,"68":1,"69":5,"70":1,"71":45,"72":5,"73":5,"74":5,"75":5,"76":5,"77":5,"78":5,"79":0,"80":5,"81":0,"82":5,"83":5,"84":5,"85":5,"86":1},"f":{"0":17,"1":1,"2":17,"3":61,"4":0,"5":12,"6":14,"7":13,"8":12,"9":1,"10":12,"11":23,"12":7,"13":1,"14":7,"15":13,"16":5,"17":1,"18":5,"19":20,"20":0},"b":{"0":[17,15,15,9,8,6,14,14],"1":[2,15],"2":[17,16],"3":[9,3],"4":[10,4],"5":[14,11,5,3],"6":[1,3],"7":[4,2],"8":[1,3],"9":[4,2],"10":[12,6,5,5,11,11],"11":[5,7],"12":[0,5],"13":[7,6,6],"14":[5,5,5,5,5],"15":[0,0],"16":[0,5]}}
,"/Users/zane/playground/ai-ready/src/lib/commands/list.js": {"path":"/Users/zane/playground/ai-ready/src/lib/commands/list.js","statementMap":{"0":{"start":{"line":1,"column":0},"end":{"line":1,"column":null}},"1":{"start":{"line":2,"column":0},"end":{"line":2,"column":null}},"2":{"start":{"line":3,"column":0},"end":{"line":3,"column":null}},"3":{"start":{"line":4,"column":0},"end":{"line":4,"column":46}},"4":{"start":{"line":4,"column":46},"end":{"line":4,"column":null}},"5":{"start":{"line":16,"column":29},"end":{"line":16,"column":30}},"6":{"start":{"line":76,"column":0},"end":{"line":74,"column":null}},"7":{"start":{"line":16,"column":37},"end":{"line":72,"column":null}},"8":{"start":{"line":16,"column":37},"end":{"line":16,"column":null}},"9":{"start":{"line":16,"column":37},"end":{"line":22,"column":null}},"10":{"start":{"line":21,"column":6},"end":{"line":21,"column":null}},"11":{"start":{"line":19,"column":10},"end":{"line":19,"column":28}},"12":{"start":{"line":19,"column":19},"end":{"line":19,"column":28}},"13":{"start":{"line":19,"column":19},"end":{"line":29,"column":null}},"14":{"start":{"line":25,"column":10},"end":{"line":25,"column":38}},"15":{"start":{"line":32,"column":8},"end":{"line":32,"column":null}},"16":{"start":{"line":34,"column":4},"end":{"line":36,"column":null}},"17":{"start":{"line":35,"column":6},"end":{"line":35,"column":null}},"18":{"start":{"line":35,"column":35},"end":{"line":35,"column":74}},"19":{"start":{"line":39,"column":10},"end":{"line":39,"column":null}},"20":{"start":{"line":39,"column":22},"end":{"line":40,"column":null}},"21":{"start":{"line":40,"column":35},"end":{"line":40,"column":null}},"22":{"start":{"line":40,"column":15},"end":{"line":40,"column":27}},"23":{"start":{"line":40,"column":23},"end":{"line":41,"column":null}},"24":{"start":{"line":41,"column":53},"end":{"line":41,"column":null}},"25":{"start":{"line":41,"column":17},"end":{"line":41,"column":32}},"26":{"start":{"line":42,"column":14},"end":{"line":42,"column":null}},"27":{"start":{"line":43,"column":14},"end":{"line":45,"column":null}},"28":{"start":{"line":47,"column":8},"end":{"line":48,"column":null}},"29":{"start":{"line":48,"column":45},"end":{"line":48,"column":null}},"30":{"start":{"line":48,"column":45},"end":{"line":49,"column":null}},"31":{"start":{"line":49,"column":69},"end":{"line":49,"column":null}},"32":{"start":{"line":51,"column":8},"end":{"line":57,"column":null}},"33":{"start":{"line":57,"column":10},"end":{"line":57,"column":null}},"34":{"start":{"line":57,"column":10},"end":{"line":62,"column":null}},"35":{"start":{"line":62,"column":28},"end":{"line":62,"column":null}},"36":{"start":{"line":63,"column":6},"end":{"line":63,"column":null}},"37":{"start":{"line":63,"column":43},"end":{"line":63,"column":null}},"38":{"start":{"line":68,"column":4},"end":{"line":68,"column":null}},"39":{"start":{"line":68,"column":25},"end":{"line":68,"column":null}},"40":{"start":{"line":71,"column":4},"end":{"line":71,"column":null}},"41":{"start":{"line":72,"column":4},"end":{"line":72,"column":null}},"42":{"start":{"line":72,"column":19},"end":{"line":72,"column":null}},"43":{"start":{"line":74,"column":1},"end":{"line":74,"column":null}},"44":{"start":{"line":82,"column":17},"end":{"line":91,"column":3}},"45":{"start":{"line":83,"column":50},"end":{"line":83,"column":72}},"46":{"start":{"line":84,"column":51},"end":{"line":84,"column":77}},"47":{"start":{"line":85,"column":50},"end":{"line":85,"column":83}},"48":{"start":{"line":88,"column":23},"end":{"line":88,"column":65}},"49":{"start":{"line":90,"column":43},"end":{"line":90,"column":65}},"50":{"start":{"line":94,"column":2},"end":{"line":104,"column":null}},"51":{"start":{"line":106,"column":2},"end":{"line":107,"column":32}},"52":{"start":{"line":107,"column":30},"end":{"line":119,"column":null}},"53":{"start":{"line":107,"column":2},"end":{"line":119,"column":3}},"54":{"start":{"line":107,"column":19},"end":{"line":107,"column":23}},"55":{"start":{"line":108,"column":4},"end":{"line":118,"column":null}},"56":{"start":{"line":119,"column":3},"end":{"line":119,"column":null}},"57":{"start":{"line":129,"column":2},"end":{"line":129,"column":null}},"58":{"start":{"line":138,"column":2},"end":{"line":138,"column":null}},"59":{"start":{"line":138,"column":26},"end":{"line":138,"column":null}},"60":{"start":{"line":140,"column":2},"end":{"line":140,"column":null}}},"fnMap":{"0":{"name":"_createForOfIteratorHelper","decl":{"start":{"line":4,"column":46},"end":{"line":4,"column":null}},"loc":{"start":{"line":4,"column":46},"end":{"line":4,"column":null}}},"1":{"name":"cmdList","decl":{"start":{"line":16,"column":22},"end":{"line":16,"column":29}},"loc":{"start":{"line":16,"column":29},"end":{"line":16,"column":30}}},"2":{"name":"_cmdList","decl":{"start":{"line":76,"column":0},"end":{"line":76,"column":null}},"loc":{"start":{"line":76,"column":0},"end":{"line":74,"column":null}}},"3":{"name":"_callee","decl":{"start":{"line":16,"column":7},"end":{"line":16,"column":22}},"loc":{"start":{"line":16,"column":37},"end":{"line":72,"column":null}}},"4":{"name":"(anonymous_13)","decl":{"start":{"line":16,"column":37},"end":{"line":16,"column":null}},"loc":{"start":{"line":16,"column":37},"end":{"line":72,"column":null}}},"5":{"name":"(anonymous_14)","decl":{"start":{"line":21,"column":6},"end":{"line":21,"column":12}},"loc":{"start":{"line":21,"column":6},"end":{"line":21,"column":null}}},"6":{"name":"(anonymous_15)","decl":{"start":{"line":35,"column":33},"end":{"line":35,"column":34}},"loc":{"start":{"line":35,"column":35},"end":{"line":35,"column":74}}},"7":{"name":"displayTable","decl":{"start":{"line":80,"column":9},"end":{"line":80,"column":21}},"loc":{"start":{"line":80,"column":31},"end":{"line":120,"column":null}}},"8":{"name":"(anonymous_17)","decl":{"start":{"line":83,"column":48},"end":{"line":83,"column":49}},"loc":{"start":{"line":83,"column":50},"end":{"line":83,"column":72}}},"9":{"name":"(anonymous_18)","decl":{"start":{"line":84,"column":49},"end":{"line":84,"column":50}},"loc":{"start":{"line":84,"column":51},"end":{"line":84,"column":77}}},"10":{"name":"(anonymous_19)","decl":{"start":{"line":85,"column":48},"end":{"line":85,"column":49}},"loc":{"start":{"line":85,"column":50},"end":{"line":85,"column":83}}},"11":{"name":"(anonymous_20)","decl":{"start":{"line":88,"column":21},"end":{"line":88,"column":22}},"loc":{"start":{"line":88,"column":23},"end":{"line":88,"column":65}}},"12":{"name":"(anonymous_21)","decl":{"start":{"line":90,"column":41},"end":{"line":90,"column":42}},"loc":{"start":{"line":90,"column":43},"end":{"line":90,"column":65}}},"13":{"name":"pad","decl":{"start":{"line":128,"column":9},"end":{"line":128,"column":12}},"loc":{"start":{"line":128,"column":25},"end":{"line":130,"column":null}}},"14":{"name":"formatTypes","decl":{"start":{"line":137,"column":9},"end":{"line":137,"column":20}},"loc":{"start":{"line":137,"column":28},"end":{"line":141,"column":null}}}},"branchMap":{"0":{"loc":{"start":{"line":4,"column":46},"end":{"line":4,"column":null}},"type":"binary-expr","locations":[{"start":{"line":4,"column":46},"end":{"line":4,"column":null}},{"start":{"line":4,"column":46},"end":{"line":4,"column":null}},{"start":{"line":4,"column":46},"end":{"line":4,"column":null}}]},"1":{"loc":{"start":{"line":4,"column":46},"end":{"line":4,"column":null}},"type":"if","locations":[{"start":{"line":4,"column":46},"end":{"line":4,"column":null}},{"start":{},"end":{}}]},"2":{"loc":{"start":{"line":4,"column":46},"end":{"line":4,"column":null}},"type":"binary-expr","locations":[{"start":{"line":4,"column":46},"end":{"line":4,"column":null}},{"start":{"line":4,"column":46},"end":{"line":4,"column":null}},{"start":{"line":4,"column":46},"end":{"line":4,"column":null}},{"start":{"line":4,"column":46},"end":{"line":4,"column":null}},{"start":{"line":4,"column":46},"end":{"line":4,"column":null}}]},"3":{"loc":{"start":{"line":4,"column":46},"end":{"line":4,"column":null}},"type":"binary-expr","locations":[{"start":{"line":4,"column":46},"end":{"line":4,"column":null}},{"start":{"line":4,"column":46},"end":{"line":4,"column":null}}]},"4":{"loc":{"start":{"line":16,"column":37},"end":{"line":72,"column":null}},"type":"switch","locations":[{"start":{"line":16,"column":37},"end":{"line":22,"column":null}},{"start":{"line":22,"column":5},"end":{"line":29,"column":null}},{"start":{"line":29,"column":5},"end":{"line":40,"column":null}},{"start":{"line":40,"column":35},"end":{"line":41,"column":null}},{"start":{"line":41,"column":53},"end":{"line":48,"column":null}},{"start":{"line":48,"column":45},"end":{"line":49,"column":null}},{"start":{"line":49,"column":69},"end":{"line":57,"column":null}},{"start":{"line":57,"column":10},"end":{"line":57,"column":null}},{"start":{"line":57,"column":10},"end":{"line":57,"column":null}},{"start":{"line":57,"column":10},"end":{"line":57,"column":null}},{"start":{"line":57,"column":10},"end":{"line":57,"column":null}},{"start":{"line":57,"column":10},"end":{"line":57,"column":null}},{"start":{"line":57,"column":10},"end":{"line":57,"column":null}},{"start":{"line":57,"column":10},"end":{"line":57,"column":null}},{"start":{"line":57,"column":10},"end":{"line":57,"column":null}},{"start":{"line":57,"column":10},"end":{"line":63,"column":null}},{"start":{"line":63,"column":43},"end":{"line":68,"column":null}},{"start":{"line":68,"column":25},"end":{"line":72,"column":null}},{"start":{"line":72,"column":19},"end":{"line":72,"column":null}},{"start":{"line":72,"column":19},"end":{"line":72,"column":null}}]},"5":{"loc":{"start":{"line":34,"column":4},"end":{"line":36,"column":null}},"type":"if","locations":[{"start":{"line":34,"column":4},"end":{"line":36,"column":null}},{"start":{},"end":{}}]},"6":{"loc":{"start":{"line":40,"column":35},"end":{"line":40,"column":null}},"type":"if","locations":[{"start":{"line":40,"column":35},"end":{"line":40,"column":null}},{"start":{},"end":{}}]},"7":{"loc":{"start":{"line":41,"column":53},"end":{"line":41,"column":null}},"type":"if","locations":[{"start":{"line":41,"column":53},"end":{"line":41,"column":null}},{"start":{},"end":{}}]},"8":{"loc":{"start":{"line":44,"column":10},"end":{"line":45,"column":73}},"type":"binary-expr","locations":[{"start":{"line":44,"column":10},"end":{"line":44,"column":47}},{"start":{"line":45,"column":13},"end":{"line":45,"column":73}}]},"9":{"loc":{"start":{"line":47,"column":8},"end":{"line":48,"column":null}},"type":"if","locations":[{"start":{"line":47,"column":8},"end":{"line":48,"column":null}},{"start":{},"end":{}}]},"10":{"loc":{"start":{"line":48,"column":12},"end":{"line":48,"column":45}},"type":"binary-expr","locations":[{"start":{"line":48,"column":12},"end":{"line":48,"column":29}},{"start":{"line":48,"column":33},"end":{"line":48,"column":45}}]},"11":{"loc":{"start":{"line":48,"column":45},"end":{"line":49,"column":null}},"type":"if","locations":[{"start":{"line":48,"column":45},"end":{"line":49,"column":null}},{"start":{},"end":{}}]},"12":{"loc":{"start":{"line":49,"column":12},"end":{"line":49,"column":69}},"type":"binary-expr","locations":[{"start":{"line":49,"column":12},"end":{"line":49,"column":29}},{"start":{"line":49,"column":33},"end":{"line":49,"column":44}},{"start":{"line":49,"column":48},"end":{"line":49,"column":69}}]},"13":{"loc":{"start":{"line":57,"column":10},"end":{"line":62,"column":null}},"type":"if","locations":[{"start":{"line":57,"column":10},"end":{"line":62,"column":null}},{"start":{},"end":{}}]},"14":{"loc":{"start":{"line":138,"column":2},"end":{"line":138,"column":null}},"type":"if","locations":[{"start":{"line":138,"column":2},"end":{"line":138,"column":null}},{"start":{},"end":{}}]}},"s":{"0":1,"1":1,"2":1,"3":1,"4":275,"5":10,"6":1,"7":174,"8":20,"9":10,"10":0,"11":9,"12":9,"13":9,"14":9,"15":9,"16":9,"17":1,"18":2,"19":9,"20":9,"21":51,"22":6,"23":6,"24":39,"25":9,"26":9,"27":9,"28":9,"29":17,"30":8,"31":15,"32":7,"33":105,"34":9,"35":12,"36":3,"37":3,"38":6,"39":14,"40":1,"41":1,"42":7,"43":1,"44":6,"45":7,"46":7,"47":7,"48":7,"49":7,"50":6,"51":6,"52":6,"53":6,"54":7,"55":7,"56":6,"57":52,"58":28,"59":8,"60":20},"f":{"0":106,"1":10,"2":1,"3":10,"4":46,"5":0,"6":2,"7":6,"8":7,"9":7,"10":7,"11":7,"12":7,"13":52,"14":28},"b":{"0":[42,21,0],"1":[0,42],"2":[0,0,0,0,0],"3":[0,0],"4":[10,9,9,15,15,8,7,9,6,0,6,6,9,0,9,9,6,1,7,7],"5":[1,8],"6":[9,6],"7":[6,9],"8":[9,4],"9":[8,1],"10":[9,2],"11":[7,1],"12":[8,3,2],"13":[6,3],"14":[8,20]}}
,"/Users/zane/playground/ai-ready/src/lib/commands/log-lib.js": {"path":"/Users/zane/playground/ai-ready/src/lib/commands/log-lib.js","statementMap":{"0":{"start":{"line":1,"column":19},"end":{"line":4,"column":1}},"1":{"start":{"line":2,"column":2},"end":{"line":2,"column":25}},"2":{"start":{"line":3,"column":2},"end":{"line":3,"column":18}}},"fnMap":{"0":{"name":"logErrAndExit","decl":{"start":{"line":1,"column":6},"end":{"line":1,"column":19}},"loc":{"start":{"line":1,"column":35},"end":{"line":4,"column":1}}}},"branchMap":{},"s":{"0":3,"1":21,"2":21},"f":{"0":21},"b":{}}
,"/Users/zane/playground/ai-ready/src/lib/commands/remove.js": {"path":"/Users/zane/playground/ai-ready/src/lib/commands/remove.js","statementMap":{"0":{"start":{"line":1,"column":0},"end":{"line":1,"column":null}},"1":{"start":{"line":2,"column":0},"end":{"line":2,"column":null}},"2":{"start":{"line":3,"column":0},"end":{"line":3,"column":null}},"3":{"start":{"line":4,"column":0},"end":{"line":4,"column":null}},"4":{"start":{"line":5,"column":0},"end":{"line":5,"column":null}},"5":{"start":{"line":12,"column":0},"end":{"line":12,"column":null}},"6":{"start":{"line":24,"column":31},"end":{"line":24,"column":32}},"7":{"start":{"line":78,"column":0},"end":{"line":76,"column":null}},"8":{"start":{"line":24,"column":59},"end":{"line":74,"column":null}},"9":{"start":{"line":25,"column":2},"end":{"line":30,"column":3}},"10":{"start":{"line":26,"column":4},"end":{"line":28,"column":null}},"11":{"start":{"line":29,"column":4},"end":{"line":29,"column":null}},"12":{"start":{"line":30,"column":3},"end":{"line":30,"column":null}},"13":{"start":{"line":33,"column":4},"end":{"line":34,"column":43}},"14":{"start":{"line":36,"column":4},"end":{"line":36,"column":null}},"15":{"start":{"line":36,"column":4},"end":{"line":40,"column":null}},"16":{"start":{"line":39,"column":6},"end":{"line":39,"column":null}},"17":{"start":{"line":37,"column":10},"end":{"line":37,"column":28}},"18":{"start":{"line":37,"column":19},"end":{"line":37,"column":28}},"19":{"start":{"line":37,"column":19},"end":{"line":46,"column":null}},"20":{"start":{"line":42,"column":10},"end":{"line":42,"column":38}},"21":{"start":{"line":48,"column":4},"end":{"line":49,"column":28}},"22":{"start":{"line":56,"column":10},"end":{"line":56,"column":null}},"23":{"start":{"line":56,"column":70},"end":{"line":57,"column":null}},"24":{"start":{"line":57,"column":34},"end":{"line":57,"column":null}},"25":{"start":{"line":58,"column":6},"end":{"line":58,"column":null}},"26":{"start":{"line":58,"column":50},"end":{"line":58,"column":null}},"27":{"start":{"line":63,"column":4},"end":{"line":63,"column":null}},"28":{"start":{"line":65,"column":4},"end":{"line":65,"column":null}},"29":{"start":{"line":65,"column":4},"end":{"line":69,"column":null}},"30":{"start":{"line":67,"column":29},"end":{"line":68,"column":null}},"31":{"start":{"line":71,"column":4},"end":{"line":71,"column":null}},"32":{"start":{"line":71,"column":37},"end":{"line":71,"column":null}},"33":{"start":{"line":74,"column":4},"end":{"line":74,"column":null}},"34":{"start":{"line":74,"column":65},"end":{"line":74,"column":null}},"35":{"start":{"line":76,"column":1},"end":{"line":76,"column":null}},"36":{"start":{"line":86,"column":2},"end":{"line":91,"column":null}},"37":{"start":{"line":90,"column":4},"end":{"line":90,"column":null}},"38":{"start":{"line":93,"column":24},"end":{"line":93,"column":26}},"39":{"start":{"line":94,"column":2},"end":{"line":99,"column":null}},"40":{"start":{"line":98,"column":4},"end":{"line":98,"column":null}},"41":{"start":{"line":100,"column":2},"end":{"line":105,"column":null}},"42":{"start":{"line":104,"column":4},"end":{"line":104,"column":null}},"43":{"start":{"line":107,"column":2},"end":{"line":107,"column":null}},"44":{"start":{"line":117,"column":25},"end":{"line":117,"column":26}},"45":{"start":{"line":128,"column":0},"end":{"line":126,"column":null}},"46":{"start":{"line":117,"column":60},"end":{"line":124,"column":null}},"47":{"start":{"line":117,"column":60},"end":{"line":118,"column":null}},"48":{"start":{"line":118,"column":45},"end":{"line":118,"column":null}},"49":{"start":{"line":118,"column":45},"end":{"line":119,"column":null}},"50":{"start":{"line":120,"column":4},"end":{"line":120,"column":null}},"51":{"start":{"line":120,"column":41},"end":{"line":120,"column":null}},"52":{"start":{"line":120,"column":41},"end":{"line":122,"column":null}},"53":{"start":{"line":122,"column":45},"end":{"line":122,"column":null}},"54":{"start":{"line":122,"column":45},"end":{"line":123,"column":null}},"55":{"start":{"line":124,"column":4},"end":{"line":124,"column":null}},"56":{"start":{"line":124,"column":48},"end":{"line":124,"column":null}},"57":{"start":{"line":126,"column":1},"end":{"line":126,"column":null}},"58":{"start":{"line":134,"column":32},"end":{"line":134,"column":33}},"59":{"start":{"line":141,"column":0},"end":{"line":139,"column":null}},"60":{"start":{"line":134,"column":61},"end":{"line":138,"column":null}},"61":{"start":{"line":135,"column":8},"end":{"line":135,"column":null}},"62":{"start":{"line":137,"column":2},"end":{"line":137,"column":null}},"63":{"start":{"line":137,"column":2},"end":{"line":138,"column":null}},"64":{"start":{"line":138,"column":66},"end":{"line":138,"column":null}},"65":{"start":{"line":139,"column":1},"end":{"line":139,"column":null}},"66":{"start":{"line":147,"column":39},"end":{"line":147,"column":40}},"67":{"start":{"line":147,"column":39},"end":{"line":165,"column":null}},"68":{"start":{"line":147,"column":68},"end":{"line":164,"column":null}},"69":{"start":{"line":149,"column":8},"end":{"line":149,"column":null}},"70":{"start":{"line":151,"column":2},"end":{"line":151,"column":null}},"71":{"start":{"line":151,"column":2},"end":{"line":152,"column":null}},"72":{"start":{"line":152,"column":33},"end":{"line":152,"column":null}},"73":{"start":{"line":152,"column":33},"end":{"line":157,"column":null}},"74":{"start":{"line":155,"column":8},"end":{"line":155,"column":27}},"75":{"start":{"line":160,"column":8},"end":{"line":162,"column":null}},"76":{"start":{"line":161,"column":6},"end":{"line":161,"column":null}},"77":{"start":{"line":162,"column":3},"end":{"line":162,"column":null}},"78":{"start":{"line":162,"column":3},"end":{"line":164,"column":null}},"79":{"start":{"line":164,"column":51},"end":{"line":164,"column":null}},"80":{"start":{"line":165,"column":1},"end":{"line":165,"column":null}}},"fnMap":{"0":{"name":"cmdRemove","decl":{"start":{"line":24,"column":22},"end":{"line":24,"column":31}},"loc":{"start":{"line":24,"column":31},"end":{"line":24,"column":32}}},"1":{"name":"_cmdRemove","decl":{"start":{"line":78,"column":0},"end":{"line":78,"column":null}},"loc":{"start":{"line":78,"column":0},"end":{"line":76,"column":null}}},"2":{"name":"_callee","decl":{"start":{"line":24,"column":7},"end":{"line":24,"column":22}},"loc":{"start":{"line":24,"column":59},"end":{"line":74,"column":null}}},"3":{"name":"(anonymous_3)","decl":{"start":{"line":24,"column":59},"end":{"line":24,"column":null}},"loc":{"start":{"line":24,"column":59},"end":{"line":74,"column":null}}},"4":{"name":"(anonymous_4)","decl":{"start":{"line":39,"column":6},"end":{"line":39,"column":12}},"loc":{"start":{"line":39,"column":6},"end":{"line":39,"column":null}}},"5":{"name":"(anonymous_5)","decl":{"start":{"line":67,"column":24},"end":{"line":67,"column":25}},"loc":{"start":{"line":67,"column":29},"end":{"line":68,"column":null}}},"6":{"name":"determineTypesToRemove","decl":{"start":{"line":84,"column":9},"end":{"line":84,"column":31}},"loc":{"start":{"line":84,"column":54},"end":{"line":108,"column":null}}},"7":{"name":"removeType","decl":{"start":{"line":117,"column":15},"end":{"line":117,"column":25}},"loc":{"start":{"line":117,"column":25},"end":{"line":117,"column":26}}},"8":{"name":"_removeType","decl":{"start":{"line":128,"column":0},"end":{"line":128,"column":null}},"loc":{"start":{"line":128,"column":0},"end":{"line":126,"column":null}}},"9":{"name":"_callee2","decl":{"start":{"line":117,"column":0},"end":{"line":117,"column":15}},"loc":{"start":{"line":117,"column":60},"end":{"line":124,"column":null}}},"10":{"name":"(anonymous_10)","decl":{"start":{"line":117,"column":60},"end":{"line":117,"column":null}},"loc":{"start":{"line":117,"column":60},"end":{"line":124,"column":null}}},"11":{"name":"removeClaudeSkill","decl":{"start":{"line":134,"column":15},"end":{"line":134,"column":32}},"loc":{"start":{"line":134,"column":32},"end":{"line":134,"column":33}}},"12":{"name":"_removeClaudeSkill","decl":{"start":{"line":141,"column":0},"end":{"line":141,"column":null}},"loc":{"start":{"line":141,"column":0},"end":{"line":139,"column":null}}},"13":{"name":"_callee3","decl":{"start":{"line":134,"column":0},"end":{"line":134,"column":15}},"loc":{"start":{"line":134,"column":61},"end":{"line":138,"column":null}}},"14":{"name":"(anonymous_14)","decl":{"start":{"line":134,"column":61},"end":{"line":134,"column":null}},"loc":{"start":{"line":134,"column":61},"end":{"line":138,"column":null}}},"15":{"name":"removeGenericIntegration","decl":{"start":{"line":147,"column":15},"end":{"line":147,"column":39}},"loc":{"start":{"line":147,"column":39},"end":{"line":147,"column":40}}},"16":{"name":"_removeGenericIntegration","decl":{"start":{"line":147,"column":39},"end":{"line":147,"column":40}},"loc":{"start":{"line":147,"column":39},"end":{"line":165,"column":null}}},"17":{"name":"_callee4","decl":{"start":{"line":147,"column":0},"end":{"line":147,"column":15}},"loc":{"start":{"line":147,"column":68},"end":{"line":164,"column":null}}},"18":{"name":"(anonymous_18)","decl":{"start":{"line":147,"column":68},"end":{"line":147,"column":null}},"loc":{"start":{"line":147,"column":68},"end":{"line":164,"column":null}}},"19":{"name":"(anonymous_19)","decl":{"start":{"line":161,"column":4},"end":{"line":161,"column":5}},"loc":{"start":{"line":161,"column":6},"end":{"line":161,"column":null}}}},"branchMap":{"0":{"loc":{"start":{"line":24,"column":59},"end":{"line":74,"column":null}},"type":"switch","locations":[{"start":{"line":24,"column":59},"end":{"line":40,"column":null}},{"start":{"line":40,"column":5},"end":{"line":46,"column":null}},{"start":{"line":46,"column":5},"end":{"line":58,"column":null}},{"start":{"line":58,"column":50},"end":{"line":69,"column":null}},{"start":{"line":69,"column":5},"end":{"line":71,"column":null}},{"start":{"line":71,"column":37},"end":{"line":74,"column":null}},{"start":{"line":74,"column":65},"end":{"line":74,"column":null}},{"start":{"line":74,"column":65},"end":{"line":74,"column":null}}]},"1":{"loc":{"start":{"line":25,"column":2},"end":{"line":30,"column":3}},"type":"if","locations":[{"start":{"line":25,"column":2},"end":{"line":30,"column":3}},{"start":{},"end":{}}]},"2":{"loc":{"start":{"line":25,"column":6},"end":{"line":25,"column":62}},"type":"binary-expr","locations":[{"start":{"line":25,"column":6},"end":{"line":25,"column":25}},{"start":{"line":25,"column":29},"end":{"line":25,"column":62}}]},"3":{"loc":{"start":{"line":56,"column":70},"end":{"line":57,"column":null}},"type":"if","locations":[{"start":{"line":56,"column":70},"end":{"line":57,"column":null}},{"start":{},"end":{}}]},"4":{"loc":{"start":{"line":86,"column":2},"end":{"line":91,"column":null}},"type":"if","locations":[{"start":{"line":86,"column":2},"end":{"line":91,"column":null}},{"start":{},"end":{}}]},"5":{"loc":{"start":{"line":87,"column":5},"end":{"line":88,"column":41}},"type":"binary-expr","locations":[{"start":{"line":87,"column":5},"end":{"line":87,"column":19}},{"start":{"line":87,"column":23},"end":{"line":87,"column":39}},{"start":{"line":88,"column":8},"end":{"line":88,"column":21}},{"start":{"line":88,"column":25},"end":{"line":88,"column":41}}]},"6":{"loc":{"start":{"line":94,"column":2},"end":{"line":99,"column":null}},"type":"if","locations":[{"start":{"line":94,"column":2},"end":{"line":99,"column":null}},{"start":{},"end":{}}]},"7":{"loc":{"start":{"line":95,"column":4},"end":{"line":96,"column":74}},"type":"binary-expr","locations":[{"start":{"line":95,"column":4},"end":{"line":95,"column":17}},{"start":{"line":96,"column":7},"end":{"line":96,"column":74}}]},"8":{"loc":{"start":{"line":100,"column":2},"end":{"line":105,"column":null}},"type":"if","locations":[{"start":{"line":100,"column":2},"end":{"line":105,"column":null}},{"start":{},"end":{}}]},"9":{"loc":{"start":{"line":101,"column":4},"end":{"line":102,"column":69}},"type":"binary-expr","locations":[{"start":{"line":101,"column":4},"end":{"line":101,"column":19}},{"start":{"line":102,"column":7},"end":{"line":102,"column":69}}]},"10":{"loc":{"start":{"line":117,"column":60},"end":{"line":124,"column":null}},"type":"switch","locations":[{"start":{"line":117,"column":60},"end":{"line":119,"column":null}},{"start":{"line":119,"column":57},"end":{"line":120,"column":null}},{"start":{"line":120,"column":41},"end":{"line":123,"column":null}},{"start":{"line":123,"column":64},"end":{"line":124,"column":null}},{"start":{"line":124,"column":48},"end":{"line":124,"column":null}},{"start":{"line":124,"column":48},"end":{"line":124,"column":null}}]},"11":{"loc":{"start":{"line":117,"column":60},"end":{"line":118,"column":null}},"type":"if","locations":[{"start":{"line":117,"column":60},"end":{"line":118,"column":null}},{"start":{},"end":{}}]},"12":{"loc":{"start":{"line":120,"column":41},"end":{"line":122,"column":null}},"type":"if","locations":[{"start":{"line":120,"column":41},"end":{"line":122,"column":null}},{"start":{},"end":{}}]},"13":{"loc":{"start":{"line":134,"column":61},"end":{"line":138,"column":null}},"type":"switch","locations":[{"start":{"line":134,"column":61},"end":{"line":138,"column":null}},{"start":{"line":138,"column":66},"end":{"line":138,"column":null}},{"start":{"line":138,"column":66},"end":{"line":138,"column":null}}]},"14":{"loc":{"start":{"line":147,"column":68},"end":{"line":164,"column":null}},"type":"switch","locations":[{"start":{"line":147,"column":68},"end":{"line":152,"column":null}},{"start":{"line":152,"column":33},"end":{"line":157,"column":null}},{"start":{"line":157,"column":3},"end":{"line":164,"column":null}},{"start":{"line":164,"column":51},"end":{"line":164,"column":null}},{"start":{"line":164,"column":51},"end":{"line":164,"column":null}}]},"15":{"loc":{"start":{"line":161,"column":13},"end":{"line":161,"column":75}},"type":"binary-expr","locations":[{"start":{"line":161,"column":13},"end":{"line":161,"column":38}},{"start":{"line":161,"column":42},"end":{"line":161,"column":75}}]}},"s":{"0":1,"1":1,"2":1,"3":1,"4":1,"5":1,"6":18,"7":1,"8":167,"9":18,"10":2,"11":2,"12":18,"13":18,"14":17,"15":17,"16":0,"17":16,"18":16,"19":16,"20":16,"21":16,"22":15,"23":13,"24":20,"25":3,"26":3,"27":10,"28":10,"29":10,"30":13,"31":9,"32":30,"33":6,"34":15,"35":1,"36":15,"37":11,"38":4,"39":4,"40":1,"41":4,"42":1,"43":4,"44":13,"45":1,"46":75,"47":13,"48":19,"49":7,"50":6,"51":12,"52":6,"53":6,"54":6,"55":6,"56":12,"57":1,"58":7,"59":1,"60":33,"61":7,"62":7,"63":7,"64":6,"65":1,"66":6,"67":1,"68":54,"69":6,"70":6,"71":6,"72":6,"73":6,"74":6,"75":6,"76":12,"77":6,"78":6,"79":6,"80":1},"f":{"0":18,"1":1,"2":18,"3":65,"4":0,"5":13,"6":15,"7":13,"8":1,"9":13,"10":25,"11":7,"12":1,"13":7,"14":13,"15":6,"16":1,"17":6,"18":24,"19":12},"b":{"0":[18,16,16,10,9,6,15,15],"1":[2,16],"2":[18,17],"3":[10,3],"4":[11,4],"5":[15,12,5,3],"6":[1,3],"7":[4,2],"8":[1,3],"9":[4,2],"10":[13,6,6,6,12,12],"11":[6,7],"12":[0,6],"13":[7,6,6],"14":[6,6,6,6,6],"15":[12,12]}}
,"/Users/zane/playground/ai-ready/src/lib/commands/view.js": {"path":"/Users/zane/playground/ai-ready/src/lib/commands/view.js","statementMap":{"0":{"start":{"line":1,"column":0},"end":{"line":1,"column":null}},"1":{"start":{"line":2,"column":0},"end":{"line":2,"column":null}},"2":{"start":{"line":3,"column":0},"end":{"line":3,"column":null}},"3":{"start":{"line":4,"column":0},"end":{"line":4,"column":null}},"4":{"start":{"line":5,"column":0},"end":{"line":5,"column":46}},"5":{"start":{"line":5,"column":46},"end":{"line":5,"column":null}},"6":{"start":{"line":17,"column":29},"end":{"line":17,"column":30}},"7":{"start":{"line":63,"column":0},"end":{"line":61,"column":null}},"8":{"start":{"line":17,"column":48},"end":{"line":59,"column":null}},"9":{"start":{"line":18,"column":2},"end":{"line":21,"column":3}},"10":{"start":{"line":19,"column":4},"end":{"line":19,"column":null}},"11":{"start":{"line":20,"column":4},"end":{"line":20,"column":null}},"12":{"start":{"line":21,"column":3},"end":{"line":21,"column":null}},"13":{"start":{"line":21,"column":3},"end":{"line":28,"column":null}},"14":{"start":{"line":27,"column":6},"end":{"line":27,"column":null}},"15":{"start":{"line":25,"column":10},"end":{"line":25,"column":28}},"16":{"start":{"line":25,"column":19},"end":{"line":25,"column":28}},"17":{"start":{"line":25,"column":19},"end":{"line":35,"column":null}},"18":{"start":{"line":31,"column":10},"end":{"line":31,"column":38}},"19":{"start":{"line":38,"column":10},"end":{"line":38,"column":null}},"20":{"start":{"line":39,"column":10},"end":{"line":39,"column":null}},"21":{"start":{"line":40,"column":10},"end":{"line":40,"column":null}},"22":{"start":{"line":42,"column":4},"end":{"line":43,"column":38}},"23":{"start":{"line":50,"column":4},"end":{"line":55,"column":5}},"24":{"start":{"line":51,"column":6},"end":{"line":51,"column":null}},"25":{"start":{"line":54,"column":6},"end":{"line":54,"column":null}},"26":{"start":{"line":55,"column":5},"end":{"line":55,"column":null}},"27":{"start":{"line":58,"column":4},"end":{"line":58,"column":null}},"28":{"start":{"line":59,"column":4},"end":{"line":59,"column":null}},"29":{"start":{"line":59,"column":19},"end":{"line":59,"column":null}},"30":{"start":{"line":61,"column":1},"end":{"line":61,"column":null}},"31":{"start":{"line":68,"column":2},"end":{"line":68,"column":null}},"32":{"start":{"line":69,"column":2},"end":{"line":69,"column":null}},"33":{"start":{"line":70,"column":2},"end":{"line":70,"column":null}},"34":{"start":{"line":72,"column":2},"end":{"line":76,"column":3}},"35":{"start":{"line":73,"column":4},"end":{"line":73,"column":null}},"36":{"start":{"line":75,"column":4},"end":{"line":75,"column":null}},"37":{"start":{"line":76,"column":3},"end":{"line":78,"column":51}},"38":{"start":{"line":78,"column":49},"end":{"line":83,"column":null}},"39":{"start":{"line":78,"column":2},"end":{"line":83,"column":3}},"40":{"start":{"line":78,"column":24},"end":{"line":78,"column":28}},"41":{"start":{"line":80,"column":6},"end":{"line":80,"column":65}},"42":{"start":{"line":81,"column":4},"end":{"line":81,"column":null}},"43":{"start":{"line":82,"column":4},"end":{"line":82,"column":null}},"44":{"start":{"line":83,"column":3},"end":{"line":83,"column":null}},"45":{"start":{"line":92,"column":2},"end":{"line":92,"column":null}},"46":{"start":{"line":93,"column":2},"end":{"line":93,"column":null}},"47":{"start":{"line":94,"column":2},"end":{"line":94,"column":null}},"48":{"start":{"line":95,"column":2},"end":{"line":95,"column":null}},"49":{"start":{"line":96,"column":2},"end":{"line":96,"column":null}},"50":{"start":{"line":108,"column":2},"end":{"line":108,"column":null}},"51":{"start":{"line":108,"column":26},"end":{"line":108,"column":null}},"52":{"start":{"line":110,"column":2},"end":{"line":110,"column":null}}},"fnMap":{"0":{"name":"_createForOfIteratorHelper","decl":{"start":{"line":5,"column":46},"end":{"line":5,"column":null}},"loc":{"start":{"line":5,"column":46},"end":{"line":5,"column":null}}},"1":{"name":"cmdView","decl":{"start":{"line":17,"column":22},"end":{"line":17,"column":29}},"loc":{"start":{"line":17,"column":29},"end":{"line":17,"column":30}}},"2":{"name":"_cmdView","decl":{"start":{"line":63,"column":0},"end":{"line":63,"column":null}},"loc":{"start":{"line":63,"column":0},"end":{"line":61,"column":null}}},"3":{"name":"_callee","decl":{"start":{"line":17,"column":7},"end":{"line":17,"column":22}},"loc":{"start":{"line":17,"column":48},"end":{"line":59,"column":null}}},"4":{"name":"(anonymous_13)","decl":{"start":{"line":17,"column":48},"end":{"line":17,"column":null}},"loc":{"start":{"line":17,"column":48},"end":{"line":59,"column":null}}},"5":{"name":"(anonymous_14)","decl":{"start":{"line":27,"column":6},"end":{"line":27,"column":12}},"loc":{"start":{"line":27,"column":6},"end":{"line":27,"column":null}}},"6":{"name":"displayLibrary","decl":{"start":{"line":67,"column":9},"end":{"line":67,"column":23}},"loc":{"start":{"line":67,"column":34},"end":{"line":84,"column":null}}},"7":{"name":"displayIntegration","decl":{"start":{"line":91,"column":9},"end":{"line":91,"column":27}},"loc":{"start":{"line":91,"column":51},"end":{"line":100,"column":null}}},"8":{"name":"formatTypes","decl":{"start":{"line":107,"column":9},"end":{"line":107,"column":20}},"loc":{"start":{"line":107,"column":28},"end":{"line":111,"column":null}}}},"branchMap":{"0":{"loc":{"start":{"line":5,"column":46},"end":{"line":5,"column":null}},"type":"binary-expr","locations":[{"start":{"line":5,"column":46},"end":{"line":5,"column":null}},{"start":{"line":5,"column":46},"end":{"line":5,"column":null}},{"start":{"line":5,"column":46},"end":{"line":5,"column":null}}]},"1":{"loc":{"start":{"line":5,"column":46},"end":{"line":5,"column":null}},"type":"if","locations":[{"start":{"line":5,"column":46},"end":{"line":5,"column":null}},{"start":{},"end":{}}]},"2":{"loc":{"start":{"line":5,"column":46},"end":{"line":5,"column":null}},"type":"binary-expr","locations":[{"start":{"line":5,"column":46},"end":{"line":5,"column":null}},{"start":{"line":5,"column":46},"end":{"line":5,"column":null}},{"start":{"line":5,"column":46},"end":{"line":5,"column":null}},{"start":{"line":5,"column":46},"end":{"line":5,"column":null}},{"start":{"line":5,"column":46},"end":{"line":5,"column":null}}]},"3":{"loc":{"start":{"line":5,"column":46},"end":{"line":5,"column":null}},"type":"binary-expr","locations":[{"start":{"line":5,"column":46},"end":{"line":5,"column":null}},{"start":{"line":5,"column":46},"end":{"line":5,"column":null}}]},"4":{"loc":{"start":{"line":17,"column":48},"end":{"line":59,"column":null}},"type":"switch","locations":[{"start":{"line":17,"column":48},"end":{"line":28,"column":null}},{"start":{"line":28,"column":5},"end":{"line":35,"column":null}},{"start":{"line":35,"column":5},"end":{"line":55,"column":null}},{"start":{"line":55,"column":5},"end":{"line":59,"column":null}},{"start":{"line":59,"column":19},"end":{"line":59,"column":null}},{"start":{"line":59,"column":19},"end":{"line":59,"column":null}}]},"5":{"loc":{"start":{"line":18,"column":2},"end":{"line":21,"column":3}},"type":"if","locations":[{"start":{"line":18,"column":2},"end":{"line":21,"column":3}},{"start":{},"end":{}}]},"6":{"loc":{"start":{"line":40,"column":28},"end":{"line":40,"column":44}},"type":"binary-expr","locations":[{"start":{"line":40,"column":28},"end":{"line":40,"column":36}},{"start":{"line":40,"column":40},"end":{"line":40,"column":44}}]},"7":{"loc":{"start":{"line":50,"column":4},"end":{"line":55,"column":5}},"type":"if","locations":[{"start":{"line":50,"column":4},"end":{"line":55,"column":5}},{"start":{"line":53,"column":9},"end":{"line":55,"column":5}}]},"8":{"loc":{"start":{"line":72,"column":2},"end":{"line":76,"column":3}},"type":"if","locations":[{"start":{"line":72,"column":2},"end":{"line":76,"column":3}},{"start":{},"end":{}}]},"9":{"loc":{"start":{"line":80,"column":6},"end":{"line":80,"column":65}},"type":"cond-expr","locations":[{"start":{"line":80,"column":46},"end":{"line":80,"column":60}},{"start":{"line":80,"column":63},"end":{"line":80,"column":65}}]},"10":{"loc":{"start":{"line":108,"column":2},"end":{"line":108,"column":null}},"type":"if","locations":[{"start":{"line":108,"column":2},"end":{"line":108,"column":null}},{"start":{},"end":{}}]}},"s":{"0":1,"1":1,"2":1,"3":1,"4":1,"5":60,"6":13,"7":1,"8":103,"9":13,"10":1,"11":1,"12":26,"13":13,"14":0,"15":12,"16":12,"17":12,"18":11,"19":11,"20":10,"21":10,"22":10,"23":9,"24":3,"25":6,"26":26,"27":5,"28":5,"29":13,"30":1,"31":6,"32":5,"33":5,"34":5,"35":1,"36":1,"37":4,"38":4,"39":4,"40":8,"41":8,"42":8,"43":8,"44":4,"45":3,"46":3,"47":3,"48":3,"49":3,"50":6,"51":1,"52":5},"f":{"0":24,"1":13,"2":1,"3":13,"4":41,"5":0,"6":6,"7":3,"8":6},"b":{"0":[8,4,0],"1":[0,8],"2":[0,0,0,0,0],"3":[0,0],"4":[13,12,11,5,13,13],"5":[1,12],"6":[10,5],"7":[3,6],"8":[1,4],"9":[4,4],"10":[1,5]}}
,"/Users/zane/playground/ai-ready/src/lib/core/cache.js": {"path":"/Users/zane/playground/ai-ready/src/lib/core/cache.js","statementMap":{"0":{"start":{"line":1,"column":0},"end":{"line":1,"column":null}},"1":{"start":{"line":2,"column":0},"end":{"line":2,"column":null}},"2":{"start":{"line":3,"column":0},"end":{"line":3,"column":null}},"3":{"start":{"line":15,"column":31},"end":{"line":15,"column":32}},"4":{"start":{"line":36,"column":0},"end":{"line":34,"column":null}},"5":{"start":{"line":15,"column":45},"end":{"line":15,"column":47}},"6":{"start":{"line":15,"column":45},"end":{"line":30,"column":null}},"7":{"start":{"line":15,"column":47},"end":{"line":15,"column":null}},"8":{"start":{"line":16,"column":8},"end":{"line":16,"column":null}},"9":{"start":{"line":16,"column":55},"end":{"line":16,"column":null}},"10":{"start":{"line":16,"column":55},"end":{"line":19,"column":null}},"11":{"start":{"line":19,"column":10},"end":{"line":19,"column":26}},"12":{"start":{"line":20,"column":10},"end":{"line":20,"column":null}},"13":{"start":{"line":20,"column":36},"end":{"line":22,"column":null}},"14":{"start":{"line":22,"column":27},"end":{"line":22,"column":null}},"15":{"start":{"line":22,"column":27},"end":{"line":23,"column":null}},"16":{"start":{"line":23,"column":17},"end":{"line":26,"column":null}},"17":{"start":{"line":26,"column":15},"end":{"line":26,"column":null}},"18":{"start":{"line":26,"column":15},"end":{"line":29,"column":null}},"19":{"start":{"line":29,"column":63},"end":{"line":29,"column":null}},"20":{"start":{"line":29,"column":63},"end":{"line":30,"column":null}},"21":{"start":{"line":30,"column":17},"end":{"line":30,"column":null}},"22":{"start":{"line":34,"column":1},"end":{"line":34,"column":null}},"23":{"start":{"line":43,"column":32},"end":{"line":43,"column":null}},"24":{"start":{"line":57,"column":0},"end":{"line":55,"column":null}},"25":{"start":{"line":45,"column":11},"end":{"line":45,"column":null}},"26":{"start":{"line":45,"column":11},"end":{"line":54,"column":null}},"27":{"start":{"line":46,"column":2},"end":{"line":46,"column":null}},"28":{"start":{"line":48,"column":8},"end":{"line":48,"column":null}},"29":{"start":{"line":48,"column":55},"end":{"line":50,"column":null}},"30":{"start":{"line":50,"column":30},"end":{"line":50,"column":null}},"31":{"start":{"line":50,"column":30},"end":{"line":51,"column":null}},"32":{"start":{"line":51,"column":41},"end":{"line":51,"column":null}},"33":{"start":{"line":51,"column":41},"end":{"line":54,"column":null}},"34":{"start":{"line":54,"column":74},"end":{"line":54,"column":null}},"35":{"start":{"line":55,"column":1},"end":{"line":55,"column":null}},"36":{"start":{"line":63,"column":34},"end":{"line":63,"column":35}},"37":{"start":{"line":111,"column":0},"end":{"line":109,"column":null}},"38":{"start":{"line":63,"column":40},"end":{"line":63,"column":42}},"39":{"start":{"line":63,"column":40},"end":{"line":105,"column":null}},"40":{"start":{"line":63,"column":42},"end":{"line":63,"column":null}},"41":{"start":{"line":63,"column":65},"end":{"line":64,"column":null}},"42":{"start":{"line":64,"column":12},"end":{"line":64,"column":null}},"43":{"start":{"line":64,"column":12},"end":{"line":65,"column":null}},"44":{"start":{"line":65,"column":16},"end":{"line":65,"column":null}},"45":{"start":{"line":70,"column":10},"end":{"line":70,"column":null}},"46":{"start":{"line":70,"column":65},"end":{"line":70,"column":null}},"47":{"start":{"line":70,"column":65},"end":{"line":71,"column":null}},"48":{"start":{"line":71,"column":10},"end":{"line":71,"column":34}},"49":{"start":{"line":72,"column":10},"end":{"line":72,"column":null}},"50":{"start":{"line":72,"column":64},"end":{"line":74,"column":null}},"51":{"start":{"line":74,"column":51},"end":{"line":74,"column":null}},"52":{"start":{"line":74,"column":51},"end":{"line":75,"column":null}},"53":{"start":{"line":79,"column":10},"end":{"line":79,"column":null}},"54":{"start":{"line":79,"column":70},"end":{"line":79,"column":null}},"55":{"start":{"line":79,"column":70},"end":{"line":81,"column":null}},"56":{"start":{"line":81,"column":12},"end":{"line":81,"column":36}},"57":{"start":{"line":82,"column":12},"end":{"line":82,"column":null}},"58":{"start":{"line":82,"column":66},"end":{"line":84,"column":null}},"59":{"start":{"line":84,"column":53},"end":{"line":84,"column":null}},"60":{"start":{"line":84,"column":53},"end":{"line":85,"column":null}},"61":{"start":{"line":85,"column":20},"end":{"line":85,"column":null}},"62":{"start":{"line":85,"column":20},"end":{"line":90,"column":null}},"63":{"start":{"line":90,"column":33},"end":{"line":90,"column":null}},"64":{"start":{"line":90,"column":33},"end":{"line":92,"column":null}},"65":{"start":{"line":92,"column":40},"end":{"line":92,"column":null}},"66":{"start":{"line":92,"column":40},"end":{"line":93,"column":null}},"67":{"start":{"line":93,"column":22},"end":{"line":93,"column":null}},"68":{"start":{"line":93,"column":22},"end":{"line":101,"column":null}},"69":{"start":{"line":101,"column":15},"end":{"line":101,"column":null}},"70":{"start":{"line":101,"column":15},"end":{"line":104,"column":null}},"71":{"start":{"line":104,"column":31},"end":{"line":104,"column":null}},"72":{"start":{"line":104,"column":31},"end":{"line":105,"column":null}},"73":{"start":{"line":105,"column":18},"end":{"line":105,"column":null}},"74":{"start":{"line":109,"column":1},"end":{"line":109,"column":null}},"75":{"start":{"line":117,"column":37},"end":{"line":117,"column":38}},"76":{"start":{"line":152,"column":0},"end":{"line":150,"column":null}},"77":{"start":{"line":117,"column":47},"end":{"line":117,"column":49}},"78":{"start":{"line":117,"column":47},"end":{"line":149,"column":null}},"79":{"start":{"line":117,"column":49},"end":{"line":117,"column":null}},"80":{"start":{"line":118,"column":8},"end":{"line":118,"column":null}},"81":{"start":{"line":119,"column":8},"end":{"line":119,"column":null}},"82":{"start":{"line":121,"column":6},"end":{"line":121,"column":null}},"83":{"start":{"line":122,"column":6},"end":{"line":122,"column":null}},"84":{"start":{"line":122,"column":26},"end":{"line":122,"column":null}},"85":{"start":{"line":122,"column":26},"end":{"line":125,"column":null}},"86":{"start":{"line":125,"column":10},"end":{"line":125,"column":34}},"87":{"start":{"line":126,"column":4},"end":{"line":126,"column":null}},"88":{"start":{"line":126,"column":58},"end":{"line":126,"column":null}},"89":{"start":{"line":126,"column":58},"end":{"line":129,"column":null}},"90":{"start":{"line":129,"column":31},"end":{"line":129,"column":null}},"91":{"start":{"line":129,"column":31},"end":{"line":135,"column":null}},"92":{"start":{"line":135,"column":10},"end":{"line":135,"column":34}},"93":{"start":{"line":136,"column":4},"end":{"line":136,"column":null}},"94":{"start":{"line":136,"column":58},"end":{"line":136,"column":null}},"95":{"start":{"line":136,"column":58},"end":{"line":139,"column":null}},"96":{"start":{"line":139,"column":31},"end":{"line":139,"column":null}},"97":{"start":{"line":139,"column":31},"end":{"line":149,"column":null}},"98":{"start":{"line":149,"column":3},"end":{"line":149,"column":null}},"99":{"start":{"line":150,"column":1},"end":{"line":150,"column":null}},"100":{"start":{"line":159,"column":44},"end":{"line":159,"column":null}},"101":{"start":{"line":159,"column":44},"end":{"line":178,"column":null}},"102":{"start":{"line":161,"column":14},"end":{"line":161,"column":null}},"103":{"start":{"line":161,"column":14},"end":{"line":177,"column":null}},"104":{"start":{"line":162,"column":2},"end":{"line":162,"column":null}},"105":{"start":{"line":162,"column":25},"end":{"line":162,"column":null}},"106":{"start":{"line":162,"column":25},"end":{"line":164,"column":null}},"107":{"start":{"line":164,"column":8},"end":{"line":164,"column":22}},"108":{"start":{"line":164,"column":13},"end":{"line":164,"column":22}},"109":{"start":{"line":164,"column":13},"end":{"line":166,"column":null}},"110":{"start":{"line":166,"column":40},"end":{"line":166,"column":null}},"111":{"start":{"line":166,"column":40},"end":{"line":167,"column":null}},"112":{"start":{"line":167,"column":26},"end":{"line":167,"column":null}},"113":{"start":{"line":167,"column":26},"end":{"line":171,"column":null}},"114":{"start":{"line":171,"column":8},"end":{"line":171,"column":26}},"115":{"start":{"line":171,"column":17},"end":{"line":171,"column":26}},"116":{"start":{"line":171,"column":17},"end":{"line":174,"column":null}},"117":{"start":{"line":174,"column":8},"end":{"line":174,"column":26}},"118":{"start":{"line":174,"column":17},"end":{"line":174,"column":26}},"119":{"start":{"line":174,"column":17},"end":{"line":175,"column":null}},"120":{"start":{"line":175,"column":53},"end":{"line":177,"column":null}},"121":{"start":{"line":177,"column":18},"end":{"line":177,"column":null}},"122":{"start":{"line":178,"column":1},"end":{"line":178,"column":null}}},"fnMap":{"0":{"name":"readCache","decl":{"start":{"line":15,"column":22},"end":{"line":15,"column":31}},"loc":{"start":{"line":15,"column":31},"end":{"line":15,"column":32}}},"1":{"name":"_readCache","decl":{"start":{"line":36,"column":0},"end":{"line":36,"column":null}},"loc":{"start":{"line":36,"column":0},"end":{"line":34,"column":null}}},"2":{"name":"_callee","decl":{"start":{"line":15,"column":7},"end":{"line":15,"column":22}},"loc":{"start":{"line":15,"column":45},"end":{"line":30,"column":null}}},"3":{"name":"(anonymous_3)","decl":{"start":{"line":15,"column":45},"end":{"line":15,"column":47}},"loc":{"start":{"line":15,"column":45},"end":{"line":30,"column":null}}},"4":{"name":"writeCache","decl":{"start":{"line":43,"column":22},"end":{"line":43,"column":32}},"loc":{"start":{"line":43,"column":32},"end":{"line":43,"column":null}}},"5":{"name":"_writeCache","decl":{"start":{"line":57,"column":0},"end":{"line":57,"column":null}},"loc":{"start":{"line":57,"column":0},"end":{"line":55,"column":null}}},"6":{"name":"_callee2","decl":{"start":{"line":43,"column":7},"end":{"line":43,"column":22}},"loc":{"start":{"line":45,"column":11},"end":{"line":54,"column":null}}},"7":{"name":"(anonymous_7)","decl":{"start":{"line":45,"column":11},"end":{"line":45,"column":null}},"loc":{"start":{"line":45,"column":11},"end":{"line":54,"column":null}}},"8":{"name":"isCacheValid","decl":{"start":{"line":63,"column":22},"end":{"line":63,"column":34}},"loc":{"start":{"line":63,"column":34},"end":{"line":63,"column":35}}},"9":{"name":"_isCacheValid","decl":{"start":{"line":111,"column":0},"end":{"line":111,"column":null}},"loc":{"start":{"line":111,"column":0},"end":{"line":109,"column":null}}},"10":{"name":"_callee3","decl":{"start":{"line":63,"column":7},"end":{"line":63,"column":22}},"loc":{"start":{"line":63,"column":40},"end":{"line":105,"column":null}}},"11":{"name":"(anonymous_11)","decl":{"start":{"line":63,"column":40},"end":{"line":63,"column":42}},"loc":{"start":{"line":63,"column":40},"end":{"line":105,"column":null}}},"12":{"name":"createCacheData","decl":{"start":{"line":117,"column":22},"end":{"line":117,"column":37}},"loc":{"start":{"line":117,"column":37},"end":{"line":117,"column":38}}},"13":{"name":"_createCacheData","decl":{"start":{"line":152,"column":0},"end":{"line":152,"column":null}},"loc":{"start":{"line":152,"column":0},"end":{"line":150,"column":null}}},"14":{"name":"_callee4","decl":{"start":{"line":117,"column":7},"end":{"line":117,"column":22}},"loc":{"start":{"line":117,"column":47},"end":{"line":149,"column":null}}},"15":{"name":"(anonymous_15)","decl":{"start":{"line":117,"column":47},"end":{"line":117,"column":49}},"loc":{"start":{"line":117,"column":47},"end":{"line":149,"column":null}}},"16":{"name":"loadProvidersWithCache","decl":{"start":{"line":159,"column":22},"end":{"line":159,"column":44}},"loc":{"start":{"line":159,"column":44},"end":{"line":159,"column":null}}},"17":{"name":"_loadProvidersWithCache","decl":{"start":{"line":159,"column":44},"end":{"line":159,"column":null}},"loc":{"start":{"line":159,"column":44},"end":{"line":178,"column":null}}},"18":{"name":"_callee5","decl":{"start":{"line":159,"column":7},"end":{"line":159,"column":22}},"loc":{"start":{"line":161,"column":14},"end":{"line":177,"column":null}}},"19":{"name":"(anonymous_19)","decl":{"start":{"line":161,"column":14},"end":{"line":161,"column":null}},"loc":{"start":{"line":161,"column":14},"end":{"line":177,"column":null}}}},"branchMap":{"0":{"loc":{"start":{"line":15,"column":45},"end":{"line":30,"column":null}},"type":"switch","locations":[{"start":{"line":15,"column":45},"end":{"line":19,"column":null}},{"start":{"line":19,"column":55},"end":{"line":23,"column":null}},{"start":{"line":23,"column":17},"end":{"line":26,"column":null}},{"start":{"line":26,"column":15},"end":{"line":30,"column":null}},{"start":{"line":30,"column":17},"end":{"line":30,"column":null}},{"start":{"line":30,"column":17},"end":{"line":30,"column":null}},{"start":{"line":30,"column":17},"end":{"line":30,"column":null}}]},"1":{"loc":{"start":{"line":15,"column":54},"end":{"line":15,"column":70}},"type":"cond-expr","locations":[{"start":{"line":15,"column":54},"end":{"line":15,"column":57}},{"start":{"line":15,"column":57},"end":{"line":15,"column":70}}]},"2":{"loc":{"start":{"line":15,"column":54},"end":{"line":15,"column":57}},"type":"binary-expr","locations":[{"start":{"line":15,"column":54},"end":{"line":15,"column":57}},{"start":{"line":15,"column":54},"end":{"line":15,"column":57}}]},"3":{"loc":{"start":{"line":20,"column":36},"end":{"line":22,"column":null}},"type":"if","locations":[{"start":{"line":20,"column":36},"end":{"line":22,"column":null}},{"start":{},"end":{}}]},"4":{"loc":{"start":{"line":26,"column":15},"end":{"line":29,"column":null}},"type":"if","locations":[{"start":{"line":26,"column":15},"end":{"line":29,"column":null}},{"start":{},"end":{}}]},"5":{"loc":{"start":{"line":29,"column":8},"end":{"line":29,"column":63}},"type":"binary-expr","locations":[{"start":{"line":29,"column":8},"end":{"line":29,"column":31}},{"start":{"line":29,"column":35},"end":{"line":29,"column":63}}]},"6":{"loc":{"start":{"line":45,"column":11},"end":{"line":54,"column":null}},"type":"switch","locations":[{"start":{"line":45,"column":11},"end":{"line":51,"column":null}},{"start":{"line":51,"column":41},"end":{"line":54,"column":null}},{"start":{"line":54,"column":74},"end":{"line":54,"column":null}},{"start":{"line":54,"column":74},"end":{"line":54,"column":null}}]},"7":{"loc":{"start":{"line":46,"column":9},"end":{"line":46,"column":25}},"type":"cond-expr","locations":[{"start":{"line":46,"column":9},"end":{"line":46,"column":12}},{"start":{"line":46,"column":12},"end":{"line":46,"column":25}}]},"8":{"loc":{"start":{"line":46,"column":9},"end":{"line":46,"column":12}},"type":"binary-expr","locations":[{"start":{"line":46,"column":9},"end":{"line":46,"column":12}},{"start":{"line":46,"column":9},"end":{"line":46,"column":12}}]},"9":{"loc":{"start":{"line":48,"column":55},"end":{"line":50,"column":null}},"type":"if","locations":[{"start":{"line":48,"column":55},"end":{"line":50,"column":null}},{"start":{},"end":{}}]},"10":{"loc":{"start":{"line":63,"column":40},"end":{"line":105,"column":null}},"type":"switch","locations":[{"start":{"line":63,"column":40},"end":{"line":65,"column":null}},{"start":{"line":65,"column":16},"end":{"line":71,"column":null}},{"start":{"line":71,"column":58},"end":{"line":75,"column":null}},{"start":{"line":75,"column":18},"end":{"line":81,"column":null}},{"start":{"line":81,"column":60},"end":{"line":85,"column":null}},{"start":{"line":85,"column":20},"end":{"line":85,"column":null}},{"start":{"line":85,"column":20},"end":{"line":93,"column":null}},{"start":{"line":93,"column":22},"end":{"line":93,"column":null}},{"start":{"line":93,"column":22},"end":{"line":93,"column":null}},{"start":{"line":93,"column":22},"end":{"line":101,"column":null}},{"start":{"line":101,"column":15},"end":{"line":105,"column":null}},{"start":{"line":105,"column":18},"end":{"line":105,"column":null}},{"start":{"line":105,"column":18},"end":{"line":105,"column":null}},{"start":{"line":105,"column":18},"end":{"line":105,"column":null}}]},"11":{"loc":{"start":{"line":63,"column":49},"end":{"line":63,"column":65}},"type":"cond-expr","locations":[{"start":{"line":63,"column":49},"end":{"line":63,"column":52}},{"start":{"line":63,"column":52},"end":{"line":63,"column":65}}]},"12":{"loc":{"start":{"line":63,"column":49},"end":{"line":63,"column":52}},"type":"binary-expr","locations":[{"start":{"line":63,"column":49},"end":{"line":63,"column":52}},{"start":{"line":63,"column":49},"end":{"line":63,"column":52}}]},"13":{"loc":{"start":{"line":63,"column":65},"end":{"line":64,"column":null}},"type":"if","locations":[{"start":{"line":63,"column":65},"end":{"line":64,"column":null}},{"start":{},"end":{}}]},"14":{"loc":{"start":{"line":72,"column":64},"end":{"line":74,"column":null}},"type":"if","locations":[{"start":{"line":72,"column":64},"end":{"line":74,"column":null}},{"start":{},"end":{}}]},"15":{"loc":{"start":{"line":82,"column":66},"end":{"line":84,"column":null}},"type":"if","locations":[{"start":{"line":82,"column":66},"end":{"line":84,"column":null}},{"start":{},"end":{}}]},"16":{"loc":{"start":{"line":85,"column":20},"end":{"line":90,"column":null}},"type":"if","locations":[{"start":{"line":85,"column":20},"end":{"line":90,"column":null}},{"start":{},"end":{}}]},"17":{"loc":{"start":{"line":90,"column":33},"end":{"line":92,"column":null}},"type":"if","locations":[{"start":{"line":90,"column":33},"end":{"line":92,"column":null}},{"start":{},"end":{}}]},"18":{"loc":{"start":{"line":101,"column":15},"end":{"line":104,"column":null}},"type":"if","locations":[{"start":{"line":101,"column":15},"end":{"line":104,"column":null}},{"start":{},"end":{}}]},"19":{"loc":{"start":{"line":117,"column":47},"end":{"line":149,"column":null}},"type":"switch","locations":[{"start":{"line":117,"column":47},"end":{"line":125,"column":null}},{"start":{"line":125,"column":58},"end":{"line":126,"column":null}},{"start":{"line":126,"column":58},"end":{"line":129,"column":null}},{"start":{"line":129,"column":31},"end":{"line":135,"column":null}},{"start":{"line":135,"column":58},"end":{"line":136,"column":null}},{"start":{"line":136,"column":58},"end":{"line":139,"column":null}},{"start":{"line":139,"column":31},"end":{"line":149,"column":null}},{"start":{"line":149,"column":3},"end":{"line":149,"column":null}},{"start":{"line":149,"column":3},"end":{"line":149,"column":null}}]},"20":{"loc":{"start":{"line":117,"column":56},"end":{"line":117,"column":72}},"type":"cond-expr","locations":[{"start":{"line":117,"column":56},"end":{"line":117,"column":59}},{"start":{"line":117,"column":59},"end":{"line":117,"column":72}}]},"21":{"loc":{"start":{"line":117,"column":56},"end":{"line":117,"column":59}},"type":"binary-expr","locations":[{"start":{"line":117,"column":56},"end":{"line":117,"column":59}},{"start":{"line":117,"column":56},"end":{"line":117,"column":59}}]},"22":{"loc":{"start":{"line":126,"column":58},"end":{"line":129,"column":null}},"type":"if","locations":[{"start":{"line":126,"column":58},"end":{"line":129,"column":null}},{"start":{},"end":{}}]},"23":{"loc":{"start":{"line":136,"column":58},"end":{"line":139,"column":null}},"type":"if","locations":[{"start":{"line":136,"column":58},"end":{"line":139,"column":null}},{"start":{},"end":{}}]},"24":{"loc":{"start":{"line":161,"column":14},"end":{"line":177,"column":null}},"type":"switch","locations":[{"start":{"line":161,"column":14},"end":{"line":164,"column":null}},{"start":{"line":164,"column":55},"end":{"line":166,"column":null}},{"start":{"line":166,"column":40},"end":{"line":167,"column":null}},{"start":{"line":167,"column":26},"end":{"line":171,"column":null}},{"start":{"line":171,"column":40},"end":{"line":174,"column":null}},{"start":{"line":174,"column":61},"end":{"line":175,"column":null}},{"start":{"line":175,"column":53},"end":{"line":177,"column":null}},{"start":{"line":177,"column":18},"end":{"line":177,"column":null}},{"start":{"line":177,"column":18},"end":{"line":177,"column":null}}]},"25":{"loc":{"start":{"line":162,"column":9},"end":{"line":162,"column":25}},"type":"cond-expr","locations":[{"start":{"line":162,"column":9},"end":{"line":162,"column":12}},{"start":{"line":162,"column":12},"end":{"line":162,"column":25}}]},"26":{"loc":{"start":{"line":162,"column":9},"end":{"line":162,"column":12}},"type":"binary-expr","locations":[{"start":{"line":162,"column":9},"end":{"line":162,"column":12}},{"start":{"line":162,"column":9},"end":{"line":162,"column":12}}]},"27":{"loc":{"start":{"line":166,"column":40},"end":{"line":166,"column":null}},"type":"if","locations":[{"start":{"line":166,"column":40},"end":{"line":166,"column":null}},{"start":{},"end":{}}]}},"s":{"0":5,"1":5,"2":5,"3":9,"4":1,"5":9,"6":50,"7":9,"8":9,"9":18,"10":9,"11":5,"12":5,"13":4,"14":6,"15":1,"16":3,"17":10,"18":5,"19":0,"20":5,"21":0,"22":1,"23":7,"24":1,"25":7,"26":39,"27":7,"28":7,"29":7,"30":12,"31":1,"32":6,"33":6,"34":6,"35":1,"36":11,"37":1,"38":11,"39":75,"40":11,"41":11,"42":14,"43":4,"44":7,"45":7,"46":7,"47":7,"48":6,"49":6,"50":6,"51":10,"52":1,"53":5,"54":10,"55":5,"56":3,"57":3,"58":3,"59":4,"60":1,"61":8,"62":2,"63":0,"64":2,"65":2,"66":1,"67":2,"68":3,"69":2,"70":1,"71":0,"72":1,"73":0,"74":1,"75":6,"76":1,"77":6,"78":54,"79":6,"80":6,"81":6,"82":6,"83":6,"84":12,"85":6,"86":4,"87":4,"88":12,"89":2,"90":16,"91":6,"92":1,"93":1,"94":12,"95":5,"96":10,"97":6,"98":0,"99":1,"100":4,"101":1,"102":4,"103":49,"104":4,"105":4,"106":4,"107":4,"108":4,"109":4,"110":10,"111":1,"112":3,"113":3,"114":3,"115":3,"116":3,"117":3,"118":3,"119":3,"120":3,"121":0,"122":1},"f":{"0":9,"1":1,"2":9,"3":19,"4":7,"5":1,"6":7,"7":13,"8":11,"9":1,"10":11,"11":23,"12":6,"13":1,"14":6,"15":18,"16":4,"17":1,"18":4,"19":21},"b":{"0":[9,5,3,5,0,0,0],"1":[9,0],"2":[9,9],"3":[3,1],"4":[0,5],"5":[5,1],"6":[7,6,6,6],"7":[7,0],"8":[7,7],"9":[6,1],"10":[11,7,6,5,3,2,2,1,0,3,1,0,0,0],"11":[11,0],"12":[11,11],"13":[7,4],"14":[5,1],"15":[2,1],"16":[0,2],"17":[1,1],"18":[0,1],"19":[6,4,2,6,1,5,6,0,0],"20":[6,0],"21":[6,6],"22":[2,0],"23":[5,0],"24":[4,4,4,3,3,3,3,0,0],"25":[4,0],"26":[4,4],"27":[3,1]}}
[...]
{"line":92,"column":null}}]},"13":{"loc":{"start":{"line":73,"column":14},"end":{"line":73,"column":46}},"type":"binary-expr","locations":[{"start":{"line":73,"column":14},"end":{"line":73,"column":33}},{"start":{"line":73,"column":37},"end":{"line":73,"column":46}}]},"14":{"loc":{"start":{"line":81,"column":20},"end":{"line":83,"column":null}},"type":"if","locations":[{"start":{"line":81,"column":20},"end":{"line":83,"column":null}},{"start":{},"end":{}}]},"15":{"loc":{"start":{"line":100,"column":48},"end":{"line":120,"column":null}},"type":"switch","locations":[{"start":{"line":100,"column":48},"end":{"line":103,"column":null}},{"start":{"line":103,"column":80},"end":{"line":105,"column":null}},{"start":{"line":105,"column":31},"end":{"line":106,"column":null}},{"start":{"line":106,"column":30},"end":{"line":109,"column":null}},{"start":{"line":109,"column":62},"end":{"line":109,"column":null}},{"start":{"line":109,"column":62},"end":{"line":109,"column":null}},{"start":{"line":109,"column":62},"end":{"line":109,"column":null}},{"start":{"line":109,"column":62},"end":{"line":109,"column":null}},{"start":{"line":109,"column":62},"end":{"line":109,"column":null}},{"start":{"line":109,"column":62},"end":{"line":109,"column":null}},{"start":{"line":109,"column":62},"end":{"line":116,"column":50}},{"start":{"line":116,"column":48},"end":{"line":120,"column":null}},{"start":{"line":120,"column":21},"end":{"line":120,"column":null}},{"start":{"line":120,"column":21},"end":{"line":120,"column":null}}]},"16":{"loc":{"start":{"line":105,"column":31},"end":{"line":105,"column":null}},"type":"if","locations":[{"start":{"line":105,"column":31},"end":{"line":105,"column":null}},{"start":{},"end":{}}]},"17":{"loc":{"start":{"line":105,"column":20},"end":{"line":106,"column":null}},"type":"if","locations":[{"start":{"line":105,"column":20},"end":{"line":106,"column":null}},{"start":{},"end":{}}]},"18":{"loc":{"start":{"line":129,"column":63},"end":{"line":169,"column":null}},"type":"switch","locations":[{"start":{"line":129,"column":63},"end":{"line":136,"column":null}},{"start":{"line":136,"column":61},"end":{"line":146,"column":null}},{"start":{"line":146,"column":57},"end":{"line":161,"column":null}},{"start":{"line":161,"column":15},"end":{"line":169,"column":null}},{"start":{"line":169,"column":3},"end":{"line":169,"column":null}},{"start":{"line":169,"column":3},"end":{"line":169,"column":null}}]},"19":{"loc":{"start":{"line":138,"column":2},"end":{"line":142,"column":null}},"type":"if","locations":[{"start":{"line":138,"column":2},"end":{"line":142,"column":null}},{"start":{},"end":{}}]},"20":{"loc":{"start":{"line":148,"column":2},"end":{"line":157,"column":null}},"type":"if","locations":[{"start":{"line":148,"column":2},"end":{"line":157,"column":null}},{"start":{},"end":{}}]},"21":{"loc":{"start":{"line":151,"column":4},"end":{"line":153,"column":null}},"type":"if","locations":[{"start":{"line":151,"column":4},"end":{"line":153,"column":null}},{"start":{},"end":{}}]},"22":{"loc":{"start":{"line":151,"column":8},"end":{"line":151,"column":41}},"type":"binary-expr","locations":[{"start":{"line":151,"column":8},"end":{"line":151,"column":13}},{"start":{"line":151,"column":17},"end":{"line":151,"column":41}}]},"23":{"loc":{"start":{"line":154,"column":4},"end":{"line":156,"column":null}},"type":"if","locations":[{"start":{"line":154,"column":4},"end":{"line":156,"column":null}},{"start":{},"end":{}}]},"24":{"loc":{"start":{"line":159,"column":2},"end":{"line":160,"column":null}},"type":"if","locations":[{"start":{"line":159,"column":2},"end":{"line":160,"column":null}},{"start":{},"end":{}}]}},"s":{"0":5,"1":5,"2":5,"3":5,"4":158,"5":13,"6":1,"7":13,"8":65,"9":13,"10":13,"11":13,"12":71,"13":14,"14":28,"15":14,"16":13,"17":13,"18":13,"19":105,"20":14,"21":26,"22":1,"23":13,"24":13,"25":26,"26":13,"27":12,"28":12,"29":24,"30":0,"31":26,"32":1,"33":12,"34":0,"35":27,"36":13,"37":2,"38":1,"39":2,"40":1,"41":0,"42":27,"43":13,"44":13,"45":13,"46":13,"47":14,"48":13,"49":0,"50":1,"51":12,"52":1,"53":106,"54":12,"55":12,"56":12,"57":12,"58":12,"59":12,"60":11,"61":11,"62":24,"63":12,"64":12,"65":12,"66":12,"67":12,"68":22,"69":1,"70":11,"71":0,"72":1,"73":12,"74":1,"75":170,"76":12,"77":24,"78":12,"79":12,"80":12,"81":73,"82":13,"83":13,"84":26,"85":13,"86":13,"87":122,"88":12,"89":12,"90":13,"91":12,"92":0,"93":1,"94":13,"95":1,"96":103,"97":13,"98":13,"99":13,"100":13,"101":13,"102":13,"103":13,"104":13,"105":8,"106":8,"107":8,"108":13,"109":13,"110":13,"111":13,"112":13,"113":6,"114":6,"115":5,"116":6,"117":4,"118":13,"119":24,"120":1,"121":12,"122":0,"123":1},"f":{"0":61,"1":13,"2":1,"3":13,"4":26,"5":13,"6":14,"7":28,"8":13,"9":14,"10":27,"11":14,"12":14,"13":14,"14":12,"15":1,"16":12,"17":36,"18":12,"19":1,"20":12,"21":48,"22":13,"23":13,"24":1,"25":13,"26":39},"b":{"0":[24,12,0],"1":[0,24],"2":[0,0,0,0,0],"3":[0,0],"4":[13,13,0,0],"5":[13,0],"6":[13,13],"7":[14,13,1,1,0,0],"8":[14,13,12,12,1,12,0,0],"9":[13,1],"10":[12,0],"11":[1,0],"12":[12,11,1,12,12,11,0,0],"13":[11,0],"14":[11,1],"15":[12,12,25,13,13,12,0,12,12,0,12,12,0,0],"16":[12,13],"17":[13,0],"18":[13,13,13,12,0,0],"19":[8,5],"20":[6,7],"21":[5,1],"22":[6,6],"23":[4,2],"24":[12,1]}}
,"/Users/zane/playground/ai-ready/src/lib/core/test-lib.js": {"path":"/Users/zane/playground/ai-ready/src/lib/core/test-lib.js","statementMap":{"0":{"start":{"line":1,"column":0},"end":{"line":1,"column":null}},"1":{"start":{"line":2,"column":0},"end":{"line":2,"column":23}},"2":{"start":{"line":2,"column":23},"end":{"line":2,"column":null}},"3":{"start":{"line":11,"column":39},"end":{"line":11,"column":40}},"4":{"start":{"line":68,"column":0},"end":{"line":66,"column":null}},"5":{"start":{"line":11,"column":74},"end":{"line":63,"column":null}},"6":{"start":{"line":12,"column":8},"end":{"line":12,"column":null}},"7":{"start":{"line":12,"column":69},"end":{"line":12,"column":null}},"8":{"start":{"line":12,"column":69},"end":{"line":13,"column":null}},"9":{"start":{"line":13,"column":51},"end":{"line":13,"column":null}},"10":{"start":{"line":13,"column":51},"end":{"line":20,"column":null}},"11":{"start":{"line":22,"column":2},"end":{"line":23,"column":null}},"12":{"start":{"line":23,"column":40},"end":{"line":23,"column":null}},"13":{"start":{"line":23,"column":13},"end":{"line":23,"column":28}},"14":{"start":{"line":24,"column":10},"end":{"line":29,"column":null}},"15":{"start":{"line":30,"column":4},"end":{"line":30,"column":null}},"16":{"start":{"line":30,"column":4},"end":{"line":31,"column":null}},"17":{"start":{"line":31,"column":57},"end":{"line":33,"column":null}},"18":{"start":{"line":33,"column":27},"end":{"line":33,"column":null}},"19":{"start":{"line":33,"column":27},"end":{"line":45,"column":null}},"20":{"start":{"line":45,"column":7},"end":{"line":48,"column":null}},"21":{"start":{"line":48,"column":25},"end":{"line":48,"column":null}},"22":{"start":{"line":49,"column":12},"end":{"line":49,"column":null}},"23":{"start":{"line":50,"column":6},"end":{"line":50,"column":null}},"24":{"start":{"line":50,"column":6},"end":{"line":51,"column":null}},"25":{"start":{"line":51,"column":53},"end":{"line":51,"column":null}},"26":{"start":{"line":51,"column":53},"end":{"line":63,"column":null}},"27":{"start":{"line":63,"column":7},"end":{"line":63,"column":null}},"28":{"start":{"line":66,"column":1},"end":{"line":66,"column":null}},"29":{"start":{"line":74,"column":20},"end":{"line":75,"column":107}},"30":{"start":{"line":74,"column":28},"end":{"line":75,"column":107}},"31":{"start":{"line":83,"column":25},"end":{"line":92,"column":2}},"32":{"start":{"line":83,"column":41},"end":{"line":92,"column":2}},"33":{"start":{"line":87,"column":38},"end":{"line":91,"column":4}}},"fnMap":{"0":{"name":"_createForOfIteratorHelper","decl":{"start":{"line":2,"column":23},"end":{"line":2,"column":null}},"loc":{"start":{"line":2,"column":23},"end":{"line":2,"column":null}}},"1":{"name":"createTestLibrary","decl":{"start":{"line":11,"column":22},"end":{"line":11,"column":39}},"loc":{"start":{"line":11,"column":39},"end":{"line":11,"column":40}}},"2":{"name":"_createTestLibrary","decl":{"start":{"line":68,"column":0},"end":{"line":68,"column":null}},"loc":{"start":{"line":68,"column":0},"end":{"line":66,"column":null}}},"3":{"name":"_callee","decl":{"start":{"line":11,"column":7},"end":{"line":11,"column":22}},"loc":{"start":{"line":11,"column":74},"end":{"line":63,"column":null}}},"4":{"name":"(anonymous_13)","decl":{"start":{"line":11,"column":74},"end":{"line":11,"column":null}},"loc":{"start":{"line":11,"column":74},"end":{"line":63,"column":null}}},"5":{"name":"mkTable","decl":{"start":{"line":74,"column":13},"end":{"line":74,"column":20}},"loc":{"start":{"line":74,"column":28},"end":{"line":75,"column":107}}},"6":{"name":"makeProvider","decl":{"start":{"line":83,"column":13},"end":{"line":83,"column":25}},"loc":{"start":{"line":83,"column":41},"end":{"line":92,"column":2}}},"7":{"name":"(anonymous_16)","decl":{"start":{"line":87,"column":34},"end":{"line":87,"column":35}},"loc":{"start":{"line":87,"column":38},"end":{"line":91,"column":4}}}},"branchMap":{"0":{"loc":{"start":{"line":2,"column":23},"end":{"line":2,"column":null}},"type":"binary-expr","locations":[{"start":{"line":2,"column":23},"end":{"line":2,"column":null}},{"start":{"line":2,"column":23},"end":{"line":2,"column":null}},{"start":{"line":2,"column":23},"end":{"line":2,"column":null}}]},"1":{"loc":{"start":{"line":2,"column":23},"end":{"line":2,"column":null}},"type":"if","locations":[{"start":{"line":2,"column":23},"end":{"line":2,"column":null}},{"start":{},"end":{}}]},"2":{"loc":{"start":{"line":2,"column":23},"end":{"line":2,"column":null}},"type":"binary-expr","locations":[{"start":{"line":2,"column":23},"end":{"line":2,"column":null}},{"start":{"line":2,"column":23},"end":{"line":2,"column":null}},{"start":{"line":2,"column":23},"end":{"line":2,"column":null}},{"start":{"line":2,"column":23},"end":{"line":2,"column":null}},{"start":{"line":2,"column":23},"end":{"line":2,"column":null}}]},"3":{"loc":{"start":{"line":2,"column":23},"end":{"line":2,"column":null}},"type":"binary-expr","locations":[{"start":{"line":2,"column":23},"end":{"line":2,"column":null}},{"start":{"line":2,"column":23},"end":{"line":2,"column":null}}]},"4":{"loc":{"start":{"line":11,"column":74},"end":{"line":63,"column":null}},"type":"switch","locations":[{"start":{"line":11,"column":74},"end":{"line":13,"column":null}},{"start":{"line":13,"column":51},"end":{"line":20,"column":null}},{"start":{"line":20,"column":3},"end":{"line":23,"column":null}},{"start":{"line":23,"column":40},"end":{"line":31,"column":null}},{"start":{"line":31,"column":57},"end":{"line":45,"column":null}},{"start":{"line":45,"column":7},"end":{"line":51,"column":null}},{"start":{"line":51,"column":53},"end":{"line":63,"column":null}},{"start":{"line":63,"column":7},"end":{"line":63,"column":null}},{"start":{"line":63,"column":7},"end":{"line":63,"column":null}},{"start":{"line":63,"column":7},"end":{"line":63,"column":null}},{"start":{"line":63,"column":7},"end":{"line":63,"column":null}},{"start":{"line":63,"column":7},"end":{"line":63,"column":null}},{"start":{"line":63,"column":7},"end":{"line":63,"column":null}}]},"5":{"loc":{"start":{"line":23,"column":40},"end":{"line":23,"column":null}},"type":"if","locations":[{"start":{"line":23,"column":40},"end":{"line":23,"column":null}},{"start":{},"end":{}}]},"6":{"loc":{"start":{"line":31,"column":57},"end":{"line":33,"column":null}},"type":"if","locations":[{"start":{"line":31,"column":57},"end":{"line":33,"column":null}},{"start":{},"end":{}}]},"7":{"loc":{"start":{"line":45,"column":7},"end":{"line":48,"column":null}},"type":"if","locations":[{"start":{"line":45,"column":7},"end":{"line":48,"column":null}},{"start":{},"end":{}}]},"8":{"loc":{"start":{"line":89,"column":14},"end":{"line":89,"column":35}},"type":"binary-expr","locations":[{"start":{"line":89,"column":14},"end":{"line":89,"column":25}},{"start":{"line":89,"column":29},"end":{"line":89,"column":35}}]}},"s":{"0":2,"1":2,"2":119,"3":9,"4":1,"5":173,"6":9,"7":9,"8":9,"9":9,"10":9,"11":9,"12":55,"13":10,"14":10,"15":10,"16":10,"17":10,"18":14,"19":6,"20":10,"21":8,"22":6,"23":6,"24":6,"25":6,"26":6,"27":74,"28":1,"29":2,"30":8,"31":2,"32":3,"33":5},"f":{"0":46,"1":9,"2":1,"3":9,"4":64,"5":8,"6":3,"7":5},"b":{"0":[18,9,0],"1":[0,18],"2":[0,0,0,0,0],"3":[0,0],"4":[9,9,9,19,10,10,6,10,9,0,9,9,9],"5":[9,10],"6":[4,6],"7":[4,6],"8":[5,5]}}
,"/Users/zane/playground/ai-ready/src/lib/core/types.js": {"path":"/Users/zane/playground/ai-ready/src/lib/core/types.js","statementMap":{"0":{"start":{"line":41,"column":27},"end":{"line":48,"column":1}},"1":{"start":{"line":53,"column":30},"end":{"line":56,"column":1}},"2":{"start":{"line":64,"column":2},"end":{"line":71,"column":null}},"3":{"start":{"line":80,"column":2},"end":{"line":88,"column":null}},"4":{"start":{"line":97,"column":2},"end":{"line":104,"column":null}}},"fnMap":{"0":{"name":"isValidIntegration","decl":{"start":{"line":63,"column":16},"end":{"line":63,"column":34}},"loc":{"start":{"line":63,"column":48},"end":{"line":72,"column":null}}},"1":{"name":"isValidProvider","decl":{"start":{"line":79,"column":16},"end":{"line":79,"column":31}},"loc":{"start":{"line":79,"column":42},"end":{"line":89,"column":null}}},"2":{"name":"isValidCache","decl":{"start":{"line":96,"column":16},"end":{"line":96,"column":28}},"loc":{"start":{"line":96,"column":36},"end":{"line":105,"column":null}}}},"branchMap":{"0":{"loc":{"start":{"line":65,"column":4},"end":{"line":70,"column":35}},"type":"binary-expr","locations":[{"start":{"line":65,"column":4},"end":{"line":65,"column":15}},{"start":{"line":66,"column":7},"end":{"line":66,"column":43}},{"start":{"line":67,"column":7},"end":{"line":67,"column":34}},{"start":{"line":68,"column":7},"end":{"line":68,"column":46}},{"start":{"line":69,"column":7},"end":{"line":69,"column":39}},{"start":{"line":70,"column":7},"end":{"line":70,"column":35}}]},"1":{"loc":{"start":{"line":81,"column":4},"end":{"line":87,"column":54}},"type":"binary-expr","locations":[{"start":{"line":81,"column":4},"end":{"line":81,"column":12}},{"start":{"line":82,"column":7},"end":{"line":82,"column":47}},{"start":{"line":83,"column":7},"end":{"line":83,"column":38}},{"start":{"line":84,"column":7},"end":{"line":84,"column":43}},{"start":{"line":85,"column":7},"end":{"line":85,"column":40}},{"start":{"line":86,"column":7},"end":{"line":86,"column":43}},{"start":{"line":87,"column":7},"end":{"line":87,"column":54}}]},"2":{"loc":{"start":{"line":98,"column":4},"end":{"line":103,"column":45}},"type":"binary-expr","locations":[{"start":{"line":98,"column":4},"end":{"line":98,"column":9}},{"start":{"line":99,"column":7},"end":{"line":99,"column":42}},{"start":{"line":100,"column":7},"end":{"line":100,"column":49}},{"start":{"line":101,"column":7},"end":{"line":101,"column":49}},{"start":{"line":102,"column":7},"end":{"line":102,"column":37}},{"start":{"line":103,"column":7},"end":{"line":103,"column":45}}]}},"s":{"0":20,"1":20,"2":9,"3":17,"4":17},"f":{"0":9,"1":17,"2":17},"b":{"0":[9,7,6,4,4,3],"1":[17,15,14,12,12,12,12],"2":[17,15,12,11,11,11]}}
,"/Users/zane/playground/ai-ready/src/lib/parsers/frontmatter.js": {"path":"/Users/zane/playground/ai-ready/src/lib/parsers/frontmatter.js","statementMap":{"0":{"start":{"line":1,"column":0},"end":{"line":1,"column":null}},"1":{"start":{"line":2,"column":0},"end":{"line":2,"column":null}},"2":{"start":{"line":9,"column":38},"end":{"line":9,"column":39}},"3":{"start":{"line":33,"column":0},"end":{"line":31,"column":null}},"4":{"start":{"line":9,"column":47},"end":{"line":27,"column":null}},"5":{"start":{"line":9,"column":47},"end":{"line":9,"column":null}},"6":{"start":{"line":9,"column":47},"end":{"line":11,"column":null}},"7":{"start":{"line":11,"column":10},"end":{"line":11,"column":26}},"8":{"start":{"line":11,"column":17},"end":{"line":12,"column":21}},"9":{"start":{"line":14,"column":4},"end":{"line":15,"column":null}},"10":{"start":{"line":15,"column":35},"end":{"line":15,"column":null}},"11":{"start":{"line":15,"column":35},"end":{"line":16,"column":null}},"12":{"start":{"line":16,"column":17},"end":{"line":22,"column":null}},"13":{"start":{"line":22,"column":5},"end":{"line":22,"column":null}},"14":{"start":{"line":22,"column":5},"end":{"line":26,"column":null}},"15":{"start":{"line":26,"column":31},"end":{"line":26,"column":null}},"16":{"start":{"line":26,"column":31},"end":{"line":27,"column":null}},"17":{"start":{"line":27,"column":17},"end":{"line":27,"column":null}},"18":{"start":{"line":31,"column":1},"end":{"line":31,"column":null}},"19":{"start":{"line":39,"column":2},"end":{"line":54,"column":null}},"20":{"start":{"line":40,"column":21},"end":{"line":40,"column":36}},"21":{"start":{"line":40,"column":16},"end":{"line":40,"column":15}},"22":{"start":{"line":43,"column":4},"end":{"line":45,"column":null}},"23":{"start":{"line":44,"column":6},"end":{"line":44,"column":null}},"24":{"start":{"line":47,"column":4},"end":{"line":50,"column":null}},"25":{"start":{"line":53,"column":4},"end":{"line":53,"column":null}}},"fnMap":{"0":{"name":"parseFrontmatter","decl":{"start":{"line":9,"column":22},"end":{"line":9,"column":38}},"loc":{"start":{"line":9,"column":38},"end":{"line":9,"column":39}}},"1":{"name":"_parseFrontmatter","decl":{"start":{"line":33,"column":0},"end":{"line":33,"column":null}},"loc":{"start":{"line":33,"column":0},"end":{"line":31,"column":null}}},"2":{"name":"_callee","decl":{"start":{"line":9,"column":7},"end":{"line":9,"column":22}},"loc":{"start":{"line":9,"column":47},"end":{"line":27,"column":null}}},"3":{"name":"(anonymous_3)","decl":{"start":{"line":9,"column":47},"end":{"line":9,"column":null}},"loc":{"start":{"line":9,"column":47},"end":{"line":27,"column":null}}},"4":{"name":"parseFrontmatterFromString","decl":{"start":{"line":38,"column":16},"end":{"line":38,"column":42}},"loc":{"start":{"line":38,"column":52},"end":{"line":55,"column":null}}}},"branchMap":{"0":{"loc":{"start":{"line":9,"column":47},"end":{"line":27,"column":null}},"type":"switch","locations":[{"start":{"line":9,"column":47},"end":{"line":11,"column":null}},{"start":{"line":11,"column":55},"end":{"line":16,"column":null}},{"start":{"line":16,"column":17},"end":{"line":22,"column":null}},{"start":{"line":22,"column":5},"end":{"line":27,"column":null}},{"start":{"line":27,"column":17},"end":{"line":27,"column":null}},{"start":{"line":27,"column":17},"end":{"line":27,"column":null}},{"start":{"line":27,"column":17},"end":{"line":27,"column":null}}]},"1":{"loc":{"start":{"line":14,"column":4},"end":{"line":15,"column":null}},"type":"if","locations":[{"start":{"line":14,"column":4},"end":{"line":15,"column":null}},{"start":{},"end":{}}]},"2":{"loc":{"start":{"line":15,"column":8},"end":{"line":15,"column":35}},"type":"binary-expr","locations":[{"start":{"line":15,"column":8},"end":{"line":15,"column":18}},{"start":{"line":15,"column":22},"end":{"line":15,"column":35}}]},"3":{"loc":{"start":{"line":22,"column":5},"end":{"line":26,"column":null}},"type":"if","locations":[{"start":{"line":22,"column":5},"end":{"line":26,"column":null}},{"start":{},"end":{}}]},"4":{"loc":{"start":{"line":43,"column":4},"end":{"line":45,"column":null}},"type":"if","locations":[{"start":{"line":43,"column":4},"end":{"line":45,"column":null}},{"start":{},"end":{}}]},"5":{"loc":{"start":{"line":43,"column":8},"end":{"line":43,"column":35}},"type":"binary-expr","locations":[{"start":{"line":43,"column":8},"end":{"line":43,"column":18}},{"start":{"line":43,"column":22},"end":{"line":43,"column":35}}]}},"s":{"0":6,"1":6,"2":31,"3":2,"4":171,"5":62,"6":31,"7":17,"8":17,"9":17,"10":30,"11":2,"12":15,"13":28,"14":14,"15":2,"16":13,"17":1,"18":2,"19":7,"20":7,"21":6,"22":6,"23":3,"24":3,"25":1},"f":{"0":31,"1":2,"2":31,"3":62,"4":7},"b":{"0":[31,17,15,14,1,0,0],"1":[15,2],"2":[17,16],"3":[1,13],"4":[3,3],"5":[6,4]}}
}
