{"/Users/zane/playground/ai-ready/src/cli/air.mjs": {"path":"/Users/zane/playground/ai-ready/src/cli/air.mjs","statementMap":{"0":{"start":{"line":1,"column":0},"end":{"line":1,"column":null}},"1":{"start":{"line":2,"column":0},"end":{"line":2,"column":null}},"2":{"start":{"line":3,"column":0},"end":{"line":3,"column":null}},"3":{"start":{"line":4,"column":0},"end":{"line":4,"column":null}},"4":{"start":{"line":5,"column":0},"end":{"line":5,"column":null}},"5":{"start":{"line":6,"column":0},"end":{"line":6,"column":null}},"6":{"start":{"line":7,"column":0},"end":{"line":7,"column":null}},"7":{"start":{"line":9,"column":9},"end":{"line":51,"column":1}},"8":{"start":{"line":10,"column":2},"end":{"line":10,"column":null}},"9":{"start":{"line":12,"column":2},"end":{"line":19,"column":null}},"10":{"start":{"line":21,"column":2},"end":{"line":27,"column":null}},"11":{"start":{"line":29,"column":2},"end":{"line":35,"column":null}},"12":{"start":{"line":37,"column":2},"end":{"line":40,"column":null}},"13":{"start":{"line":42,"column":2},"end":{"line":46,"column":null}},"14":{"start":{"line":48,"column":2},"end":{"line":48,"column":null}},"15":{"start":{"line":50,"column":2},"end":{"line":50,"column":null}},"16":{"start":{"line":53,"column":28},"end":{"line":101,"column":1}},"17":{"start":{"line":54,"column":21},"end":{"line":54,"column":95}},"18":{"start":{"line":56,"column":2},"end":{"line":56,"column":null}},"19":{"start":{"line":58,"column":2},"end":{"line":69,"column":null}},"20":{"start":{"line":63,"column":11},"end":{"line":69,"column":6}},"21":{"start":{"line":63,"column":31},"end":{"line":68,"column":null}},"22":{"start":{"line":63,"column":31},"end":{"line":63,"column":null}},"23":{"start":{"line":68,"column":8},"end":{"line":68,"column":null}},"24":{"start":{"line":69,"column":5},"end":{"line":69,"column":6}},"25":{"start":{"line":71,"column":2},"end":{"line":82,"column":null}},"26":{"start":{"line":76,"column":11},"end":{"line":82,"column":6}},"27":{"start":{"line":76,"column":38},"end":{"line":81,"column":null}},"28":{"start":{"line":76,"column":38},"end":{"line":76,"column":null}},"29":{"start":{"line":81,"column":8},"end":{"line":81,"column":null}},"30":{"start":{"line":82,"column":5},"end":{"line":82,"column":6}},"31":{"start":{"line":84,"column":2},"end":{"line":91,"column":null}},"32":{"start":{"line":87,"column":11},"end":{"line":91,"column":6}},"33":{"start":{"line":87,"column":29},"end":{"line":90,"column":null}},"34":{"start":{"line":87,"column":29},"end":{"line":87,"column":null}},"35":{"start":{"line":90,"column":8},"end":{"line":90,"column":null}},"36":{"start":{"line":91,"column":5},"end":{"line":91,"column":6}},"37":{"start":{"line":93,"column":2},"end":{"line":100,"column":null}},"38":{"start":{"line":96,"column":11},"end":{"line":100,"column":6}},"39":{"start":{"line":96,"column":29},"end":{"line":99,"column":null}},"40":{"start":{"line":96,"column":29},"end":{"line":96,"column":null}},"41":{"start":{"line":99,"column":8},"end":{"line":99,"column":null}},"42":{"start":{"line":100,"column":5},"end":{"line":100,"column":6}}},"fnMap":{"0":{"name":"run","decl":{"start":{"line":9,"column":6},"end":{"line":9,"column":9}},"loc":{"start":{"line":9,"column":18},"end":{"line":51,"column":1}}},"1":{"name":"loadSourcesCommands","decl":{"start":{"line":53,"column":6},"end":{"line":53,"column":25}},"loc":{"start":{"line":53,"column":34},"end":{"line":101,"column":1}}},"2":{"name":"(anonymous_2)","decl":{"start":{"line":63,"column":11},"end":{"line":63,"column":12}},"loc":{"start":{"line":63,"column":11},"end":{"line":69,"column":6}}},"3":{"name":"_callee","decl":{"start":{"line":63,"column":12},"end":{"line":63,"column":19}},"loc":{"start":{"line":63,"column":31},"end":{"line":68,"column":null}}},"4":{"name":"(anonymous_4)","decl":{"start":{"line":63,"column":31},"end":{"line":63,"column":null}},"loc":{"start":{"line":63,"column":31},"end":{"line":68,"column":null}}},"5":{"name":"(anonymous_5)","decl":{"start":{"line":69,"column":5},"end":{"line":69,"column":6}},"loc":{"start":{"line":69,"column":5},"end":{"line":69,"column":6}}},"6":{"name":"(anonymous_6)","decl":{"start":{"line":76,"column":11},"end":{"line":76,"column":12}},"loc":{"start":{"line":76,"column":11},"end":{"line":82,"column":6}}},"7":{"name":"_callee2","decl":{"start":{"line":76,"column":12},"end":{"line":76,"column":19}},"loc":{"start":{"line":76,"column":38},"end":{"line":81,"column":null}}},"8":{"name":"(anonymous_8)","decl":{"start":{"line":76,"column":38},"end":{"line":76,"column":null}},"loc":{"start":{"line":76,"column":38},"end":{"line":81,"column":null}}},"9":{"name":"(anonymous_9)","decl":{"start":{"line":82,"column":5},"end":{"line":82,"column":6}},"loc":{"start":{"line":82,"column":5},"end":{"line":82,"column":6}}},"10":{"name":"(anonymous_10)","decl":{"start":{"line":87,"column":11},"end":{"line":87,"column":12}},"loc":{"start":{"line":87,"column":11},"end":{"line":91,"column":6}}},"11":{"name":"_callee3","decl":{"start":{"line":87,"column":12},"end":{"line":87,"column":19}},"loc":{"start":{"line":87,"column":29},"end":{"line":90,"column":null}}},"12":{"name":"(anonymous_12)","decl":{"start":{"line":87,"column":29},"end":{"line":87,"column":null}},"loc":{"start":{"line":87,"column":29},"end":{"line":90,"column":null}}},"13":{"name":"(anonymous_13)","decl":{"start":{"line":91,"column":5},"end":{"line":91,"column":6}},"loc":{"start":{"line":91,"column":5},"end":{"line":91,"column":6}}},"14":{"name":"(anonymous_14)","decl":{"start":{"line":96,"column":11},"end":{"line":96,"column":12}},"loc":{"start":{"line":96,"column":11},"end":{"line":100,"column":6}}},"15":{"name":"_callee4","decl":{"start":{"line":96,"column":12},"end":{"line":96,"column":19}},"loc":{"start":{"line":96,"column":29},"end":{"line":99,"column":null}}},"16":{"name":"(anonymous_16)","decl":{"start":{"line":96,"column":29},"end":{"line":96,"column":null}},"loc":{"start":{"line":96,"column":29},"end":{"line":99,"column":null}}},"17":{"name":"(anonymous_17)","decl":{"start":{"line":100,"column":5},"end":{"line":100,"column":6}},"loc":{"start":{"line":100,"column":5},"end":{"line":100,"column":6}}}},"branchMap":{"0":{"loc":{"start":{"line":63,"column":31},"end":{"line":68,"column":null}},"type":"switch","locations":[{"start":{"line":63,"column":31},"end":{"line":68,"column":null}},{"start":{"line":68,"column":8},"end":{"line":68,"column":null}},{"start":{"line":68,"column":8},"end":{"line":68,"column":null}}]},"1":{"loc":{"start":{"line":76,"column":38},"end":{"line":81,"column":null}},"type":"switch","locations":[{"start":{"line":76,"column":38},"end":{"line":81,"column":null}},{"start":{"line":81,"column":8},"end":{"line":81,"column":null}},{"start":{"line":81,"column":8},"end":{"line":81,"column":null}}]},"2":{"loc":{"start":{"line":87,"column":29},"end":{"line":90,"column":null}},"type":"switch","locations":[{"start":{"line":87,"column":29},"end":{"line":90,"column":null}},{"start":{"line":90,"column":8},"end":{"line":90,"column":null}},{"start":{"line":90,"column":8},"end":{"line":90,"column":null}}]},"3":{"loc":{"start":{"line":96,"column":29},"end":{"line":99,"column":null}},"type":"switch","locations":[{"start":{"line":96,"column":29},"end":{"line":99,"column":null}},{"start":{"line":99,"column":8},"end":{"line":99,"column":null}},{"start":{"line":99,"column":8},"end":{"line":99,"column":null}}]}},"s":{"0":0,"1":0,"2":0,"3":0,"4":0,"5":0,"6":0,"7":0,"8":0,"9":0,"10":0,"11":0,"12":0,"13":0,"14":0,"15":0,"16":0,"17":0,"18":0,"19":0,"20":0,"21":0,"22":0,"23":0,"24":0,"25":0,"26":0,"27":0,"28":0,"29":0,"30":0,"31":0,"32":0,"33":0,"34":0,"35":0,"36":0,"37":0,"38":0,"39":0,"40":0,"41":0,"42":0},"f":{"0":0,"1":0,"2":0,"3":0,"4":0,"5":0,"6":0,"7":0,"8":0,"9":0,"10":0,"11":0,"12":0,"13":0,"14":0,"15":0,"16":0,"17":0},"b":{"0":[0,0,0],"1":[0,0,0],"2":[0,0,0],"3":[0,0,0]}}
,"/Users/zane/playground/ai-ready/src/lib/scanner.js": {"path":"/Users/zane/playground/ai-ready/src/lib/scanner.js","statementMap":{"0":{"start":{"line":1,"column":0},"end":{"line":1,"column":null}},"1":{"start":{"line":2,"column":0},"end":{"line":2,"column":null}},"2":{"start":{"line":3,"column":0},"end":{"line":3,"column":null}},"3":{"start":{"line":4,"column":0},"end":{"line":4,"column":null}},"4":{"start":{"line":5,"column":0},"end":{"line":5,"column":null}},"5":{"start":{"line":6,"column":0},"end":{"line":6,"column":null}},"6":{"start":{"line":7,"column":0},"end":{"line":7,"column":null}},"7":{"start":{"line":8,"column":0},"end":{"line":8,"column":66}},"8":{"start":{"line":8,"column":66},"end":{"line":8,"column":null}},"9":{"start":{"line":21,"column":29},"end":{"line":21,"column":30}},"10":{"start":{"line":40,"column":0},"end":{"line":38,"column":null}},"11":{"start":{"line":21,"column":7},"end":{"line":21,"column":22}},"12":{"start":{"line":21,"column":7},"end":{"line":37,"column":null}},"13":{"start":{"line":21,"column":30},"end":{"line":21,"column":null}},"14":{"start":{"line":21,"column":42},"end":{"line":22,"column":64}},"15":{"start":{"line":24,"column":8},"end":{"line":27,"column":null}},"16":{"start":{"line":27,"column":3},"end":{"line":29,"column":null}},"17":{"start":{"line":29,"column":62},"end":{"line":29,"column":null}},"18":{"start":{"line":29,"column":62},"end":{"line":30,"column":null}},"19":{"start":{"line":30,"column":4},"end":{"line":30,"column":33}},"20":{"start":{"line":30,"column":24},"end":{"line":33,"column":null}},"21":{"start":{"line":33,"column":65},"end":{"line":33,"column":null}},"22":{"start":{"line":33,"column":65},"end":{"line":34,"column":null}},"23":{"start":{"line":34,"column":4},"end":{"line":34,"column":36}},"24":{"start":{"line":34,"column":27},"end":{"line":37,"column":null}},"25":{"start":{"line":37,"column":16},"end":{"line":37,"column":null}},"26":{"start":{"line":38,"column":1},"end":{"line":38,"column":null}},"27":{"start":{"line":45,"column":38},"end":{"line":45,"column":39}},"28":{"start":{"line":49,"column":0},"end":{"line":47,"column":null}},"29":{"start":{"line":45,"column":7},"end":{"line":45,"column":22}},"30":{"start":{"line":45,"column":7},"end":{"line":46,"column":null}},"31":{"start":{"line":45,"column":39},"end":{"line":45,"column":null}},"32":{"start":{"line":45,"column":62},"end":{"line":45,"column":null}},"33":{"start":{"line":45,"column":62},"end":{"line":46,"column":null}},"34":{"start":{"line":46,"column":58},"end":{"line":46,"column":null}},"35":{"start":{"line":47,"column":1},"end":{"line":47,"column":null}},"36":{"start":{"line":53,"column":41},"end":{"line":53,"column":null}},"37":{"start":{"line":97,"column":0},"end":{"line":95,"column":null}},"38":{"start":{"line":53,"column":7},"end":{"line":94,"column":null}},"39":{"start":{"line":53,"column":7},"end":{"line":53,"column":22}},"40":{"start":{"line":53,"column":7},"end":{"line":54,"column":null}},"41":{"start":{"line":54,"column":8},"end":{"line":54,"column":23}},"42":{"start":{"line":55,"column":8},"end":{"line":55,"column":null}},"43":{"start":{"line":55,"column":22},"end":{"line":55,"column":null}},"44":{"start":{"line":55,"column":22},"end":{"line":92,"column":null}},"45":{"start":{"line":58,"column":20},"end":{"line":91,"column":null}},"46":{"start":{"line":58,"column":32},"end":{"line":90,"column":null}},"47":{"start":{"line":58,"column":32},"end":{"line":58,"column":null}},"48":{"start":{"line":58,"column":32},"end":{"line":60,"column":null}},"49":{"start":{"line":60,"column":36},"end":{"line":60,"column":null}},"50":{"start":{"line":64,"column":12},"end":{"line":64,"column":null}},"51":{"start":{"line":67,"column":10},"end":{"line":67,"column":null}},"52":{"start":{"line":67,"column":26},"end":{"line":67,"column":null}},"53":{"start":{"line":69,"column":14},"end":{"line":69,"column":null}},"54":{"start":{"line":69,"column":39},"end":{"line":69,"column":null}},"55":{"start":{"line":69,"column":39},"end":{"line":70,"column":null}},"56":{"start":{"line":70,"column":14},"end":{"line":70,"column":26}},"57":{"start":{"line":71,"column":8},"end":{"line":71,"column":null}},"58":{"start":{"line":71,"column":44},"end":{"line":71,"column":null}},"59":{"start":{"line":71,"column":44},"end":{"line":79,"column":null}},"60":{"start":{"line":79,"column":12},"end":{"line":79,"column":33}},"61":{"start":{"line":81,"column":6},"end":{"line":90,"column":7}},"62":{"start":{"line":82,"column":8},"end":{"line":89,"column":null}},"63":{"start":{"line":90,"column":7},"end":{"line":90,"column":null}},"64":{"start":{"line":91,"column":5},"end":{"line":91,"column":null}},"65":{"start":{"line":92,"column":3},"end":{"line":94,"column":null}},"66":{"start":{"line":94,"column":18},"end":{"line":94,"column":null}},"67":{"start":{"line":95,"column":1},"end":{"line":95,"column":null}},"68":{"start":{"line":103,"column":35},"end":{"line":103,"column":36}},"69":{"start":{"line":131,"column":0},"end":{"line":129,"column":null}},"70":{"start":{"line":103,"column":50},"end":{"line":128,"column":null}},"71":{"start":{"line":104,"column":8},"end":{"line":104,"column":null}},"72":{"start":{"line":104,"column":74},"end":{"line":104,"column":null}},"73":{"start":{"line":104,"column":74},"end":{"line":107,"column":null}},"74":{"start":{"line":107,"column":37},"end":{"line":107,"column":null}},"75":{"start":{"line":107,"column":37},"end":{"line":111,"column":null}},"76":{"start":{"line":111,"column":13},"end":{"line":111,"column":null}},"77":{"start":{"line":111,"column":13},"end":{"line":114,"column":null}},"78":{"start":{"line":114,"column":8},"end":{"line":114,"column":29}},"79":{"start":{"line":117,"column":2},"end":{"line":126,"column":null}},"80":{"start":{"line":118,"column":4},"end":{"line":125,"column":null}},"81":{"start":{"line":126,"column":4},"end":{"line":128,"column":null}},"82":{"start":{"line":128,"column":21},"end":{"line":128,"column":null}},"83":{"start":{"line":129,"column":1},"end":{"line":129,"column":null}},"84":{"start":{"line":137,"column":38},"end":{"line":137,"column":39}},"85":{"start":{"line":187,"column":0},"end":{"line":185,"column":null}},"86":{"start":{"line":137,"column":48},"end":{"line":137,"column":50}},"87":{"start":{"line":137,"column":48},"end":{"line":184,"column":null}},"88":{"start":{"line":137,"column":50},"end":{"line":137,"column":null}},"89":{"start":{"line":137,"column":73},"end":{"line":137,"column":null}},"90":{"start":{"line":137,"column":73},"end":{"line":181,"column":null}},"91":{"start":{"line":140,"column":17},"end":{"line":180,"column":null}},"92":{"start":{"line":140,"column":33},"end":{"line":178,"column":null}},"93":{"start":{"line":141,"column":12},"end":{"line":141,"column":null}},"94":{"start":{"line":141,"column":58},"end":{"line":141,"column":null}},"95":{"start":{"line":141,"column":58},"end":{"line":151,"column":null}},"96":{"start":{"line":145,"column":14},"end":{"line":145,"column":30}},"97":{"start":{"line":145,"column":21},"end":{"line":145,"column":30}},"98":{"start":{"line":145,"column":21},"end":{"line":168,"column":null}},"99":{"start":{"line":158,"column":21},"end":{"line":167,"column":null}},"100":{"start":{"line":158,"column":45},"end":{"line":166,"column":null}},"101":{"start":{"line":160,"column":18},"end":{"line":160,"column":null}},"102":{"start":{"line":163,"column":18},"end":{"line":163,"column":null}},"103":{"start":{"line":164,"column":18},"end":{"line":164,"column":65}},"104":{"start":{"line":164,"column":65},"end":{"line":166,"column":null}},"105":{"start":{"line":166,"column":56},"end":{"line":166,"column":null}},"106":{"start":{"line":167,"column":11},"end":{"line":167,"column":null}},"107":{"start":{"line":155,"column":14},"end":{"line":155,"column":32}},"108":{"start":{"line":155,"column":23},"end":{"line":170,"column":null}},"109":{"start":{"line":170,"column":41},"end":{"line":170,"column":57}},"110":{"start":{"line":170,"column":57},"end":{"line":170,"column":null}},"111":{"start":{"line":170,"column":57},"end":{"line":174,"column":null}},"112":{"start":{"line":174,"column":94},"end":{"line":174,"column":null}},"113":{"start":{"line":174,"column":94},"end":{"line":178,"column":null}},"114":{"start":{"line":178,"column":17},"end":{"line":178,"column":null}},"115":{"start":{"line":180,"column":5},"end":{"line":180,"column":null}},"116":{"start":{"line":139,"column":8},"end":{"line":139,"column":28}},"117":{"start":{"line":139,"column":19},"end":{"line":184,"column":null}},"118":{"start":{"line":184,"column":27},"end":{"line":184,"column":null}},"119":{"start":{"line":185,"column":1},"end":{"line":185,"column":null}},"120":{"start":{"line":193,"column":26},"end":{"line":193,"column":27}},"121":{"start":{"line":232,"column":0},"end":{"line":230,"column":null}},"122":{"start":{"line":193,"column":51},"end":{"line":229,"column":null}},"123":{"start":{"line":195,"column":8},"end":{"line":195,"column":null}},"124":{"start":{"line":196,"column":6},"end":{"line":196,"column":null}},"125":{"start":{"line":196,"column":25},"end":{"line":196,"column":null}},"126":{"start":{"line":196,"column":25},"end":{"line":199,"column":29}},"127":{"start":{"line":199,"column":28},"end":{"line":199,"column":29}},"128":{"start":{"line":199,"column":28},"end":{"line":199,"column":null}},"129":{"start":{"line":199,"column":10},"end":{"line":199,"column":41}},"130":{"start":{"line":200,"column":4},"end":{"line":200,"column":null}},"131":{"start":{"line":200,"column":46},"end":{"line":200,"column":null}},"132":{"start":{"line":207,"column":8},"end":{"line":207,"column":null}},"133":{"start":{"line":207,"column":77},"end":{"line":207,"column":null}},"134":{"start":{"line":207,"column":77},"end":{"line":208,"column":null}},"135":{"start":{"line":208,"column":8},"end":{"line":208,"column":29}},"136":{"start":{"line":208,"column":20},"end":{"line":210,"column":null}},"137":{"start":{"line":210,"column":31},"end":{"line":210,"column":null}},"138":{"start":{"line":210,"column":31},"end":{"line":211,"column":null}},"139":{"start":{"line":215,"column":2},"end":{"line":222,"column":null}},"140":{"start":{"line":216,"column":4},"end":{"line":221,"column":null}},"141":{"start":{"line":222,"column":4},"end":{"line":229,"column":null}},"142":{"start":{"line":229,"column":3},"end":{"line":229,"column":null}},"143":{"start":{"line":230,"column":1},"end":{"line":230,"column":null}},"144":{"start":{"line":237,"column":31},"end":{"line":237,"column":32}},"145":{"start":{"line":258,"column":0},"end":{"line":256,"column":null}},"146":{"start":{"line":237,"column":48},"end":{"line":255,"column":null}},"147":{"start":{"line":238,"column":8},"end":{"line":238,"column":null}},"148":{"start":{"line":238,"column":18},"end":{"line":238,"column":null}},"149":{"start":{"line":238,"column":18},"end":{"line":240,"column":null}},"150":{"start":{"line":240,"column":10},"end":{"line":240,"column":26}},"151":{"start":{"line":240,"column":17},"end":{"line":242,"column":null}},"152":{"start":{"line":242,"column":31},"end":{"line":242,"column":null}},"153":{"start":{"line":242,"column":15},"end":{"line":242,"column":24}},"154":{"start":{"line":242,"column":20},"end":{"line":243,"column":null}},"155":{"start":{"line":243,"column":30},"end":{"line":243,"column":null}},"156":{"start":{"line":245,"column":12},"end":{"line":245,"column":null}},"157":{"start":{"line":246,"column":6},"end":{"line":246,"column":null}},"158":{"start":{"line":246,"column":62},"end":{"line":246,"column":null}},"159":{"start":{"line":246,"column":62},"end":{"line":253,"column":50}},"160":{"start":{"line":253,"column":8},"end":{"line":253,"column":null}},"161":{"start":{"line":253,"column":69},"end":{"line":253,"column":null}},"162":{"start":{"line":253,"column":87},"end":{"line":255,"column":null}},"163":{"start":{"line":255,"column":21},"end":{"line":255,"column":null}},"164":{"start":{"line":256,"column":1},"end":{"line":256,"column":null}},"165":{"start":{"line":264,"column":30},"end":{"line":264,"column":31}},"166":{"start":{"line":264,"column":30},"end":{"line":306,"column":null}},"167":{"start":{"line":264,"column":63},"end":{"line":305,"column":null}},"168":{"start":{"line":265,"column":8},"end":{"line":265,"column":null}},"169":{"start":{"line":266,"column":6},"end":{"line":266,"column":null}},"170":{"start":{"line":267,"column":6},"end":{"line":267,"column":null}},"171":{"start":{"line":270,"column":8},"end":{"line":270,"column":null}},"172":{"start":{"line":270,"column":69},"end":{"line":270,"column":null}},"173":{"start":{"line":270,"column":69},"end":{"line":271,"column":null}},"174":{"start":{"line":271,"column":8},"end":{"line":271,"column":32}},"175":{"start":{"line":273,"column":2},"end":{"line":277,"column":null}},"176":{"start":{"line":274,"column":4},"end":{"line":274,"column":null}},"177":{"start":{"line":275,"column":4},"end":{"line":275,"column":null}},"178":{"start":{"line":276,"column":4},"end":{"line":276,"column":null}},"179":{"start":{"line":280,"column":8},"end":{"line":280,"column":null}},"180":{"start":{"line":280,"column":74},"end":{"line":280,"column":null}},"181":{"start":{"line":280,"column":74},"end":{"line":281,"column":null}},"182":{"start":{"line":281,"column":8},"end":{"line":281,"column":30}},"183":{"start":{"line":283,"column":2},"end":{"line":292,"column":null}},"184":{"start":{"line":284,"column":4},"end":{"line":284,"column":null}},"185":{"start":{"line":286,"column":4},"end":{"line":288,"column":null}},"186":{"start":{"line":287,"column":6},"end":{"line":287,"column":null}},"187":{"start":{"line":289,"column":4},"end":{"line":291,"column":null}},"188":{"start":{"line":290,"column":6},"end":{"line":290,"column":null}},"189":{"start":{"line":294,"column":2},"end":{"line":295,"column":null}},"190":{"start":{"line":295,"column":24},"end":{"line":295,"column":null}},"191":{"start":{"line":295,"column":24},"end":{"line":296,"column":null}},"192":{"start":{"line":296,"column":15},"end":{"line":305,"column":null}},"193":{"start":{"line":305,"column":3},"end":{"line":305,"column":null}},"194":{"start":{"line":306,"column":1},"end":{"line":306,"column":null}}},"fnMap":{"0":{"name":"_createForOfIteratorHelper","decl":{"start":{"line":8,"column":66},"end":{"line":8,"column":null}},"loc":{"start":{"line":8,"column":66},"end":{"line":8,"column":null}}},"1":{"name":"scanAll","decl":{"start":{"line":21,"column":22},"end":{"line":21,"column":29}},"loc":{"start":{"line":21,"column":29},"end":{"line":21,"column":30}}},"2":{"name":"_scanAll","decl":{"start":{"line":40,"column":0},"end":{"line":40,"column":null}},"loc":{"start":{"line":40,"column":0},"end":{"line":38,"column":null}}},"3":{"name":"_callee","decl":{"start":{"line":21,"column":7},"end":{"line":21,"column":22}},"loc":{"start":{"line":21,"column":7},"end":{"line":37,"column":null}}},"4":{"name":"scanNpmProviders","decl":{"start":{"line":45,"column":22},"end":{"line":45,"column":38}},"loc":{"start":{"line":45,"column":38},"end":{"line":45,"column":39}}},"5":{"name":"_scanNpmProviders","decl":{"start":{"line":49,"column":0},"end":{"line":49,"column":null}},"loc":{"start":{"line":49,"column":0},"end":{"line":47,"column":null}}},"6":{"name":"_callee2","decl":{"start":{"line":45,"column":7},"end":{"line":45,"column":22}},"loc":{"start":{"line":45,"column":7},"end":{"line":46,"column":null}}},"7":{"name":"scanRemoteProviders","decl":{"start":{"line":53,"column":22},"end":{"line":53,"column":41}},"loc":{"start":{"line":53,"column":41},"end":{"line":53,"column":null}}},"8":{"name":"_scanRemoteProviders","decl":{"start":{"line":97,"column":0},"end":{"line":97,"column":null}},"loc":{"start":{"line":97,"column":0},"end":{"line":95,"column":null}}},"9":{"name":"_callee4","decl":{"start":{"line":53,"column":7},"end":{"line":53,"column":22}},"loc":{"start":{"line":53,"column":7},"end":{"line":94,"column":null}}},"10":{"name":"(anonymous_22)","decl":{"start":{"line":58,"column":20},"end":{"line":58,"column":21}},"loc":{"start":{"line":58,"column":20},"end":{"line":91,"column":null}}},"11":{"name":"_callee3","decl":{"start":{"line":58,"column":21},"end":{"line":58,"column":28}},"loc":{"start":{"line":58,"column":32},"end":{"line":90,"column":null}}},"12":{"name":"(anonymous_24)","decl":{"start":{"line":58,"column":32},"end":{"line":58,"column":null}},"loc":{"start":{"line":58,"column":32},"end":{"line":90,"column":null}}},"13":{"name":"(anonymous_25)","decl":{"start":{"line":91,"column":5},"end":{"line":91,"column":null}},"loc":{"start":{"line":91,"column":5},"end":{"line":91,"column":null}}},"14":{"name":"scanRepoIntegrations","decl":{"start":{"line":103,"column":15},"end":{"line":103,"column":35}},"loc":{"start":{"line":103,"column":35},"end":{"line":103,"column":36}}},"15":{"name":"_scanRepoIntegrations","decl":{"start":{"line":131,"column":0},"end":{"line":131,"column":null}},"loc":{"start":{"line":131,"column":0},"end":{"line":129,"column":null}}},"16":{"name":"_callee5","decl":{"start":{"line":103,"column":0},"end":{"line":103,"column":15}},"loc":{"start":{"line":103,"column":50},"end":{"line":128,"column":null}}},"17":{"name":"(anonymous_29)","decl":{"start":{"line":103,"column":50},"end":{"line":103,"column":null}},"loc":{"start":{"line":103,"column":50},"end":{"line":128,"column":null}}},"18":{"name":"(anonymous_30)","decl":{"start":{"line":117,"column":23},"end":{"line":117,"column":24}},"loc":{"start":{"line":117,"column":40},"end":{"line":126,"column":3}}},"19":{"name":"scanForProviders","decl":{"start":{"line":137,"column":22},"end":{"line":137,"column":38}},"loc":{"start":{"line":137,"column":38},"end":{"line":137,"column":39}}},"20":{"name":"_scanForProviders","decl":{"start":{"line":187,"column":0},"end":{"line":187,"column":null}},"loc":{"start":{"line":187,"column":0},"end":{"line":185,"column":null}}},"21":{"name":"_callee8","decl":{"start":{"line":137,"column":7},"end":{"line":137,"column":22}},"loc":{"start":{"line":137,"column":48},"end":{"line":184,"column":null}}},"22":{"name":"(anonymous_34)","decl":{"start":{"line":137,"column":48},"end":{"line":137,"column":50}},"loc":{"start":{"line":137,"column":48},"end":{"line":184,"column":null}}},"23":{"name":"(anonymous_35)","decl":{"start":{"line":140,"column":17},"end":{"line":140,"column":18}},"loc":{"start":{"line":140,"column":17},"end":{"line":180,"column":null}}},"24":{"name":"_callee7","decl":{"start":{"line":140,"column":18},"end":{"line":140,"column":25}},"loc":{"start":{"line":140,"column":33},"end":{"line":178,"column":null}}},"25":{"name":"(anonymous_37)","decl":{"start":{"line":140,"column":33},"end":{"line":140,"column":null}},"loc":{"start":{"line":140,"column":33},"end":{"line":178,"column":null}}},"26":{"name":"(anonymous_38)","decl":{"start":{"line":158,"column":21},"end":{"line":158,"column":22}},"loc":{"start":{"line":158,"column":21},"end":{"line":167,"column":null}}},"27":{"name":"_callee6","decl":{"start":{"line":158,"column":22},"end":{"line":158,"column":29}},"loc":{"start":{"line":158,"column":45},"end":{"line":166,"column":null}}},"28":{"name":"(anonymous_40)","decl":{"start":{"line":158,"column":45},"end":{"line":158,"column":null}},"loc":{"start":{"line":158,"column":45},"end":{"line":166,"column":null}}},"29":{"name":"(anonymous_41)","decl":{"start":{"line":167,"column":11},"end":{"line":167,"column":null}},"loc":{"start":{"line":167,"column":11},"end":{"line":167,"column":null}}},"30":{"name":"(anonymous_42)","decl":{"start":{"line":170,"column":32},"end":{"line":170,"column":33}},"loc":{"start":{"line":170,"column":41},"end":{"line":170,"column":57}}},"31":{"name":"(anonymous_43)","decl":{"start":{"line":180,"column":5},"end":{"line":180,"column":null}},"loc":{"start":{"line":180,"column":5},"end":{"line":180,"column":null}}},"32":{"name":"scanLibrary","decl":{"start":{"line":193,"column":15},"end":{"line":193,"column":26}},"loc":{"start":{"line":193,"column":26},"end":{"line":193,"column":27}}},"33":{"name":"_scanLibrary","decl":{"start":{"line":232,"column":0},"end":{"line":232,"column":null}},"loc":{"start":{"line":232,"column":0},"end":{"line":230,"column":null}}},"34":{"name":"_callee9","decl":{"start":{"line":193,"column":0},"end":{"line":193,"column":15}},"loc":{"start":{"line":193,"column":51},"end":{"line":229,"column":null}}},"35":{"name":"(anonymous_47)","decl":{"start":{"line":193,"column":51},"end":{"line":193,"column":null}},"loc":{"start":{"line":193,"column":51},"end":{"line":229,"column":null}}},"36":{"name":"(anonymous_48)","decl":{"start":{"line":215,"column":23},"end":{"line":215,"column":24}},"loc":{"start":{"line":215,"column":40},"end":{"line":222,"column":3}}},"37":{"name":"scanIntegrations","decl":{"start":{"line":237,"column":15},"end":{"line":237,"column":31}},"loc":{"start":{"line":237,"column":31},"end":{"line":237,"column":32}}},"38":{"name":"_scanIntegrations","decl":{"start":{"line":258,"column":0},"end":{"line":258,"column":null}},"loc":{"start":{"line":258,"column":0},"end":{"line":256,"column":null}}},"39":{"name":"_callee0","decl":{"start":{"line":237,"column":0},"end":{"line":237,"column":15}},"loc":{"start":{"line":237,"column":48},"end":{"line":255,"column":null}}},"40":{"name":"(anonymous_52)","decl":{"start":{"line":237,"column":48},"end":{"line":237,"column":null}},"loc":{"start":{"line":237,"column":48},"end":{"line":255,"column":null}}},"41":{"name":"(anonymous_53)","decl":{"start":{"line":253,"column":57},"end":{"line":253,"column":58}},"loc":{"start":{"line":253,"column":69},"end":{"line":253,"column":null}}},"42":{"name":"scanIntegration","decl":{"start":{"line":264,"column":15},"end":{"line":264,"column":30}},"loc":{"start":{"line":264,"column":30},"end":{"line":264,"column":31}}},"43":{"name":"_scanIntegration","decl":{"start":{"line":264,"column":30},"end":{"line":264,"column":31}},"loc":{"start":{"line":264,"column":30},"end":{"line":306,"column":null}}},"44":{"name":"_callee1","decl":{"start":{"line":264,"column":0},"end":{"line":264,"column":15}},"loc":{"start":{"line":264,"column":63},"end":{"line":305,"column":null}}},"45":{"name":"(anonymous_57)","decl":{"start":{"line":264,"column":63},"end":{"line":264,"column":null}},"loc":{"start":{"line":264,"column":63},"end":{"line":305,"column":null}}}},"branchMap":{"0":{"loc":{"start":{"line":8,"column":66},"end":{"line":8,"column":null}},"type":"binary-expr","locations":[{"start":{"line":8,"column":66},"end":{"line":8,"column":null}},{"start":{"line":8,"column":66},"end":{"line":8,"column":null}},{"start":{"line":8,"column":66},"end":{"line":8,"column":null}}]},"1":{"loc":{"start":{"line":8,"column":66},"end":{"line":8,"column":null}},"type":"if","locations":[{"start":{"line":8,"column":66},"end":{"line":8,"column":null}},{"start":{},"end":{}}]},"2":{"loc":{"start":{"line":8,"column":66},"end":{"line":8,"column":null}},"type":"binary-expr","locations":[{"start":{"line":8,"column":66},"end":{"line":8,"column":null}},{"start":{"line":8,"column":66},"end":{"line":8,"column":null}},{"start":{"line":8,"column":66},"end":{"line":8,"column":null}},{"start":{"line":8,"column":66},"end":{"line":8,"column":null}},{"start":{"line":8,"column":66},"end":{"line":8,"column":null}}]},"3":{"loc":{"start":{"line":8,"column":66},"end":{"line":8,"column":null}},"type":"binary-expr","locations":[{"start":{"line":8,"column":66},"end":{"line":8,"column":null}},{"start":{"line":8,"column":66},"end":{"line":8,"column":null}}]},"4":{"loc":{"start":{"line":21,"column":7},"end":{"line":37,"column":null}},"type":"switch","locations":[{"start":{"line":21,"column":7},"end":{"line":30,"column":null}},{"start":{"line":30,"column":58},"end":{"line":30,"column":33}},{"start":{"line":30,"column":24},"end":{"line":34,"column":null}},{"start":{"line":34,"column":57},"end":{"line":34,"column":36}},{"start":{"line":34,"column":27},"end":{"line":37,"column":null}},{"start":{"line":37,"column":16},"end":{"line":37,"column":null}},{"start":{"line":37,"column":16},"end":{"line":37,"column":null}}]},"5":{"loc":{"start":{"line":21,"column":37},"end":{"line":21,"column":42}},"type":"cond-expr","locations":[{"start":{"line":21,"column":37},"end":{"line":21,"column":40}},{"start":{"line":21,"column":40},"end":{"line":21,"column":42}}]},"6":{"loc":{"start":{"line":21,"column":37},"end":{"line":21,"column":40}},"type":"binary-expr","locations":[{"start":{"line":21,"column":37},"end":{"line":21,"column":40}},{"start":{"line":21,"column":37},"end":{"line":21,"column":40}}]},"7":{"loc":{"start":{"line":22,"column":17},"end":{"line":22,"column":35}},"type":"cond-expr","locations":[{"start":{"line":22,"column":20},"end":{"line":22,"column":33}},{"start":{"line":22,"column":33},"end":{"line":22,"column":35}}]},"8":{"loc":{"start":{"line":22,"column":41},"end":{"line":22,"column":64}},"type":"cond-expr","locations":[{"start":{"line":22,"column":44},"end":{"line":22,"column":59}},{"start":{"line":22,"column":59},"end":{"line":22,"column":64}}]},"9":{"loc":{"start":{"line":27,"column":3},"end":{"line":29,"column":null}},"type":"if","locations":[{"start":{"line":27,"column":3},"end":{"line":29,"column":null}},{"start":{},"end":{}}]},"10":{"loc":{"start":{"line":29,"column":6},"end":{"line":29,"column":62}},"type":"binary-expr","locations":[{"start":{"line":29,"column":6},"end":{"line":29,"column":32}},{"start":{"line":29,"column":36},"end":{"line":29,"column":62}}]},"11":{"loc":{"start":{"line":30,"column":24},"end":{"line":33,"column":null}},"type":"if","locations":[{"start":{"line":30,"column":24},"end":{"line":33,"column":null}},{"start":{},"end":{}}]},"12":{"loc":{"start":{"line":33,"column":6},"end":{"line":33,"column":65}},"type":"binary-expr","locations":[{"start":{"line":33,"column":6},"end":{"line":33,"column":32}},{"start":{"line":33,"column":36},"end":{"line":33,"column":65}}]},"13":{"loc":{"start":{"line":45,"column":7},"end":{"line":46,"column":null}},"type":"switch","locations":[{"start":{"line":45,"column":7},"end":{"line":46,"column":null}},{"start":{"line":46,"column":58},"end":{"line":46,"column":null}},{"start":{"line":46,"column":58},"end":{"line":46,"column":null}},{"start":{"line":46,"column":58},"end":{"line":46,"column":null}}]},"14":{"loc":{"start":{"line":45,"column":46},"end":{"line":45,"column":62}},"type":"cond-expr","locations":[{"start":{"line":45,"column":46},"end":{"line":45,"column":49}},{"start":{"line":45,"column":49},"end":{"line":45,"column":62}}]},"15":{"loc":{"start":{"line":45,"column":46},"end":{"line":45,"column":49}},"type":"binary-expr","locations":[{"start":{"line":45,"column":46},"end":{"line":45,"column":49}},{"start":{"line":45,"column":46},"end":{"line":45,"column":49}}]},"16":{"loc":{"start":{"line":53,"column":7},"end":{"line":94,"column":null}},"type":"switch","locations":[{"start":{"line":53,"column":7},"end":{"line":54,"column":null}},{"start":{"line":54,"column":35},"end":{"line":92,"column":null}},{"start":{"line":92,"column":3},"end":{"line":94,"column":null}},{"start":{"line":94,"column":18},"end":{"line":94,"column":null}},{"start":{"line":94,"column":18},"end":{"line":94,"column":null}}]},"17":{"loc":{"start":{"line":58,"column":32},"end":{"line":90,"column":null}},"type":"switch","locations":[{"start":{"line":58,"column":32},"end":{"line":60,"column":null}},{"start":{"line":60,"column":36},"end":{"line":60,"column":null}},{"start":{"line":60,"column":36},"end":{"line":70,"column":null}},{"start":{"line":70,"column":51},"end":{"line":71,"column":null}},{"start":{"line":71,"column":44},"end":{"line":71,"column":null}},{"start":{"line":71,"column":44},"end":{"line":79,"column":null}},{"start":{"line":79,"column":69},"end":{"line":90,"column":7}},{"start":{"line":90,"column":7},"end":{"line":90,"column":null}},{"start":{"line":90,"column":7},"end":{"line":90,"column":null}}]},"18":{"loc":{"start":{"line":60,"column":36},"end":{"line":60,"column":null}},"type":"if","locations":[{"start":{"line":60,"column":36},"end":{"line":60,"column":null}},{"start":{},"end":{}}]},"19":{"loc":{"start":{"line":71,"column":20},"end":{"line":71,"column":44}},"type":"binary-expr","locations":[{"start":{"line":71,"column":20},"end":{"line":71,"column":36}},{"start":{"line":71,"column":40},"end":{"line":71,"column":44}}]},"20":{"loc":{"start":{"line":71,"column":20},"end":{"line":71,"column":36}},"type":"cond-expr","locations":[{"start":{"line":71,"column":30},"end":{"line":71,"column":32}},{"start":{"line":71,"column":20},"end":{"line":71,"column":36}}]},"21":{"loc":{"start":{"line":71,"column":20},"end":{"line":71,"column":32}},"type":"binary-expr","locations":[{"start":{"line":71,"column":20},"end":{"line":71,"column":32}},{"start":{"line":71,"column":30},"end":{"line":71,"column":32}}]},"22":{"loc":{"start":{"line":81,"column":6},"end":{"line":90,"column":7}},"type":"if","locations":[{"start":{"line":81,"column":6},"end":{"line":90,"column":7}},{"start":{},"end":{}}]},"23":{"loc":{"start":{"line":86,"column":22},"end":{"line":86,"column":37}},"type":"binary-expr","locations":[{"start":{"line":86,"column":22},"end":{"line":86,"column":31}},{"start":{"line":86,"column":35},"end":{"line":86,"column":37}}]},"24":{"loc":{"start":{"line":103,"column":50},"end":{"line":128,"column":null}},"type":"switch","locations":[{"start":{"line":103,"column":50},"end":{"line":107,"column":null}},{"start":{"line":107,"column":37},"end":{"line":107,"column":null}},{"start":{"line":107,"column":37},"end":{"line":111,"column":null}},{"start":{"line":111,"column":13},"end":{"line":114,"column":null}},{"start":{"line":114,"column":63},"end":{"line":128,"column":null}},{"start":{"line":128,"column":21},"end":{"line":128,"column":null}},{"start":{"line":128,"column":21},"end":{"line":128,"column":null}}]},"25":{"loc":{"start":{"line":123,"column":18},"end":{"line":123,"column":47}},"type":"binary-expr","locations":[{"start":{"line":123,"column":18},"end":{"line":123,"column":41}},{"start":{"line":123,"column":45},"end":{"line":123,"column":47}}]},"26":{"loc":{"start":{"line":137,"column":48},"end":{"line":184,"column":null}},"type":"switch","locations":[{"start":{"line":137,"column":48},"end":{"line":181,"column":null}},{"start":{"line":181,"column":3},"end":{"line":184,"column":null}},{"start":{"line":184,"column":27},"end":{"line":184,"column":null}},{"start":{"line":184,"column":27},"end":{"line":184,"column":null}}]},"27":{"loc":{"start":{"line":137,"column":57},"end":{"line":137,"column":73}},"type":"cond-expr","locations":[{"start":{"line":137,"column":57},"end":{"line":137,"column":60}},{"start":{"line":137,"column":60},"end":{"line":137,"column":73}}]},"28":{"loc":{"start":{"line":137,"column":57},"end":{"line":137,"column":60}},"type":"binary-expr","locations":[{"start":{"line":137,"column":57},"end":{"line":137,"column":60}},{"start":{"line":137,"column":57},"end":{"line":137,"column":60}}]},"29":{"loc":{"start":{"line":140,"column":33},"end":{"line":178,"column":null}},"type":"switch","locations":[{"start":{"line":140,"column":33},"end":{"line":151,"column":null}},{"start":{"line":151,"column":10},"end":{"line":168,"column":null}},{"start":{"line":168,"column":9},"end":{"line":170,"column":null}},{"start":{"line":170,"column":57},"end":{"line":174,"column":null}},{"start":{"line":174,"column":94},"end":{"line":178,"column":null}},{"start":{"line":178,"column":17},"end":{"line":178,"column":null}},{"start":{"line":178,"column":17},"end":{"line":178,"column":null}}]},"30":{"loc":{"start":{"line":158,"column":45},"end":{"line":166,"column":null}},"type":"switch","locations":[{"start":{"line":158,"column":45},"end":{"line":166,"column":null}},{"start":{"line":166,"column":56},"end":{"line":166,"column":null}},{"start":{"line":166,"column":56},"end":{"line":166,"column":null}}]},"31":{"loc":{"start":{"line":170,"column":57},"end":{"line":174,"column":null}},"type":"if","locations":[{"start":{"line":170,"column":57},"end":{"line":174,"column":null}},{"start":{},"end":{}}]},"32":{"loc":{"start":{"line":174,"column":12},"end":{"line":174,"column":null}},"type":"binary-expr","locations":[{"start":{"line":174,"column":12},"end":{"line":174,"column":35}},{"start":{"line":174,"column":39},"end":{"line":174,"column":null}}]},"33":{"loc":{"start":{"line":174,"column":39},"end":{"line":174,"column":94}},"type":"binary-expr","locations":[{"start":{"line":174,"column":39},"end":{"line":174,"column":55}},{"start":{"line":174,"column":53},"end":{"line":174,"column":55}},{"start":{"line":174,"column":40},"end":{"line":174,"column":94}}]},"34":{"loc":{"start":{"line":193,"column":51},"end":{"line":229,"column":null}},"type":"switch","locations":[{"start":{"line":193,"column":51},"end":{"line":199,"column":null}},{"start":{"line":199,"column":77},"end":{"line":200,"column":null}},{"start":{"line":200,"column":46},"end":{"line":200,"column":null}},{"start":{"line":200,"column":46},"end":{"line":208,"column":null}},{"start":{"line":208,"column":63},"end":{"line":211,"column":null}},{"start":{"line":211,"column":15},"end":{"line":229,"column":null}},{"start":{"line":229,"column":3},"end":{"line":229,"column":null}},{"start":{"line":229,"column":3},"end":{"line":229,"column":null}}]},"35":{"loc":{"start":{"line":200,"column":14},"end":{"line":200,"column":46}},"type":"binary-expr","locations":[{"start":{"line":200,"column":14},"end":{"line":200,"column":33}},{"start":{"line":200,"column":37},"end":{"line":200,"column":46}}]},"36":{"loc":{"start":{"line":208,"column":20},"end":{"line":210,"column":null}},"type":"if","locations":[{"start":{"line":208,"column":20},"end":{"line":210,"column":null}},{"start":{},"end":{}}]},"37":{"loc":{"start":{"line":237,"column":48},"end":{"line":255,"column":null}},"type":"switch","locations":[{"start":{"line":237,"column":48},"end":{"line":240,"column":null}},{"start":{"line":240,"column":80},"end":{"line":242,"column":null}},{"start":{"line":242,"column":31},"end":{"line":243,"column":null}},{"start":{"line":243,"column":30},"end":{"line":246,"column":null}},{"start":{"line":246,"column":62},"end":{"line":246,"column":null}},{"start":{"line":246,"column":62},"end":{"line":246,"column":null}},{"start":{"line":246,"column":62},"end":{"line":246,"column":null}},{"start":{"line":246,"column":62},"end":{"line":246,"column":null}},{"start":{"line":246,"column":62},"end":{"line":246,"column":null}},{"start":{"line":246,"column":62},"end":{"line":246,"column":null}},{"start":{"line":246,"column":62},"end":{"line":253,"column":50}},{"start":{"line":253,"column":48},"end":{"line":255,"column":null}},{"start":{"line":255,"column":21},"end":{"line":255,"column":null}},{"start":{"line":255,"column":21},"end":{"line":255,"column":null}}]},"38":{"loc":{"start":{"line":242,"column":31},"end":{"line":242,"column":null}},"type":"if","locations":[{"start":{"line":242,"column":31},"end":{"line":242,"column":null}},{"start":{},"end":{}}]},"39":{"loc":{"start":{"line":242,"column":20},"end":{"line":243,"column":null}},"type":"if","locations":[{"start":{"line":242,"column":20},"end":{"line":243,"column":null}},{"start":{},"end":{}}]},"40":{"loc":{"start":{"line":264,"column":63},"end":{"line":305,"column":null}},"type":"switch","locations":[{"start":{"line":264,"column":63},"end":{"line":271,"column":null}},{"start":{"line":271,"column":61},"end":{"line":281,"column":null}},{"start":{"line":281,"column":57},"end":{"line":296,"column":null}},{"start":{"line":296,"column":15},"end":{"line":305,"column":null}},{"start":{"line":305,"column":3},"end":{"line":305,"column":null}},{"start":{"line":305,"column":3},"end":{"line":305,"column":null}}]},"41":{"loc":{"start":{"line":273,"column":2},"end":{"line":277,"column":null}},"type":"if","locations":[{"start":{"line":273,"column":2},"end":{"line":277,"column":null}},{"start":{},"end":{}}]},"42":{"loc":{"start":{"line":283,"column":2},"end":{"line":292,"column":null}},"type":"if","locations":[{"start":{"line":283,"column":2},"end":{"line":292,"column":null}},{"start":{},"end":{}}]},"43":{"loc":{"start":{"line":286,"column":4},"end":{"line":288,"column":null}},"type":"if","locations":[{"start":{"line":286,"column":4},"end":{"line":288,"column":null}},{"start":{},"end":{}}]},"44":{"loc":{"start":{"line":286,"column":8},"end":{"line":286,"column":41}},"type":"binary-expr","locations":[{"start":{"line":286,"column":8},"end":{"line":286,"column":13}},{"start":{"line":286,"column":17},"end":{"line":286,"column":41}}]},"45":{"loc":{"start":{"line":289,"column":4},"end":{"line":291,"column":null}},"type":"if","locations":[{"start":{"line":289,"column":4},"end":{"line":291,"column":null}},{"start":{},"end":{}}]},"46":{"loc":{"start":{"line":294,"column":2},"end":{"line":295,"column":null}},"type":"if","locations":[{"start":{"line":294,"column":2},"end":{"line":295,"column":null}},{"start":{},"end":{}}]}},"s":{"0":5,"1":5,"2":5,"3":5,"4":5,"5":5,"6":5,"7":5,"8":158,"9":0,"10":0,"11":0,"12":0,"13":0,"14":0,"15":0,"16":0,"17":0,"18":0,"19":0,"20":0,"21":0,"22":0,"23":0,"24":0,"25":0,"26":0,"27":0,"28":0,"29":0,"30":0,"31":0,"32":0,"33":0,"34":0,"35":0,"36":0,"37":0,"38":0,"39":0,"40":0,"41":0,"42":0,"43":0,"44":0,"45":0,"46":0,"47":0,"48":0,"49":0,"50":0,"51":0,"52":0,"53":0,"54":0,"55":0,"56":0,"57":0,"58":0,"59":0,"60":0,"61":0,"62":0,"63":0,"64":0,"65":0,"66":0,"67":0,"68":0,"69":0,"70":0,"71":0,"72":0,"73":0,"74":0,"75":0,"76":0,"77":0,"78":0,"79":0,"80":0,"81":0,"82":0,"83":0,"84":13,"85":1,"86":13,"87":65,"88":13,"89":13,"90":13,"91":13,"92":97,"93":14,"94":28,"95":14,"96":13,"97":13,"98":13,"99":13,"100":36,"101":12,"102":12,"103":12,"104":12,"105":0,"106":25,"107":13,"108":13,"109":12,"110":2,"111":1,"112":2,"113":1,"114":0,"115":27,"116":13,"117":13,"118":0,"119":1,"120":12,"121":1,"122":106,"123":12,"124":12,"125":12,"126":12,"127":12,"128":12,"129":11,"130":11,"131":24,"132":12,"133":12,"134":12,"135":12,"136":12,"137":22,"138":1,"139":11,"140":12,"141":11,"142":0,"143":1,"144":12,"145":1,"146":170,"147":12,"148":24,"149":12,"150":12,"151":12,"152":73,"153":13,"154":13,"155":26,"156":13,"157":13,"158":122,"159":12,"160":12,"161":13,"162":12,"163":0,"164":1,"165":13,"166":1,"167":103,"168":13,"169":13,"170":13,"171":13,"172":13,"173":13,"174":13,"175":13,"176":8,"177":8,"178":8,"179":13,"180":13,"181":13,"182":13,"183":13,"184":6,"185":6,"186":5,"187":6,"188":4,"189":13,"190":24,"191":1,"192":12,"193":0,"194":1},"f":{"0":61,"1":0,"2":0,"3":0,"4":0,"5":0,"6":0,"7":0,"8":0,"9":0,"10":0,"11":0,"12":0,"13":0,"14":0,"15":0,"16":0,"17":0,"18":0,"19":13,"20":1,"21":13,"22":26,"23":13,"24":14,"25":41,"26":13,"27":12,"28":12,"29":12,"30":12,"31":14,"32":12,"33":1,"34":12,"35":36,"36":12,"37":12,"38":1,"39":12,"40":48,"41":13,"42":13,"43":1,"44":13,"45":39},"b":{"0":[24,12,0],"1":[0,24],"2":[0,0,0,0,0],"3":[0,0],"4":[0,0,0,0,0,0,0],"5":[0,0],"6":[0,0],"7":[0,0],"8":[0,0],"9":[0,0],"10":[0,0],"11":[0,0],"12":[0,0],"13":[0,0,0,0],"14":[0,0],"15":[0,0],"16":[0,0,0,0,0],"17":[0,0,0,0,0,0,0,0,0],"18":[0,0],"19":[0,0],"20":[0,0],"21":[0,0],"22":[0,0],"23":[0,0],"24":[0,0,0,0,0,0,0],"25":[0,0],"26":[13,13,0,0],"27":[13,0],"28":[13,13],"29":[14,13,13,1,1,0,0],"30":[12,0,0],"31":[1,0],"32":[1,0],"33":[0,0,0],"34":[12,11,1,12,12,11,0,0],"35":[11,0],"36":[11,1],"37":[12,12,25,13,13,12,0,12,12,0,12,12,0,0],"38":[12,13],"39":[13,0],"40":[13,13,13,12,0,0],"41":[8,5],"42":[6,7],"43":[5,1],"44":[6,6],"45":[4,2],"46":[12,1]}}
,"/Users/zane/playground/ai-ready/src/lib/test-lib.js": {"path":"/Users/zane/playground/ai-ready/src/lib/test-lib.js","statementMap":{"0":{"start":{"line":1,"column":0},"end":{"line":1,"column":null}},"1":{"start":{"line":2,"column":0},"end":{"line":2,"column":23}},"2":{"start":{"line":2,"column":23},"end":{"line":2,"column":null}},"3":{"start":{"line":11,"column":39},"end":{"line":11,"column":40}},"4":{"start":{"line":63,"column":0},"end":{"line":61,"column":null}},"5":{"start":{"line":11,"column":74},"end":{"line":58,"column":null}},"6":{"start":{"line":12,"column":8},"end":{"line":12,"column":null}},"7":{"start":{"line":12,"column":69},"end":{"line":12,"column":null}},"8":{"start":{"line":12,"column":69},"end":{"line":13,"column":null}},"9":{"start":{"line":13,"column":51},"end":{"line":13,"column":null}},"10":{"start":{"line":13,"column":51},"end":{"line":20,"column":null}},"11":{"start":{"line":22,"column":2},"end":{"line":23,"column":null}},"12":{"start":{"line":23,"column":40},"end":{"line":23,"column":null}},"13":{"start":{"line":23,"column":13},"end":{"line":23,"column":28}},"14":{"start":{"line":24,"column":10},"end":{"line":24,"column":null}},"15":{"start":{"line":25,"column":4},"end":{"line":25,"column":null}},"16":{"start":{"line":25,"column":4},"end":{"line":26,"column":null}},"17":{"start":{"line":26,"column":57},"end":{"line":28,"column":null}},"18":{"start":{"line":28,"column":27},"end":{"line":28,"column":null}},"19":{"start":{"line":28,"column":27},"end":{"line":40,"column":null}},"20":{"start":{"line":40,"column":7},"end":{"line":43,"column":null}},"21":{"start":{"line":43,"column":25},"end":{"line":43,"column":null}},"22":{"start":{"line":44,"column":12},"end":{"line":44,"column":null}},"23":{"start":{"line":45,"column":6},"end":{"line":45,"column":null}},"24":{"start":{"line":45,"column":6},"end":{"line":46,"column":null}},"25":{"start":{"line":46,"column":53},"end":{"line":46,"column":null}},"26":{"start":{"line":46,"column":53},"end":{"line":58,"column":null}},"27":{"start":{"line":58,"column":7},"end":{"line":58,"column":null}},"28":{"start":{"line":61,"column":1},"end":{"line":61,"column":null}},"29":{"start":{"line":69,"column":20},"end":{"line":70,"column":107}},"30":{"start":{"line":69,"column":28},"end":{"line":70,"column":107}},"31":{"start":{"line":78,"column":25},"end":{"line":87,"column":2}},"32":{"start":{"line":78,"column":41},"end":{"line":87,"column":2}},"33":{"start":{"line":82,"column":38},"end":{"line":86,"column":4}}},"fnMap":{"0":{"name":"_createForOfIteratorHelper","decl":{"start":{"line":2,"column":23},"end":{"line":2,"column":null}},"loc":{"start":{"line":2,"column":23},"end":{"line":2,"column":null}}},"1":{"name":"createTestLibrary","decl":{"start":{"line":11,"column":22},"end":{"line":11,"column":39}},"loc":{"start":{"line":11,"column":39},"end":{"line":11,"column":40}}},"2":{"name":"_createTestLibrary","decl":{"start":{"line":63,"column":0},"end":{"line":63,"column":null}},"loc":{"start":{"line":63,"column":0},"end":{"line":61,"column":null}}},"3":{"name":"_callee","decl":{"start":{"line":11,"column":7},"end":{"line":11,"column":22}},"loc":{"start":{"line":11,"column":74},"end":{"line":58,"column":null}}},"4":{"name":"(anonymous_13)","decl":{"start":{"line":11,"column":74},"end":{"line":11,"column":null}},"loc":{"start":{"line":11,"column":74},"end":{"line":58,"column":null}}},"5":{"name":"mkTable","decl":{"start":{"line":69,"column":13},"end":{"line":69,"column":20}},"loc":{"start":{"line":69,"column":28},"end":{"line":70,"column":107}}},"6":{"name":"makeProvider","decl":{"start":{"line":78,"column":13},"end":{"line":78,"column":25}},"loc":{"start":{"line":78,"column":41},"end":{"line":87,"column":2}}},"7":{"name":"(anonymous_16)","decl":{"start":{"line":82,"column":34},"end":{"line":82,"column":35}},"loc":{"start":{"line":82,"column":38},"end":{"line":86,"column":4}}}},"branchMap":{"0":{"loc":{"start":{"line":2,"column":23},"end":{"line":2,"column":null}},"type":"binary-expr","locations":[{"start":{"line":2,"column":23},"end":{"line":2,"column":null}},{"start":{"line":2,"column":23},"end":{"line":2,"column":null}},{"start":{"line":2,"column":23},"end":{"line":2,"column":null}}]},"1":{"loc":{"start":{"line":2,"column":23},"end":{"line":2,"column":null}},"type":"if","locations":[{"start":{"line":2,"column":23},"end":{"line":2,"column":null}},{"start":{},"end":{}}]},"2":{"loc":{"start":{"line":2,"column":23},"end":{"line":2,"column":null}},"type":"binary-expr","locations":[{"start":{"line":2,"column":23},"end":{"line":2,"column":null}},{"start":{"line":2,"column":23},"end":{"line":2,"column":null}},{"start":{"line":2,"column":23},"end":{"line":2,"column":null}},{"start":{"line":2,"column":23},"end":{"line":2,"column":null}},{"start":{"line":2,"column":23},"end":{"line":2,"column":null}}]},"3":{"loc":{"start":{"line":2,"column":23},"end":{"line":2,"column":null}},"type":"binary-expr","locations":[{"start":{"line":2,"column":23},"end":{"line":2,"column":null}},{"start":{"line":2,"column":23},"end":{"line":2,"column":null}}]},"4":{"loc":{"start":{"line":11,"column":74},"end":{"line":58,"column":null}},"type":"switch","locations":[{"start":{"line":11,"column":74},"end":{"line":13,"column":null}},{"start":{"line":13,"column":51},"end":{"line":20,"column":null}},{"start":{"line":20,"column":3},"end":{"line":23,"column":null}},{"start":{"line":23,"column":40},"end":{"line":26,"column":null}},{"start":{"line":26,"column":57},"end":{"line":40,"column":null}},{"start":{"line":40,"column":7},"end":{"line":46,"column":null}},{"start":{"line":46,"column":53},"end":{"line":58,"column":null}},{"start":{"line":58,"column":7},"end":{"line":58,"column":null}},{"start":{"line":58,"column":7},"end":{"line":58,"column":null}},{"start":{"line":58,"column":7},"end":{"line":58,"column":null}},{"start":{"line":58,"column":7},"end":{"line":58,"column":null}},{"start":{"line":58,"column":7},"end":{"line":58,"column":null}},{"start":{"line":58,"column":7},"end":{"line":58,"column":null}}]},"5":{"loc":{"start":{"line":23,"column":40},"end":{"line":23,"column":null}},"type":"if","locations":[{"start":{"line":23,"column":40},"end":{"line":23,"column":null}},{"start":{},"end":{}}]},"6":{"loc":{"start":{"line":26,"column":57},"end":{"line":28,"column":null}},"type":"if","locations":[{"start":{"line":26,"column":57},"end":{"line":28,"column":null}},{"start":{},"end":{}}]},"7":{"loc":{"start":{"line":40,"column":7},"end":{"line":43,"column":null}},"type":"if","locations":[{"start":{"line":40,"column":7},"end":{"line":43,"column":null}},{"start":{},"end":{}}]},"8":{"loc":{"start":{"line":84,"column":14},"end":{"line":84,"column":35}},"type":"binary-expr","locations":[{"start":{"line":84,"column":14},"end":{"line":84,"column":25}},{"start":{"line":84,"column":29},"end":{"line":84,"column":35}}]}},"s":{"0":2,"1":2,"2":119,"3":9,"4":1,"5":173,"6":9,"7":9,"8":9,"9":9,"10":9,"11":9,"12":55,"13":10,"14":10,"15":10,"16":10,"17":10,"18":14,"19":6,"20":10,"21":8,"22":6,"23":6,"24":6,"25":6,"26":6,"27":74,"28":1,"29":2,"30":8,"31":2,"32":3,"33":5},"f":{"0":46,"1":9,"2":1,"3":9,"4":64,"5":8,"6":3,"7":5},"b":{"0":[18,9,0],"1":[0,18],"2":[0,0,0,0,0],"3":[0,0],"4":[9,9,9,19,10,10,6,10,9,0,9,9,9],"5":[9,10],"6":[4,6],"7":[4,6],"8":[5,5]}}
,"/Users/zane/playground/ai-ready/src/lib/types.js": {"path":"/Users/zane/playground/ai-ready/src/lib/types.js","statementMap":{"0":{"start":{"line":100,"column":27},"end":{"line":107,"column":1}},"1":{"start":{"line":113,"column":34},"end":{"line":117,"column":1}},"2":{"start":{"line":122,"column":30},"end":{"line":125,"column":1}},"3":{"start":{"line":130,"column":24},"end":{"line":134,"column":1}},"4":{"start":{"line":139,"column":27},"end":{"line":139,"column":37}},"5":{"start":{"line":144,"column":27},"end":{"line":144,"column":70}},"6":{"start":{"line":152,"column":2},"end":{"line":159,"column":null}},"7":{"start":{"line":168,"column":2},"end":{"line":176,"column":null}},"8":{"start":{"line":185,"column":2},"end":{"line":192,"column":null}}},"fnMap":{"0":{"name":"isValidIntegration","decl":{"start":{"line":151,"column":16},"end":{"line":151,"column":34}},"loc":{"start":{"line":151,"column":48},"end":{"line":160,"column":null}}},"1":{"name":"isValidProvider","decl":{"start":{"line":167,"column":16},"end":{"line":167,"column":31}},"loc":{"start":{"line":167,"column":42},"end":{"line":177,"column":null}}},"2":{"name":"isValidCache","decl":{"start":{"line":184,"column":16},"end":{"line":184,"column":28}},"loc":{"start":{"line":184,"column":36},"end":{"line":193,"column":null}}}},"branchMap":{"0":{"loc":{"start":{"line":153,"column":4},"end":{"line":158,"column":35}},"type":"binary-expr","locations":[{"start":{"line":153,"column":4},"end":{"line":153,"column":15}},{"start":{"line":154,"column":7},"end":{"line":154,"column":43}},{"start":{"line":155,"column":7},"end":{"line":155,"column":34}},{"start":{"line":156,"column":7},"end":{"line":156,"column":46}},{"start":{"line":157,"column":7},"end":{"line":157,"column":39}},{"start":{"line":158,"column":7},"end":{"line":158,"column":35}}]},"1":{"loc":{"start":{"line":169,"column":4},"end":{"line":175,"column":54}},"type":"binary-expr","locations":[{"start":{"line":169,"column":4},"end":{"line":169,"column":12}},{"start":{"line":170,"column":7},"end":{"line":170,"column":47}},{"start":{"line":171,"column":7},"end":{"line":171,"column":38}},{"start":{"line":172,"column":7},"end":{"line":172,"column":43}},{"start":{"line":173,"column":7},"end":{"line":173,"column":40}},{"start":{"line":174,"column":7},"end":{"line":174,"column":43}},{"start":{"line":175,"column":7},"end":{"line":175,"column":54}}]},"2":{"loc":{"start":{"line":186,"column":4},"end":{"line":191,"column":43}},"type":"binary-expr","locations":[{"start":{"line":186,"column":4},"end":{"line":186,"column":9}},{"start":{"line":187,"column":7},"end":{"line":187,"column":42}},{"start":{"line":188,"column":7},"end":{"line":188,"column":49}},{"start":{"line":189,"column":7},"end":{"line":189,"column":49}},{"start":{"line":190,"column":7},"end":{"line":190,"column":40}},{"start":{"line":191,"column":7},"end":{"line":191,"column":43}}]}},"s":{"0":24,"1":24,"2":24,"3":24,"4":24,"5":24,"6":9,"7":7,"8":18},"f":{"0":9,"1":7,"2":18},"b":{"0":[9,7,6,4,4,3],"1":[7,5,4,3,3,3,3],"2":[18,16,13,12,12,11]}}
,"/Users/zane/playground/ai-ready/src/lib/commands/data-lib.js": {"path":"/Users/zane/playground/ai-ready/src/lib/commands/data-lib.js","statementMap":{"0":{"start":{"line":1,"column":0},"end":{"line":1,"column":null}},"1":{"start":{"line":16,"column":19},"end":{"line":16,"column":81}},"2":{"start":{"line":16,"column":46},"end":{"line":16,"column":81}},"3":{"start":{"line":17,"column":2},"end":{"line":19,"column":null}},"4":{"start":{"line":18,"column":4},"end":{"line":18,"column":null}},"5":{"start":{"line":22,"column":20},"end":{"line":22,"column":24}},"6":{"start":{"line":23,"column":2},"end":{"line":28,"column":null}},"7":{"start":{"line":24,"column":4},"end":{"line":24,"column":null}},"8":{"start":{"line":24,"column":47},"end":{"line":24,"column":79}},"9":{"start":{"line":25,"column":4},"end":{"line":27,"column":null}},"10":{"start":{"line":26,"column":6},"end":{"line":26,"column":null}},"11":{"start":{"line":30,"column":2},"end":{"line":30,"column":null}}},"fnMap":{"0":{"name":"findProviderAndIntegration","decl":{"start":{"line":14,"column":16},"end":{"line":14,"column":42}},"loc":{"start":{"line":14,"column":94},"end":{"line":31,"column":null}}},"1":{"name":"(anonymous_1)","decl":{"start":{"line":16,"column":44},"end":{"line":16,"column":45}},"loc":{"start":{"line":16,"column":46},"end":{"line":16,"column":81}}},"2":{"name":"(anonymous_2)","decl":{"start":{"line":24,"column":45},"end":{"line":24,"column":46}},"loc":{"start":{"line":24,"column":47},"end":{"line":24,"column":79}}}},"branchMap":{"0":{"loc":{"start":{"line":17,"column":2},"end":{"line":19,"column":null}},"type":"if","locations":[{"start":{"line":17,"column":2},"end":{"line":19,"column":null}},{"start":{},"end":{}}]},"1":{"loc":{"start":{"line":23,"column":2},"end":{"line":28,"column":null}},"type":"if","locations":[{"start":{"line":23,"column":2},"end":{"line":28,"column":null}},{"start":{},"end":{}}]},"2":{"loc":{"start":{"line":25,"column":4},"end":{"line":27,"column":null}},"type":"if","locations":[{"start":{"line":25,"column":4},"end":{"line":27,"column":null}},{"start":{},"end":{}}]}},"s":{"0":3,"1":44,"2":48,"3":44,"4":7,"5":44,"6":44,"7":34,"8":70,"9":31,"10":3,"11":41},"f":{"0":44,"1":48,"2":70},"b":{"0":[7,37],"1":[34,10],"2":[3,28]}}
,"/Users/zane/playground/ai-ready/src/lib/commands/install.js": {"path":"/Users/zane/playground/ai-ready/src/lib/commands/install.js","statementMap":{"0":{"start":{"line":1,"column":0},"end":{"line":1,"column":null}},"1":{"start":{"line":2,"column":0},"end":{"line":2,"column":null}},"2":{"start":{"line":3,"column":0},"end":{"line":3,"column":null}},"3":{"start":{"line":4,"column":0},"end":{"line":4,"column":null}},"4":{"start":{"line":5,"column":0},"end":{"line":5,"column":null}},"5":{"start":{"line":6,"column":0},"end":{"line":6,"column":null}},"6":{"start":{"line":7,"column":0},"end":{"line":7,"column":null}},"7":{"start":{"line":8,"column":0},"end":{"line":8,"column":null}},"8":{"start":{"line":23,"column":32},"end":{"line":23,"column":33}},"9":{"start":{"line":81,"column":0},"end":{"line":79,"column":null}},"10":{"start":{"line":23,"column":60},"end":{"line":77,"column":null}},"11":{"start":{"line":24,"column":2},"end":{"line":26,"column":3}},"12":{"start":{"line":25,"column":4},"end":{"line":25,"column":null}},"13":{"start":{"line":26,"column":3},"end":{"line":26,"column":null}},"14":{"start":{"line":29,"column":4},"end":{"line":30,"column":45}},"15":{"start":{"line":32,"column":4},"end":{"line":34,"column":null}},"16":{"start":{"line":33,"column":6},"end":{"line":33,"column":null}},"17":{"start":{"line":36,"column":4},"end":{"line":36,"column":null}},"18":{"start":{"line":36,"column":4},"end":{"line":37,"column":null}},"19":{"start":{"line":37,"column":101},"end":{"line":37,"column":117}},"20":{"start":{"line":37,"column":117},"end":{"line":37,"column":null}},"21":{"start":{"line":37,"column":12},"end":{"line":37,"column":26}},"22":{"start":{"line":37,"column":26},"end":{"line":37,"column":52}},"23":{"start":{"line":39,"column":10},"end":{"line":39,"column":null}},"24":{"start":{"line":41,"column":10},"end":{"line":41,"column":null}},"25":{"start":{"line":41,"column":47},"end":{"line":41,"column":null}},"26":{"start":{"line":41,"column":47},"end":{"line":48,"column":null}},"27":{"start":{"line":42,"column":10},"end":{"line":42,"column":38}},"28":{"start":{"line":50,"column":4},"end":{"line":51,"column":38}},"29":{"start":{"line":54,"column":10},"end":{"line":54,"column":null}},"30":{"start":{"line":54,"column":72},"end":{"line":56,"column":null}},"31":{"start":{"line":56,"column":35},"end":{"line":56,"column":null}},"32":{"start":{"line":57,"column":6},"end":{"line":57,"column":null}},"33":{"start":{"line":57,"column":51},"end":{"line":57,"column":null}},"34":{"start":{"line":62,"column":4},"end":{"line":62,"column":null}},"35":{"start":{"line":65,"column":10},"end":{"line":66,"column":null}},"36":{"start":{"line":65,"column":50},"end":{"line":66,"column":92}},"37":{"start":{"line":66,"column":92},"end":{"line":66,"column":null}},"38":{"start":{"line":66,"column":92},"end":{"line":68,"column":null}},"39":{"start":{"line":69,"column":4},"end":{"line":69,"column":null}},"40":{"start":{"line":72,"column":4},"end":{"line":74,"column":5}},"41":{"start":{"line":73,"column":6},"end":{"line":73,"column":null}},"42":{"start":{"line":74,"column":5},"end":{"line":74,"column":null}},"43":{"start":{"line":77,"column":4},"end":{"line":77,"column":null}},"44":{"start":{"line":77,"column":67},"end":{"line":77,"column":null}},"45":{"start":{"line":79,"column":1},"end":{"line":79,"column":null}},"46":{"start":{"line":88,"column":25},"end":{"line":88,"column":27}},"47":{"start":{"line":91,"column":2},"end":{"line":101,"column":null}},"48":{"start":{"line":92,"column":4},"end":{"line":92,"column":null}},"49":{"start":{"line":95,"column":4},"end":{"line":97,"column":null}},"50":{"start":{"line":96,"column":6},"end":{"line":96,"column":null}},"51":{"start":{"line":98,"column":4},"end":{"line":100,"column":null}},"52":{"start":{"line":99,"column":6},"end":{"line":99,"column":null}},"53":{"start":{"line":104,"column":2},"end":{"line":104,"column":null}},"54":{"start":{"line":104,"column":36},"end":{"line":104,"column":84}},"55":{"start":{"line":117,"column":26},"end":{"line":117,"column":27}},"56":{"start":{"line":128,"column":0},"end":{"line":126,"column":null}},"57":{"start":{"line":117,"column":97},"end":{"line":124,"column":null}},"58":{"start":{"line":117,"column":97},"end":{"line":118,"column":null}},"59":{"start":{"line":118,"column":45},"end":{"line":118,"column":null}},"60":{"start":{"line":118,"column":45},"end":{"line":119,"column":null}},"61":{"start":{"line":120,"column":4},"end":{"line":120,"column":null}},"62":{"start":{"line":120,"column":43},"end":{"line":120,"column":null}},"63":{"start":{"line":120,"column":43},"end":{"line":122,"column":null}},"64":{"start":{"line":122,"column":45},"end":{"line":122,"column":null}},"65":{"start":{"line":122,"column":45},"end":{"line":123,"column":null}},"66":{"start":{"line":124,"column":4},"end":{"line":124,"column":null}},"67":{"start":{"line":124,"column":50},"end":{"line":124,"column":null}},"68":{"start":{"line":126,"column":1},"end":{"line":126,"column":null}},"69":{"start":{"line":137,"column":44},"end":{"line":137,"column":45}},"70":{"start":{"line":142,"column":0},"end":{"line":140,"column":null}},"71":{"start":{"line":137,"column":115},"end":{"line":139,"column":null}},"72":{"start":{"line":138,"column":8},"end":{"line":138,"column":null}},"73":{"start":{"line":138,"column":39},"end":{"line":138,"column":null}},"74":{"start":{"line":138,"column":39},"end":{"line":139,"column":null}},"75":{"start":{"line":139,"column":102},"end":{"line":139,"column":null}},"76":{"start":{"line":140,"column":1},"end":{"line":140,"column":null}},"77":{"start":{"line":149,"column":40},"end":{"line":149,"column":41}},"78":{"start":{"line":149,"column":40},"end":{"line":171,"column":null}},"79":{"start":{"line":149,"column":78},"end":{"line":169,"column":null}},"80":{"start":{"line":151,"column":8},"end":{"line":151,"column":null}},"81":{"start":{"line":153,"column":2},"end":{"line":153,"column":null}},"82":{"start":{"line":153,"column":2},"end":{"line":154,"column":null}},"83":{"start":{"line":154,"column":33},"end":{"line":154,"column":null}},"84":{"start":{"line":154,"column":33},"end":{"line":157,"column":null}},"85":{"start":{"line":157,"column":8},"end":{"line":157,"column":24}},"86":{"start":{"line":160,"column":8},"end":{"line":160,"column":null}},"87":{"start":{"line":160,"column":32},"end":{"line":160,"column":100}},"88":{"start":{"line":160,"column":100},"end":{"line":162,"column":null}},"89":{"start":{"line":162,"column":13},"end":{"line":162,"column":null}},"90":{"start":{"line":163,"column":4},"end":{"line":167,"column":null}},"91":{"start":{"line":167,"column":6},"end":{"line":167,"column":null}},"92":{"start":{"line":167,"column":6},"end":{"line":169,"column":null}},"93":{"start":{"line":169,"column":52},"end":{"line":169,"column":null}},"94":{"start":{"line":171,"column":1},"end":{"line":171,"column":null}}},"fnMap":{"0":{"name":"cmdInstall","decl":{"start":{"line":23,"column":22},"end":{"line":23,"column":32}},"loc":{"start":{"line":23,"column":32},"end":{"line":23,"column":33}}},"1":{"name":"_cmdInstall","decl":{"start":{"line":81,"column":0},"end":{"line":81,"column":null}},"loc":{"start":{"line":81,"column":0},"end":{"line":79,"column":null}}},"2":{"name":"_callee","decl":{"start":{"line":23,"column":7},"end":{"line":23,"column":22}},"loc":{"start":{"line":23,"column":60},"end":{"line":77,"column":null}}},"3":{"name":"(anonymous_3)","decl":{"start":{"line":23,"column":60},"end":{"line":23,"column":null}},"loc":{"start":{"line":23,"column":60},"end":{"line":77,"column":null}}},"4":{"name":"(anonymous_4)","decl":{"start":{"line":37,"column":101},"end":{"line":37,"column":107}},"loc":{"start":{"line":37,"column":101},"end":{"line":37,"column":117}}},"5":{"name":"(anonymous_5)","decl":{"start":{"line":65,"column":45},"end":{"line":65,"column":46}},"loc":{"start":{"line":65,"column":50},"end":{"line":66,"column":92}}},"6":{"name":"determineTypesToInstall","decl":{"start":{"line":87,"column":9},"end":{"line":87,"column":32}},"loc":{"start":{"line":87,"column":55},"end":{"line":105,"column":null}}},"7":{"name":"(anonymous_7)","decl":{"start":{"line":104,"column":31},"end":{"line":104,"column":32}},"loc":{"start":{"line":104,"column":36},"end":{"line":104,"column":84}}},"8":{"name":"installType","decl":{"start":{"line":117,"column":15},"end":{"line":117,"column":26}},"loc":{"start":{"line":117,"column":26},"end":{"line":117,"column":27}}},"9":{"name":"_installType","decl":{"start":{"line":128,"column":0},"end":{"line":128,"column":null}},"loc":{"start":{"line":128,"column":0},"end":{"line":126,"column":null}}},"10":{"name":"_callee2","decl":{"start":{"line":117,"column":0},"end":{"line":117,"column":15}},"loc":{"start":{"line":117,"column":97},"end":{"line":124,"column":null}}},"11":{"name":"(anonymous_11)","decl":{"start":{"line":117,"column":97},"end":{"line":117,"column":null}},"loc":{"start":{"line":117,"column":97},"end":{"line":124,"column":null}}},"12":{"name":"installClaudeSkillIntegration","decl":{"start":{"line":137,"column":15},"end":{"line":137,"column":44}},"loc":{"start":{"line":137,"column":44},"end":{"line":137,"column":45}}},"13":{"name":"_installClaudeSkillIntegration","decl":{"start":{"line":142,"column":0},"end":{"line":142,"column":null}},"loc":{"start":{"line":142,"column":0},"end":{"line":140,"column":null}}},"14":{"name":"_callee3","decl":{"start":{"line":137,"column":0},"end":{"line":137,"column":15}},"loc":{"start":{"line":137,"column":115},"end":{"line":139,"column":null}}},"15":{"name":"(anonymous_15)","decl":{"start":{"line":137,"column":115},"end":{"line":137,"column":null}},"loc":{"start":{"line":137,"column":115},"end":{"line":139,"column":null}}},"16":{"name":"installGenericIntegration","decl":{"start":{"line":149,"column":15},"end":{"line":149,"column":40}},"loc":{"start":{"line":149,"column":40},"end":{"line":149,"column":41}}},"17":{"name":"_installGenericIntegration","decl":{"start":{"line":149,"column":40},"end":{"line":149,"column":41}},"loc":{"start":{"line":149,"column":40},"end":{"line":171,"column":null}}},"18":{"name":"_callee4","decl":{"start":{"line":149,"column":0},"end":{"line":149,"column":15}},"loc":{"start":{"line":149,"column":78},"end":{"line":169,"column":null}}},"19":{"name":"(anonymous_19)","decl":{"start":{"line":149,"column":78},"end":{"line":149,"column":null}},"loc":{"start":{"line":149,"column":78},"end":{"line":169,"column":null}}},"20":{"name":"(anonymous_20)","decl":{"start":{"line":160,"column":30},"end":{"line":160,"column":31}},"loc":{"start":{"line":160,"column":32},"end":{"line":160,"column":100}}}},"branchMap":{"0":{"loc":{"start":{"line":23,"column":60},"end":{"line":77,"column":null}},"type":"switch","locations":[{"start":{"line":23,"column":60},"end":{"line":37,"column":null}},{"start":{"line":37,"column":117},"end":{"line":48,"column":null}},{"start":{"line":48,"column":5},"end":{"line":57,"column":null}},{"start":{"line":57,"column":51},"end":{"line":68,"column":null}},{"start":{"line":68,"column":36},"end":{"line":74,"column":null}},{"start":{"line":74,"column":5},"end":{"line":77,"column":null}},{"start":{"line":77,"column":67},"end":{"line":77,"column":null}},{"start":{"line":77,"column":67},"end":{"line":77,"column":null}}]},"1":{"loc":{"start":{"line":24,"column":2},"end":{"line":26,"column":3}},"type":"if","locations":[{"start":{"line":24,"column":2},"end":{"line":26,"column":3}},{"start":{},"end":{}}]},"2":{"loc":{"start":{"line":32,"column":4},"end":{"line":34,"column":null}},"type":"if","locations":[{"start":{"line":32,"column":4},"end":{"line":34,"column":null}},{"start":{},"end":{}}]},"3":{"loc":{"start":{"line":54,"column":72},"end":{"line":56,"column":null}},"type":"if","locations":[{"start":{"line":54,"column":72},"end":{"line":56,"column":null}},{"start":{},"end":{}}]},"4":{"loc":{"start":{"line":72,"column":4},"end":{"line":74,"column":5}},"type":"if","locations":[{"start":{"line":72,"column":4},"end":{"line":74,"column":5}},{"start":{},"end":{}}]},"5":{"loc":{"start":{"line":91,"column":2},"end":{"line":101,"column":null}},"type":"if","locations":[{"start":{"line":91,"column":2},"end":{"line":101,"column":null}},{"start":{"line":94,"column":7},"end":{"line":101,"column":null}}]},"6":{"loc":{"start":{"line":91,"column":7},"end":{"line":91,"column":80}},"type":"binary-expr","locations":[{"start":{"line":91,"column":7},"end":{"line":91,"column":21}},{"start":{"line":91,"column":25},"end":{"line":91,"column":41}},{"start":{"line":91,"column":47},"end":{"line":91,"column":60}},{"start":{"line":91,"column":64},"end":{"line":91,"column":80}}]},"7":{"loc":{"start":{"line":95,"column":4},"end":{"line":97,"column":null}},"type":"if","locations":[{"start":{"line":95,"column":4},"end":{"line":97,"column":null}},{"start":{},"end":{}}]},"8":{"loc":{"start":{"line":95,"column":8},"end":{"line":95,"column":83}},"type":"binary-expr","locations":[{"start":{"line":95,"column":8},"end":{"line":95,"column":21}},{"start":{"line":95,"column":25},"end":{"line":95,"column":83}}]},"9":{"loc":{"start":{"line":98,"column":4},"end":{"line":100,"column":null}},"type":"if","locations":[{"start":{"line":98,"column":4},"end":{"line":100,"column":null}},{"start":{},"end":{}}]},"10":{"loc":{"start":{"line":98,"column":8},"end":{"line":98,"column":80}},"type":"binary-expr","locations":[{"start":{"line":98,"column":8},"end":{"line":98,"column":23}},{"start":{"line":98,"column":27},"end":{"line":98,"column":80}}]},"11":{"loc":{"start":{"line":117,"column":97},"end":{"line":124,"column":null}},"type":"switch","locations":[{"start":{"line":117,"column":97},"end":{"line":119,"column":null}},{"start":{"line":119,"column":121},"end":{"line":120,"column":null}},{"start":{"line":120,"column":43},"end":{"line":123,"column":null}},{"start":{"line":123,"column":86},"end":{"line":124,"column":null}},{"start":{"line":124,"column":50},"end":{"line":124,"column":null}},{"start":{"line":124,"column":50},"end":{"line":124,"column":null}}]},"12":{"loc":{"start":{"line":117,"column":97},"end":{"line":118,"column":null}},"type":"if","locations":[{"start":{"line":117,"column":97},"end":{"line":118,"column":null}},{"start":{},"end":{}}]},"13":{"loc":{"start":{"line":120,"column":43},"end":{"line":122,"column":null}},"type":"if","locations":[{"start":{"line":120,"column":43},"end":{"line":122,"column":null}},{"start":{},"end":{}}]},"14":{"loc":{"start":{"line":137,"column":115},"end":{"line":139,"column":null}},"type":"switch","locations":[{"start":{"line":137,"column":115},"end":{"line":139,"column":null}},{"start":{"line":139,"column":102},"end":{"line":139,"column":null}},{"start":{"line":139,"column":102},"end":{"line":139,"column":null}}]},"15":{"loc":{"start":{"line":149,"column":78},"end":{"line":169,"column":null}},"type":"switch","locations":[{"start":{"line":149,"column":78},"end":{"line":154,"column":null}},{"start":{"line":154,"column":33},"end":{"line":157,"column":null}},{"start":{"line":157,"column":81},"end":{"line":169,"column":null}},{"start":{"line":169,"column":52},"end":{"line":169,"column":null}},{"start":{"line":169,"column":52},"end":{"line":169,"column":null}}]},"16":{"loc":{"start":{"line":160,"column":37},"end":{"line":160,"column":99}},"type":"binary-expr","locations":[{"start":{"line":160,"column":37},"end":{"line":160,"column":62}},{"start":{"line":160,"column":66},"end":{"line":160,"column":99}}]},"17":{"loc":{"start":{"line":160,"column":100},"end":{"line":162,"column":null}},"type":"if","locations":[{"start":{"line":160,"column":100},"end":{"line":162,"column":null}},{"start":{},"end":{}}]}},"s":{"0":1,"1":1,"2":1,"3":1,"4":1,"5":1,"6":1,"7":1,"8":17,"9":1,"10":160,"11":17,"12":1,"13":17,"14":17,"15":17,"16":2,"17":17,"18":17,"19":0,"20":16,"21":16,"22":16,"23":16,"24":16,"25":16,"26":16,"27":16,"28":16,"29":15,"30":12,"31":18,"32":3,"33":3,"34":9,"35":9,"36":12,"37":9,"38":9,"39":8,"40":8,"41":6,"42":28,"43":6,"44":14,"45":1,"46":15,"47":15,"48":11,"49":4,"50":1,"51":4,"52":1,"53":12,"54":13,"55":12,"56":1,"57":69,"58":12,"59":17,"60":7,"61":6,"62":12,"63":5,"64":5,"65":5,"66":5,"67":11,"68":1,"69":7,"70":1,"71":33,"72":7,"73":7,"74":7,"75":6,"76":1,"77":5,"78":1,"79":45,"80":5,"81":5,"82":5,"83":5,"84":5,"85":5,"86":5,"87":0,"88":5,"89":0,"90":5,"91":5,"92":5,"93":5,"94":1},"f":{"0":17,"1":1,"2":17,"3":63,"4":0,"5":12,"6":15,"7":13,"8":12,"9":1,"10":12,"11":23,"12":7,"13":1,"14":7,"15":13,"16":5,"17":1,"18":5,"19":20,"20":0},"b":{"0":[17,16,16,9,8,6,14,14],"1":[1,16],"2":[2,15],"3":[9,3],"4":[6,2],"5":[11,4],"6":[15,12,5,3],"7":[1,3],"8":[4,2],"9":[1,3],"10":[4,2],"11":[12,6,5,5,11,11],"12":[5,7],"13":[0,5],"14":[7,6,6],"15":[5,5,5,5,5],"16":[0,0],"17":[0,5]}}
,"/Users/zane/playground/ai-ready/src/lib/commands/list.js": {"path":"/Users/zane/playground/ai-ready/src/lib/commands/list.js","statementMap":{"0":{"start":{"line":1,"column":0},"end":{"line":1,"column":null}},"1":{"start":{"line":2,"column":0},"end":{"line":2,"column":null}},"2":{"start":{"line":3,"column":0},"end":{"line":3,"column":null}},"3":{"start":{"line":4,"column":0},"end":{"line":4,"column":null}},"4":{"start":{"line":5,"column":0},"end":{"line":5,"column":41}},"5":{"start":{"line":5,"column":41},"end":{"line":5,"column":null}},"6":{"start":{"line":17,"column":29},"end":{"line":17,"column":30}},"7":{"start":{"line":79,"column":0},"end":{"line":77,"column":null}},"8":{"start":{"line":17,"column":37},"end":{"line":75,"column":null}},"9":{"start":{"line":17,"column":37},"end":{"line":17,"column":null}},"10":{"start":{"line":17,"column":37},"end":{"line":20,"column":null}},"11":{"start":{"line":20,"column":101},"end":{"line":20,"column":117}},"12":{"start":{"line":20,"column":117},"end":{"line":20,"column":null}},"13":{"start":{"line":20,"column":12},"end":{"line":20,"column":26}},"14":{"start":{"line":20,"column":26},"end":{"line":20,"column":52}},"15":{"start":{"line":23,"column":10},"end":{"line":23,"column":null}},"16":{"start":{"line":26,"column":10},"end":{"line":26,"column":null}},"17":{"start":{"line":26,"column":47},"end":{"line":26,"column":null}},"18":{"start":{"line":26,"column":47},"end":{"line":33,"column":null}},"19":{"start":{"line":27,"column":10},"end":{"line":27,"column":38}},"20":{"start":{"line":36,"column":8},"end":{"line":36,"column":null}},"21":{"start":{"line":38,"column":4},"end":{"line":40,"column":null}},"22":{"start":{"line":39,"column":6},"end":{"line":39,"column":null}},"23":{"start":{"line":39,"column":35},"end":{"line":39,"column":90}},"24":{"start":{"line":43,"column":10},"end":{"line":43,"column":null}},"25":{"start":{"line":43,"column":22},"end":{"line":44,"column":null}},"26":{"start":{"line":44,"column":35},"end":{"line":44,"column":null}},"27":{"start":{"line":44,"column":15},"end":{"line":44,"column":27}},"28":{"start":{"line":44,"column":23},"end":{"line":45,"column":null}},"29":{"start":{"line":45,"column":53},"end":{"line":45,"column":null}},"30":{"start":{"line":45,"column":17},"end":{"line":45,"column":32}},"31":{"start":{"line":46,"column":14},"end":{"line":46,"column":null}},"32":{"start":{"line":47,"column":14},"end":{"line":48,"column":null}},"33":{"start":{"line":50,"column":8},"end":{"line":51,"column":null}},"34":{"start":{"line":51,"column":45},"end":{"line":51,"column":null}},"35":{"start":{"line":51,"column":45},"end":{"line":52,"column":null}},"36":{"start":{"line":52,"column":69},"end":{"line":52,"column":null}},"37":{"start":{"line":54,"column":8},"end":{"line":60,"column":null}},"38":{"start":{"line":60,"column":10},"end":{"line":60,"column":null}},"39":{"start":{"line":60,"column":10},"end":{"line":65,"column":null}},"40":{"start":{"line":65,"column":28},"end":{"line":65,"column":null}},"41":{"start":{"line":66,"column":6},"end":{"line":66,"column":null}},"42":{"start":{"line":66,"column":43},"end":{"line":66,"column":null}},"43":{"start":{"line":71,"column":4},"end":{"line":71,"column":null}},"44":{"start":{"line":71,"column":25},"end":{"line":71,"column":null}},"45":{"start":{"line":74,"column":4},"end":{"line":74,"column":null}},"46":{"start":{"line":75,"column":4},"end":{"line":75,"column":null}},"47":{"start":{"line":75,"column":19},"end":{"line":75,"column":null}},"48":{"start":{"line":77,"column":1},"end":{"line":77,"column":null}},"49":{"
[...]
kClonePreconditions","decl":{"start":{"line":247,"column":6},"end":{"line":247,"column":29}},"loc":{"start":{"line":247,"column":29},"end":{"line":247,"column":32}}}},"branchMap":{"0":{"loc":{"start":{"line":23,"column":0},"end":{"line":24,"column":null}},"type":"switch","locations":[{"start":{"line":23,"column":0},"end":{"line":24,"column":null}},{"start":{"line":24,"column":57},"end":{"line":24,"column":null}},{"start":{"line":24,"column":57},"end":{"line":24,"column":null}}]},"1":{"loc":{"start":{"line":40,"column":7},"end":{"line":48,"column":null}},"type":"switch","locations":[{"start":{"line":40,"column":7},"end":{"line":43,"column":null}},{"start":{"line":43,"column":23},"end":{"line":45,"column":null}},{"start":{"line":45,"column":15},"end":{"line":48,"column":null}},{"start":{"line":48,"column":16},"end":{"line":48,"column":null}},{"start":{"line":48,"column":16},"end":{"line":48,"column":null}}]},"2":{"loc":{"start":{"line":57,"column":39},"end":{"line":65,"column":null}},"type":"switch","locations":[{"start":{"line":57,"column":39},"end":{"line":60,"column":null}},{"start":{"line":60,"column":49},"end":{"line":62,"column":null}},{"start":{"line":62,"column":15},"end":{"line":65,"column":null}},{"start":{"line":65,"column":16},"end":{"line":65,"column":null}},{"start":{"line":65,"column":16},"end":{"line":65,"column":null}}]},"3":{"loc":{"start":{"line":76,"column":36},"end":{"line":124,"column":null}},"type":"switch","locations":[{"start":{"line":76,"column":36},"end":{"line":79,"column":null}},{"start":{"line":79,"column":60},"end":{"line":81,"column":null}},{"start":{"line":81,"column":29},"end":{"line":84,"column":null}},{"start":{"line":84,"column":23},"end":{"line":89,"column":null}},{"start":{"line":89,"column":30},"end":{"line":93,"column":null}},{"start":{"line":93,"column":5},"end":{"line":100,"column":null}},{"start":{"line":100,"column":54},"end":{"line":104,"column":null}},{"start":{"line":104,"column":52},"end":{"line":110,"column":null}},{"start":{"line":110,"column":5},"end":{"line":115,"column":null}},{"start":{"line":115,"column":64},"end":{"line":115,"column":null}},{"start":{"line":115,"column":64},"end":{"line":115,"column":null}},{"start":{"line":115,"column":64},"end":{"line":124,"column":null}},{"start":{"line":124,"column":5},"end":{"line":124,"column":null}},{"start":{"line":124,"column":5},"end":{"line":124,"column":null}}]},"4":{"loc":{"start":{"line":76,"column":45},"end":{"line":76,"column":50}},"type":"cond-expr","locations":[{"start":{"line":76,"column":45},"end":{"line":76,"column":48}},{"start":{"line":76,"column":48},"end":{"line":76,"column":50}}]},"5":{"loc":{"start":{"line":76,"column":45},"end":{"line":76,"column":48}},"type":"binary-expr","locations":[{"start":{"line":76,"column":45},"end":{"line":76,"column":48}},{"start":{"line":76,"column":45},"end":{"line":76,"column":48}}]},"6":{"loc":{"start":{"line":77,"column":17},"end":{"line":77,"column":29}},"type":"cond-expr","locations":[{"start":{"line":77,"column":20},"end":{"line":77,"column":24}},{"start":{"line":77,"column":24},"end":{"line":77,"column":29}}]},"7":{"loc":{"start":{"line":79,"column":26},"end":{"line":80,"column":null}},"type":"if","locations":[{"start":{"line":79,"column":26},"end":{"line":80,"column":null}},{"start":{},"end":{}}]},"8":{"loc":{"start":{"line":89,"column":30},"end":{"line":89,"column":null}},"type":"if","locations":[{"start":{"line":89,"column":30},"end":{"line":89,"column":null}},{"start":{},"end":{}}]},"9":{"loc":{"start":{"line":98,"column":25},"end":{"line":98,"column":56}},"type":"cond-expr","locations":[{"start":{"line":98,"column":35},"end":{"line":98,"column":51}},{"start":{"line":98,"column":54},"end":{"line":98,"column":56}}]},"10":{"loc":{"start":{"line":105,"column":22},"end":{"line":105,"column":46}},"type":"binary-expr","locations":[{"start":{"line":105,"column":22},"end":{"line":105,"column":38}},{"start":{"line":105,"column":42},"end":{"line":105,"column":46}}]},"11":{"loc":{"start":{"line":105,"column":22},"end":{"line":105,"column":38}},"type":"cond-expr","locations":[{"start":{"line":105,"column":32},"end":{"line":105,"column":34}},{"start":{"line":105,"column":22},"end":{"line":105,"column":38}}]},"12":{"loc":{"start":{"line":105,"column":22},"end":{"line":105,"column":34}},"type":"binary-expr","locations":[{"start":{"line":105,"column":22},"end":{"line":105,"column":34}},{"start":{"line":105,"column":32},"end":{"line":105,"column":34}}]},"13":{"loc":{"start":{"line":133,"column":37},"end":{"line":176,"column":null}},"type":"switch","locations":[{"start":{"line":133,"column":37},"end":{"line":135,"column":null}},{"start":{"line":135,"column":30},"end":{"line":139,"column":null}},{"start":{"line":139,"column":5},"end":{"line":145,"column":null}},{"start":{"line":145,"column":32},"end":{"line":149,"column":null}},{"start":{"line":149,"column":5},"end":{"line":156,"column":null}},{"start":{"line":156,"column":53},"end":{"line":160,"column":null}},{"start":{"line":160,"column":20},"end":{"line":163,"column":null}},{"start":{"line":163,"column":52},"end":{"line":170,"column":null}},{"start":{"line":170,"column":5},"end":{"line":176,"column":null}},{"start":{"line":176,"column":5},"end":{"line":176,"column":null}},{"start":{"line":176,"column":5},"end":{"line":176,"column":null}}]},"14":{"loc":{"start":{"line":135,"column":30},"end":{"line":135,"column":null}},"type":"if","locations":[{"start":{"line":135,"column":30},"end":{"line":135,"column":null}},{"start":{},"end":{}}]},"15":{"loc":{"start":{"line":145,"column":32},"end":{"line":145,"column":null}},"type":"if","locations":[{"start":{"line":145,"column":32},"end":{"line":145,"column":null}},{"start":{},"end":{}}]},"16":{"loc":{"start":{"line":157,"column":19},"end":{"line":157,"column":44}},"type":"cond-expr","locations":[{"start":{"line":157,"column":38},"end":{"line":157,"column":40}},{"start":{"line":157,"column":22},"end":{"line":157,"column":44}}]},"17":{"loc":{"start":{"line":157,"column":19},"end":{"line":157,"column":40}},"type":"binary-expr","locations":[{"start":{"line":157,"column":19},"end":{"line":157,"column":40}},{"start":{"line":157,"column":38},"end":{"line":157,"column":40}}]},"18":{"loc":{"start":{"line":164,"column":18},"end":{"line":164,"column":42}},"type":"cond-expr","locations":[{"start":{"line":164,"column":36},"end":{"line":164,"column":38}},{"start":{"line":164,"column":21},"end":{"line":164,"column":42}}]},"19":{"loc":{"start":{"line":164,"column":18},"end":{"line":164,"column":38}},"type":"binary-expr","locations":[{"start":{"line":164,"column":18},"end":{"line":164,"column":38}},{"start":{"line":164,"column":36},"end":{"line":164,"column":38}}]},"20":{"loc":{"start":{"line":169,"column":18},"end":{"line":169,"column":null}},"type":"binary-expr","locations":[{"start":{"line":169,"column":18},"end":{"line":169,"column":26}},{"start":{"line":169,"column":30},"end":{"line":169,"column":null}}]},"21":{"loc":{"start":{"line":185,"column":37},"end":{"line":202,"column":null}},"type":"switch","locations":[{"start":{"line":185,"column":37},"end":{"line":189,"column":null}},{"start":{"line":189,"column":62},"end":{"line":191,"column":null}},{"start":{"line":191,"column":29},"end":{"line":196,"column":null}},{"start":{"line":196,"column":31},"end":{"line":202,"column":null}},{"start":{"line":202,"column":5},"end":{"line":202,"column":null}},{"start":{"line":202,"column":5},"end":{"line":202,"column":null}}]},"22":{"loc":{"start":{"line":191,"column":29},"end":{"line":194,"column":null}},"type":"if","locations":[{"start":{"line":191,"column":29},"end":{"line":194,"column":null}},{"start":{},"end":{}}]},"23":{"loc":{"start":{"line":211,"column":37},"end":{"line":222,"column":null}},"type":"switch","locations":[{"start":{"line":211,"column":37},"end":{"line":213,"column":null}},{"start":{"line":213,"column":45},"end":{"line":218,"column":null}},{"start":{"line":218,"column":5},"end":{"line":222,"column":null}},{"start":{"line":222,"column":30},"end":{"line":222,"column":null}},{"start":{"line":222,"column":30},"end":{"line":222,"column":null}},{"start":{"line":222,"column":30},"end":{"line":222,"column":null}}]},"24":{"loc":{"start":{"line":213,"column":20},"end":{"line":214,"column":null}},"type":"if","locations":[{"start":{"line":213,"column":20},"end":{"line":214,"column":null}},{"start":{},"end":{}}]},"25":{"loc":{"start":{"line":230,"column":46},"end":{"line":243,"column":null}},"type":"switch","locations":[{"start":{"line":230,"column":46},"end":{"line":231,"column":null}},{"start":{"line":231,"column":32},"end":{"line":232,"column":null}},{"start":{"line":232,"column":15},"end":{"line":238,"column":null}},{"start":{"line":238,"column":47},"end":{"line":240,"column":null}},{"start":{"line":240,"column":35},"end":{"line":243,"column":null}},{"start":{"line":243,"column":15},"end":{"line":243,"column":null}},{"start":{"line":243,"column":15},"end":{"line":243,"column":null}}]},"26":{"loc":{"start":{"line":231,"column":32},"end":{"line":231,"column":null}},"type":"if","locations":[{"start":{"line":231,"column":32},"end":{"line":231,"column":null}},{"start":{},"end":{}}]},"27":{"loc":{"start":{"line":240,"column":11},"end":{"line":240,"column":35}},"type":"binary-expr","locations":[{"start":{"line":240,"column":11},"end":{"line":240,"column":27}},{"start":{"line":240,"column":31},"end":{"line":240,"column":35}}]},"28":{"loc":{"start":{"line":240,"column":11},"end":{"line":240,"column":27}},"type":"cond-expr","locations":[{"start":{"line":240,"column":21},"end":{"line":240,"column":23}},{"start":{"line":240,"column":11},"end":{"line":240,"column":27}}]},"29":{"loc":{"start":{"line":240,"column":11},"end":{"line":240,"column":23}},"type":"binary-expr","locations":[{"start":{"line":240,"column":11},"end":{"line":240,"column":23}},{"start":{"line":240,"column":21},"end":{"line":240,"column":23}}]},"30":{"loc":{"start":{"line":247,"column":32},"end":{"line":272,"column":null}},"type":"switch","locations":[{"start":{"line":247,"column":32},"end":{"line":249,"column":null}},{"start":{"line":249,"column":30},"end":{"line":253,"column":null}},{"start":{"line":253,"column":5},"end":{"line":258,"column":null}},{"start":{"line":258,"column":51},"end":{"line":264,"column":null}},{"start":{"line":264,"column":7},"end":{"line":264,"column":null}},{"start":{"line":264,"column":7},"end":{"line":269,"column":74}},{"start":{"line":269,"column":74},"end":{"line":272,"column":null}},{"start":{"line":272,"column":13},"end":{"line":272,"column":null}},{"start":{"line":272,"column":13},"end":{"line":272,"column":null}}]},"31":{"loc":{"start":{"line":249,"column":30},"end":{"line":249,"column":null}},"type":"if","locations":[{"start":{"line":249,"column":30},"end":{"line":249,"column":null}},{"start":{},"end":{}}]},"32":{"loc":{"start":{"line":259,"column":39},"end":{"line":260,"column":null}},"type":"if","locations":[{"start":{"line":259,"column":39},"end":{"line":260,"column":null}},{"start":{},"end":{}}]}},"s":{"0":11,"1":11,"2":11,"3":11,"4":11,"5":11,"6":11,"7":11,"8":11,"9":11,"10":0,"11":0,"12":0,"13":0,"14":0,"15":0,"16":0,"17":0,"18":0,"19":0,"20":0,"21":0,"22":0,"23":0,"24":0,"25":0,"26":0,"27":0,"28":0,"29":0,"30":0,"31":0,"32":0,"33":0,"34":0,"35":0,"36":0,"37":0,"38":0,"39":0,"40":0,"41":0,"42":0,"43":0,"44":0,"45":0,"46":0,"47":0,"48":0,"49":0,"50":0,"51":0,"52":0,"53":0,"54":0,"55":0,"56":0,"57":0,"58":0,"59":0,"60":0,"61":0,"62":0,"63":0,"64":0,"65":0,"66":0,"67":0,"68":0,"69":0,"70":0,"71":0,"72":0,"73":0,"74":0,"75":0,"76":0,"77":0,"78":0,"79":0,"80":0,"81":0,"82":0,"83":0,"84":0,"85":0,"86":0,"87":0,"88":0,"89":0,"90":0,"91":0,"92":0,"93":0,"94":0,"95":0,"96":0,"97":0,"98":0,"99":0,"100":0,"101":0,"102":0,"103":0,"104":0,"105":0,"106":0,"107":0,"108":0,"109":0,"110":0,"111":0,"112":0,"113":0,"114":0,"115":0,"116":0,"117":0,"118":0,"119":0,"120":0,"121":0,"122":0,"123":0,"124":0,"125":0,"126":0,"127":0,"128":0,"129":0,"130":0,"131":0,"132":0,"133":0,"134":0,"135":0,"136":0,"137":0,"138":0,"139":0,"140":0,"141":0,"142":0,"143":0,"144":0,"145":0,"146":0,"147":0,"148":0,"149":0,"150":11,"151":11,"152":0,"153":0,"154":0,"155":0,"156":0,"157":0,"158":0,"159":0,"160":0,"161":0,"162":0,"163":0,"164":0,"165":0,"166":0,"167":0,"168":0,"169":11},"f":{"0":0,"1":0,"2":0,"3":0,"4":0,"5":0,"6":0,"7":0,"8":0,"9":0,"10":0,"11":0,"12":0,"13":0,"14":0,"15":0,"16":0,"17":0,"18":0,"19":0,"20":0,"21":0,"22":0,"23":0,"24":0,"25":0,"26":0,"27":0,"28":0,"29":0,"30":0,"31":11,"32":0,"33":0},"b":{"0":[0,0,0],"1":[0,0,0,0,0],"2":[0,0,0,0,0],"3":[0,0,0,0,0,0,0,0,0,0,0,0,0,0],"4":[0,0],"5":[0,0],"6":[0,0],"7":[0,0],"8":[0,0],"9":[0,0],"10":[0,0],"11":[0,0],"12":[0,0],"13":[0,0,0,0,0,0,0,0,0,0,0],"14":[0,0],"15":[0,0],"16":[0,0],"17":[0,0],"18":[0,0],"19":[0,0],"20":[0,0],"21":[0,0,0,0,0,0],"22":[0,0],"23":[0,0,0,0,0,0],"24":[0,0],"25":[0,0,0,0,0,0,0],"26":[0,0],"27":[0,0],"28":[0,0],"29":[0,0],"30":[0,0,0,0,0,0,0,0,0],"31":[0,0],"32":[0,0]}}
,"/Users/zane/playground/ai-ready/src/lib/utils/git.js": {"path":"/Users/zane/playground/ai-ready/src/lib/utils/git.js","statementMap":{"0":{"start":{"line":1,"column":0},"end":{"line":1,"column":23}},"1":{"start":{"line":1,"column":23},"end":{"line":1,"column":null}},"2":{"start":{"line":16,"column":37},"end":{"line":16,"column":38}},"3":{"start":{"line":16,"column":37},"end":{"line":39,"column":null}},"4":{"start":{"line":16,"column":45},"end":{"line":37,"column":null}},"5":{"start":{"line":16,"column":45},"end":{"line":16,"column":null}},"6":{"start":{"line":19,"column":10},"end":{"line":19,"column":null}},"7":{"start":{"line":19,"column":47},"end":{"line":19,"column":null}},"8":{"start":{"line":19,"column":47},"end":{"line":21,"column":null}},"9":{"start":{"line":21,"column":53},"end":{"line":21,"column":null}},"10":{"start":{"line":21,"column":12},"end":{"line":21,"column":38}},"11":{"start":{"line":21,"column":20},"end":{"line":21,"column":38}},"12":{"start":{"line":21,"column":20},"end":{"line":22,"column":null}},"13":{"start":{"line":22,"column":45},"end":{"line":22,"column":null}},"14":{"start":{"line":22,"column":12},"end":{"line":22,"column":39}},"15":{"start":{"line":23,"column":10},"end":{"line":23,"column":null}},"16":{"start":{"line":23,"column":45},"end":{"line":23,"column":null}},"17":{"start":{"line":23,"column":45},"end":{"line":27,"column":null}},"18":{"start":{"line":27,"column":6},"end":{"line":27,"column":null}},"19":{"start":{"line":25,"column":12},"end":{"line":25,"column":29}},"20":{"start":{"line":25,"column":18},"end":{"line":29,"column":null}},"21":{"start":{"line":29,"column":24},"end":{"line":29,"column":null}},"22":{"start":{"line":29,"column":24},"end":{"line":37,"column":null}},"23":{"start":{"line":37,"column":20},"end":{"line":37,"column":null}},"24":{"start":{"line":39,"column":1},"end":{"line":39,"column":null}}},"fnMap":{"0":{"name":"_interopRequireWildcard","decl":{"start":{"line":1,"column":23},"end":{"line":1,"column":null}},"loc":{"start":{"line":1,"column":23},"end":{"line":1,"column":null}}},"1":{"name":"getGitCommitSha","decl":{"start":{"line":16,"column":22},"end":{"line":16,"column":37}},"loc":{"start":{"line":16,"column":37},"end":{"line":16,"column":38}}},"2":{"name":"_getGitCommitSha","decl":{"start":{"line":16,"column":37},"end":{"line":16,"column":38}},"loc":{"start":{"line":16,"column":37},"end":{"line":39,"column":null}}},"3":{"name":"_callee","decl":{"start":{"line":16,"column":7},"end":{"line":16,"column":22}},"loc":{"start":{"line":16,"column":45},"end":{"line":37,"column":null}}},"4":{"name":"(anonymous_5)","decl":{"start":{"line":16,"column":45},"end":{"line":16,"column":null}},"loc":{"start":{"line":16,"column":45},"end":{"line":37,"column":null}}},"5":{"name":"(anonymous_6)","decl":{"start":{"line":19,"column":47},"end":{"line":19,"column":null}},"loc":{"start":{"line":19,"column":47},"end":{"line":21,"column":null}}},"6":{"name":"(anonymous_7)","decl":{"start":{"line":21,"column":20},"end":{"line":21,"column":38}},"loc":{"start":{"line":21,"column":20},"end":{"line":22,"column":null}}}},"branchMap":{"0":{"loc":{"start":{"line":1,"column":23},"end":{"line":1,"column":null}},"type":"if","locations":[{"start":{"line":1,"column":23},"end":{"line":1,"column":null}},{"start":{},"end":{}}]},"1":{"loc":{"start":{"line":1,"column":23},"end":{"line":1,"column":null}},"type":"binary-expr","locations":[{"start":{"line":1,"column":23},"end":{"line":1,"column":null}},{"start":{"line":1,"column":23},"end":{"line":1,"column":null}},{"start":{"line":1,"column":23},"end":{"line":1,"column":null}}]},"2":{"loc":{"start":{"line":1,"column":23},"end":{"line":1,"column":null}},"type":"cond-expr","locations":[{"start":{"line":1,"column":23},"end":{"line":1,"column":null}},{"start":{"line":1,"column":23},"end":{"line":1,"column":null}}]},"3":{"loc":{"start":{"line":16,"column":45},"end":{"line":37,"column":null}},"type":"switch","locations":[{"start":{"line":16,"column":45},"end":{"line":21,"column":null}},{"start":{"line":21,"column":53},"end":{"line":22,"column":null}},{"start":{"line":22,"column":45},"end":{"line":27,"column":null}},{"start":{"line":27,"column":6},"end":{"line":29,"column":null}},{"start":{"line":29,"column":24},"end":{"line":37,"column":null}},{"start":{"line":37,"column":20},"end":{"line":37,"column":null}},{"start":{"line":37,"column":20},"end":{"line":37,"column":null}}]}},"s":{"0":5,"1":110,"2":5,"3":1,"4":45,"5":5,"6":5,"7":5,"8":10,"9":5,"10":5,"11":5,"12":10,"13":5,"14":5,"15":5,"16":5,"17":5,"18":0,"19":0,"20":0,"21":10,"22":5,"23":0,"24":1},"f":{"0":11,"1":5,"2":1,"3":5,"4":20,"5":5,"6":5},"b":{"0":[19,22],"1":[104,104,91],"2":[45,91],"3":[5,5,5,0,5,0,0]}}
,"/Users/zane/playground/ai-ready/src/lib/utils/parse-library-integration.js": {"path":"/Users/zane/playground/ai-ready/src/lib/utils/parse-library-integration.js","statementMap":{"0":{"start":{"line":7,"column":2},"end":{"line":9,"column":null}},"1":{"start":{"line":8,"column":4},"end":{"line":8,"column":null}},"2":{"start":{"line":11,"column":16},"end":{"line":11,"column":32}},"3":{"start":{"line":14,"column":2},"end":{"line":26,"column":null}},"4":{"start":{"line":15,"column":4},"end":{"line":18,"column":null}},"5":{"start":{"line":17,"column":6},"end":{"line":17,"column":null}},"6":{"start":{"line":19,"column":4},"end":{"line":22,"column":null}},"7":{"start":{"line":21,"column":6},"end":{"line":21,"column":null}},"8":{"start":{"line":25,"column":4},"end":{"line":25,"column":null}},"9":{"start":{"line":29,"column":2},"end":{"line":32,"column":null}},"10":{"start":{"line":31,"column":4},"end":{"line":31,"column":null}},"11":{"start":{"line":35,"column":2},"end":{"line":35,"column":null}}},"fnMap":{"0":{"name":"parseLibraryIntegration","decl":{"start":{"line":6,"column":16},"end":{"line":6,"column":39}},"loc":{"start":{"line":6,"column":47},"end":{"line":36,"column":null}}}},"branchMap":{"0":{"loc":{"start":{"line":7,"column":2},"end":{"line":9,"column":null}},"type":"if","locations":[{"start":{"line":7,"column":2},"end":{"line":9,"column":null}},{"start":{},"end":{}}]},"1":{"loc":{"start":{"line":14,"column":2},"end":{"line":26,"column":null}},"type":"if","locations":[{"start":{"line":14,"column":2},"end":{"line":26,"column":null}},{"start":{},"end":{}}]},"2":{"loc":{"start":{"line":15,"column":4},"end":{"line":18,"column":null}},"type":"if","locations":[{"start":{"line":15,"column":4},"end":{"line":18,"column":null}},{"start":{},"end":{}}]},"3":{"loc":{"start":{"line":19,"column":4},"end":{"line":22,"column":null}},"type":"if","locations":[{"start":{"line":19,"column":4},"end":{"line":22,"column":null}},{"start":{},"end":{}}]},"4":{"loc":{"start":{"line":29,"column":2},"end":{"line":32,"column":null}},"type":"if","locations":[{"start":{"line":29,"column":2},"end":{"line":32,"column":null}},{"start":{},"end":{}}]}},"s":{"0":60,"1":6,"2":54,"3":54,"4":7,"5":1,"6":6,"7":1,"8":5,"9":47,"10":8,"11":39},"f":{"0":60},"b":{"0":[6,54],"1":[7,47],"2":[1,6],"3":[1,5],"4":[8,39]}}
}
